0: X: -0.210723, Y: -0.537041, Z: 0.816812
1: X: -0.395908, Y: -0.243292, Z: 0.885475
2: X: -0.590655, Y: 0.218631, Z: 0.776742
3: X: -0.625818, Y: 0.624460, Z: 0.467335
4: X: -0.493952, Y: 0.868633, Z: 0.038570
5: X: -0.229267, Y: 0.888037, Z: -0.398532
6: X: 0.100850, Y: 0.676373, Z: -0.729622
7: X: 0.411398, Y: 0.287475, Z: -0.864934
8: X: 0.620883, Y: -0.177360, Z: -0.763576
9: X: 0.668480, Y: -0.595277, Z: -0.445848
10: X: 0.530261, Y: -0.847834, Z: 0.000601
11: X: 0.248337, Y: -0.861541, Z: 0.442804
12: X: -0.269535, Y: -0.513415, Z: 0.814712
13: X: -0.373984, Y: -0.273240, Z: 0.886271
14: X: -0.540950, Y: 0.203694, Z: 0.816016
15: X: -0.569475, Y: 0.625731, Z: 0.533065
16: X: -0.452454, Y: 0.884787, Z: 0.111525
17: X: -0.219142, Y: 0.915030, Z: -0.338670
18: X: 0.071791, Y: 0.710165, Z: -0.700365
19: X: 0.347610, Y: 0.323784, Z: -0.879961
20: X: 0.538549, Y: -0.148149, Z: -0.829468
21: X: 0.586839, Y: -0.591920, Z: -0.552495
22: X: 0.458580, Y: -0.881799, Z: -0.110154
23: X: 0.195166, Y: -0.911436, Z: 0.362208
24: X: -0.300444, Y: -0.473752, Z: 0.827824
25: X: -0.359907, Y: -0.215356, Z: 0.907793
26: X: -0.439520, Y: 0.283499, Z: 0.852320
27: X: -0.408957, Y: 0.708192, Z: 0.575516
28: X: -0.274953, Y: 0.949775, Z: 0.149430
29: X: -0.070310, Y: 0.946525, Z: -0.314875
30: X: 0.154313, Y: 0.700614, Z: -0.696654
31: X: 0.343704, Y: 0.275946, Z: -0.897620
32: X: 0.449701, Y: -0.223090, Z: -0.864870
33: X: 0.431779, Y: -0.678411, Z: -0.594413
34: X: 0.271314, Y: -0.952203, Z: -0.140351
35: X: 0.036520, Y: -0.936736, Z: 0.348126
36: X: -0.306537, Y: -0.441451, Z: 0.843301
37: X: -0.311729, Y: -0.175110, Z: 0.933896
38: X: -0.295026, Y: 0.330246, Z: 0.896603
39: X: -0.206254, Y: 0.751019, Z: 0.627240
40: X: -0.066018, Y: 0.978481, Z: 0.195492
41: X: 0.091751, Y: 0.953751, Z: -0.286253
42: X: 0.228619, Y: 0.683813, Z: -0.692916
43: X: 0.311195, Y: 0.237810, Z: -0.920111
44: X: 0.315526, Y: -0.275529, Z: -0.908035
45: X: 0.222095, Y: -0.732601, Z: -0.643404
46: X: 0.044304, Y: -0.983314, Z: -0.176442
47: X: -0.129863, Y: -0.935259, Z: 0.329280
48: X: -0.293450, Y: -0.424122, Z: 0.856743
49: X: -0.238872, Y: -0.164460, Z: 0.957023
50: X: -0.122628, Y: 0.328606, Z: 0.936472
51: X: 0.021683, Y: 0.738535, Z: 0.673866
52: X: 0.159533, Y: 0.958378, Z: 0.236773
53: X: 0.257468, Y: 0.930282, Z: -0.261316
54: X: 0.291722, Y: 0.661035, Z: -0.691326
55: X: 0.252879, Y: 0.218532, Z: -0.942495
56: X: 0.143444, Y: -0.288440, Z: -0.946692
57: X: -0.024592, Y: -0.729665, Z: -0.683362
58: X: -0.194771, Y: -0.958272, Z: -0.209234
59: X: -0.289309, Y: -0.905734, Z: 0.309752
60: X: -0.270877, Y: -0.423095, Z: 0.864648
61: X: -0.158051, Y: -0.185212, Z: 0.969905
62: X: 0.053026, Y: 0.276844, Z: 0.959451
63: X: 0.247743, Y: 0.669149, Z: 0.700616
64: X: 0.378179, Y: 0.888521, Z: 0.259829
65: X: 0.412090, Y: 0.876538, Z: -0.248725
66: X: 0.340840, Y: 0.635056, Z: -0.693204
67: X: 0.179752, Y: 0.224734, Z: -0.957697
68: X: -0.038135, Y: -0.250626, Z: -0.967333
69: X: -0.261810, Y: -0.662331, Z: -0.701978
70: X: -0.410615, Y: -0.882518, Z: -0.229252
71: X: -0.430186, Y: -0.853012, Z: 0.295484
72: X: -0.246627, Y: -0.434703, Z: 0.866146
73: X: -0.083908, Y: -0.229582, Z: 0.969666
74: X: 0.209421, Y: 0.187218, Z: 0.959735
75: X: 0.446504, Y: 0.556896, Z: 0.700358
76: X: 0.567600, Y: 0.781759, Z: 0.258233
77: X: 0.541979, Y: 0.801688, Z: -0.252100
78: X: 0.375291, Y: 0.610088, Z: -0.697818
79: X: 0.106961, Y: 0.255381, Z: -0.960906
80: X: -0.198814, Y: -0.170391, Z: -0.965111
81: X: -0.459430, Y: -0.550604, Z: -0.696965
82: X: -0.588505, Y: -0.775026, Z: -0.230212
83: X: -0.546977, Y: -0.784654, Z: 0.291776
84: X: -0.224314, Y: -0.454441, Z: 0.862071
85: X: -0.023261, Y: -0.287061, Z: 0.957630
86: X: 0.335355, Y: 0.077053, Z: 0.938935
87: X: 0.605071, Y: 0.422137, Z: 0.675048
88: X: 0.716772, Y: 0.656802, Z: 0.234199
89: X: 0.641471, Y: 0.718395, Z: -0.269116
90: X: 0.397333, Y: 0.589583, Z: -0.703220
91: X: 0.044807, Y: 0.302983, Z: -0.951942
92: X: -0.326278, Y: -0.066241, Z: -0.942950
93: X: -0.612992, Y: -0.417555, Z: -0.670737
94: X: -0.727564, Y: -0.652666, Z: -0.211371
95: X: -0.638418, Y: -0.708678, Z: 0.300328
96: X: -0.204805, Y: -0.479539, Z: 0.853286
97: X: 0.023513, Y: -0.350358, Z: 0.936321
98: X: 0.430573, Y: -0.040627, Z: 0.901641
99: X: 0.723655, Y: 0.280535, Z: 0.630574
100: X: 0.826869, Y: 0.528003, Z: 0.193648
101: X: 0.713069, Y: 0.635874, Z: -0.295289
102: X: 0.410564, Y: 0.574833, Z: -0.707817
103: X: -0.003813, Y: 0.359945, Z: -0.932966
104: X: -0.421774, Y: 0.047547, Z: -0.905454
105: X: -0.727488, Y: -0.277951, Z: -0.627300
106: X: -0.831552, Y: -0.526834, Z: -0.175975
107: X: -0.706255, Y: -0.631809, Z: 0.319406
108: X: -0.188257, Y: -0.509069, Z: 0.839886
109: X: 0.058477, Y: -0.416490, Z: 0.907258
110: X: 0.499710, Y: -0.159888, Z: 0.851308
111: X: 0.808581, Y: 0.139385, Z: 0.571637
112: X: 0.904678, Y: 0.401964, Z: 0.141363
113: X: 0.762595, Y: 0.558051, Z: -0.327150
114: X: 0.418274, Y: 0.565736, Z: -0.710627
115: X: -0.039731, Y: 0.422020, Z: -0.905716
116: X: -0.490601, Y: 0.164231, Z: -0.855768
117: X: -0.809899, Y: -0.138437, Z: -0.569998
118: X: -0.906218, Y: -0.403103, Z: -0.127579
119: X: -0.754168, Y: -0.557852, Z: 0.346456
120: X: -0.175228, Y: -0.543194, Z: 0.821119
121: X: 0.083264, Y: -0.485369, Z: 0.870336
122: X: 0.547163, Y: -0.279920, Z: 0.788833
123: X: 0.866076, Y: -0.000161, Z: 0.499913
124: X: 0.956816, Y: 0.279668, Z: 0.079308
125: X: 0.795402, Y: 0.485268, Z: -0.363112
126: X: 0.423005, Y: 0.561732, Z: -0.711003
127: X: -0.064154, Y: 0.487893, Z: -0.870543
128: X: -0.537236, Y: 0.282318, Z: -0.794779
129: X: -0.865937, Y: -0.000242, Z: -0.500154
130: X: -0.956795, Y: -0.282675, Z: -0.068097
131: X: -0.785948, Y: -0.488017, Z: 0.379637
132: X: -0.167056, Y: -0.582479, Z: 0.795494
133: X: 0.097992, Y: -0.558168, Z: 0.823921
134: X: 0.574794, Y: -0.402235, Z: 0.712614
135: X: 0.899387, Y: -0.139721, Z: 0.414223
136: X: 0.987152, Y: 0.159632, Z: 0.006957
137: X: 0.814973, Y: 0.416391, Z: -0.403037
138: X: 0.426852, Y: 0.562237, Z: -0.708298
139: X: -0.077014, Y: 0.557702, Z: -0.826460
140: X: -0.563517, Y: 0.402702, Z: -0.721304
141: X: -0.898488, Y: 0.137923, Z: -0.416770
142: X: -0.986358, Y: -0.164590, Z: 0.002752
143: X: -0.804217, Y: -0.422136, Z: 0.418374
144: X: -0.166002, Y: -0.627306, Z: 0.760875
145: X: 0.100804, Y: -0.636027, Z: 0.765055
146: X: 0.581119, Y: -0.528325, Z: 0.619010
147: X: 0.907901, Y: -0.280917, Z: 0.311130
148: X: 0.996127, Y: 0.040345, Z: -0.078125
149: X: 0.822649, Y: 0.350252, Z: -0.447853
150: X: 0.431660, Y: 0.566643, Z: -0.701844
151: X: -0.076502, Y: 0.631599, Z: -0.771512
152: X: -0.568165, Y: 0.526315, Z: -0.632598
153: X: -0.907003, Y: 0.277324, Z: -0.316919
154: X: -0.995044, Y: -0.047953, Z: 0.087114
155: X: -0.809875, Y: -0.360066, Z: 0.463093
156: X: -0.175272, Y: -0.677122, Z: 0.714693
157: X: 0.087620, Y: -0.718582, Z: 0.689900
158: X: 0.561096, Y: -0.657178, Z: 0.503278
159: X: 0.887023, Y: -0.422571, Z: 0.186076
160: X: 0.980744, Y: -0.077364, Z: -0.179321
161: X: 0.817684, Y: 0.286953, Z: -0.499050
162: X: 0.439013, Y: 0.574245, Z: -0.691021
163: X: -0.059205, Y: 0.708393, Z: -0.703331
164: X: -0.547013, Y: 0.651950, Z: -0.525108
165: X: -0.887576, Y: 0.416718, Z: -0.196355
166: X: -0.979891, Y: 0.065735, Z: 0.188393
167: X: -0.802031, Y: -0.303119, Z: 0.514651
168: X: -0.198621, Y: -0.729423, Z: 0.654593
169: X: 0.052553, Y: -0.801920, Z: 0.595116
170: X: 0.507188, Y: -0.782169, Z: 0.361900
171: X: 0.829502, Y: -0.557347, Z: 0.035930
172: X: 0.935682, Y: -0.187532, Z: -0.298884
173: X: 0.797749, Y: 0.229477, Z: -0.557617
174: X: 0.449944, Y: 0.584358, Z: -0.675334
175: X: -0.021066, Y: 0.784261, Z: -0.620073
176: X: -0.494209, Y: 0.774034, Z: -0.395763
177: X: -0.833963, Y: 0.549478, Z: -0.050794
178: X: -0.935582, Y: 0.169746, Z: 0.309633
179: X: -0.778731, Y: -0.255570, Z: 0.572941
180: X: -0.238830, Y: -0.778920, Z: 0.579865
181: X: -0.009560, Y: -0.876759, Z: 0.480836
182: X: 0.413690, Y: -0.888870, Z: 0.196902
183: X: 0.730158, Y: -0.669507, Z: -0.136493
184: X: 0.857099, Y: -0.277064, Z: -0.434301
185: X: 0.760811, Y: 0.185184, Z: -0.621992
186: X: 0.464418, Y: 0.597121, Z: -0.654035
187: X: 0.040159, Y: 0.852615, Z: -0.520994
188: X: -0.405268, Y: 0.881354, Z: -0.242843
189: X: -0.740372, Y: 0.661013, Z: 0.122110
190: X: -0.857562, Y: 0.249905, Z: 0.449593
191: X: -0.739611, Y: -0.224966, Z: 0.634323
192: X: -0.295172, Y: -0.818627, Z: 0.492669
193: X: -0.097836, Y: -0.930454, Z: 0.353105
194: X: 0.284279, Y: -0.958554, Z: 0.018946
195: X: 0.593830, Y: -0.738653, Z: -0.318995
196: X: 0.749276, Y: -0.328602, Z: -0.574983
197: X: 0.709189, Y: 0.164592, Z: -0.685537
198: X: 0.482131, Y: 0.614041, Z: -0.624902
199: X: 0.122460, Y: 0.905515, Z: -0.406259
200: X: -0.281177, Y: 0.957348, Z: -0.066509
201: X: -0.606809, Y: 0.728620, Z: 0.317640
202: X: -0.749322, Y: 0.287834, Z: 0.596379
203: X: -0.689918, Y: -0.218814, Z: 0.690024
204: X: -0.362274, Y: -0.843175, Z: 0.397258
205: X: -0.202292, Y: -0.953841, Z: 0.221957
206: X: 0.135754, Y: -0.978415, Z: -0.155802
207: X: 0.439492, Y: -0.750812, Z: -0.493080
208: X: 0.628568, Y: -0.329940, Z: -0.704303
209: X: 0.652737, Y: 0.175465, Z: -0.736985
210: X: 0.504338, Y: 0.636337, Z: -0.583712
211: X: 0.218739, Y: 0.935404, Z: -0.277800
212: X: -0.133993, Y: 0.983162, Z: 0.124255
213: X: -0.449453, Y: 0.732348, Z: 0.511526
214: X: -0.629955, Y: 0.275188, Z: 0.726243
215: X: -0.641387, Y: -0.238142, Z: 0.729322
216: X: -0.432625, Y: -0.850997, Z: 0.297725
217: X: -0.308054, Y: -0.946529, Z: 0.095844
218: X: -0.008473, Y: -0.949490, Z: -0.313682
219: X: 0.293518, Y: -0.707709, Z: -0.642647
220: X: 0.518130, Y: -0.282942, Z: -0.807146
221: X: 0.606128, Y: 0.215892, Z: -0.765506
222: X: 0.533899, Y: 0.661404, Z: -0.526780
223: X: 0.318234, Y: 0.937208, Z: -0.142715
224: X: 0.011074, Y: 0.952688, Z: 0.303747
225: X: -0.301647, Y: 0.678661, Z: 0.669648
226: X: -0.525260, Y: 0.222851, Z: 0.821242
227: X: -0.605648, Y: -0.276367, Z: 0.746198
228: X: -0.500111, Y: -0.843176, Z: 0.197340
229: X: -0.402972, Y: -0.914966, Z: -0.021219
230: X: -0.129829, Y: -0.884346, Z: -0.448416
231: X: 0.176771, Y: -0.625044, Z: -0.760311
232: X: 0.436216, Y: -0.202944, Z: -0.876658
233: X: 0.580589, Y: 0.273915, Z: -0.766738
234: X: 0.571883, Y: 0.682614, Z: -0.454960
235: X: 0.410012, Y: 0.912002, Z: -0.011929
236: X: 0.131698, Y: 0.882399, Z: 0.451694
237: X: -0.186924, Y: 0.592204, Z: 0.783807
238: X: -0.449862, Y: 0.147887, Z: 0.880769
239: X: -0.588401, Y: -0.324262, Z: 0.740701
240: X: -0.561014, Y: -0.821768, Z: 0.099810
241: X: -0.481044, Y: -0.867362, Z: -0.127588
242: X: -0.220452, Y: -0.799033, Z: -0.559417
243: X: 0.097218, Y: -0.523107, Z: -0.846704
244: X: 0.388846, Y: -0.109812, Z: -0.914735
245: X: 0.578341, Y: 0.334622, Z: -0.744009
246: X: 0.615561, Y: 0.693841, Z: -0.373724
247: X: 0.487155, Y: 0.866729, Z: 0.107052
248: X: 0.220898, Y: 0.792790, Z: 0.568056
249: X: -0.109397, Y: 0.491989, Z: 0.863701
250: X: -0.405757, Y: 0.064321, Z: 0.911715
251: X: -0.589377, Y: -0.372895, Z: 0.716647
252: X: -0.613684, Y: -0.789492, Z: 0.009714
253: X: -0.541578, Y: -0.810886, Z: -0.221714
254: X: -0.281876, Y: -0.707188, Z: -0.648406
255: X: 0.051363, Y: -0.418856, Z: -0.906599
256: X: 0.371152, Y: -0.019708, Z: -0.928363
257: X: 0.593918, Y: 0.386840, Z: -0.705419
258: X: 0.660004, Y: 0.692639, Z: -0.290940
259: X: 0.547504, Y: 0.809952, Z: 0.210280
260: X: 0.281229, Y: 0.698380, Z: 0.658161
261: X: -0.063954, Y: 0.391543, Z: 0.917934
262: X: -0.387935, Y: -0.016201, Z: 0.921545
263: X: -0.604350, Y: -0.414858, Z: 0.680187
264: X: -0.657806, Y: -0.750062, Z: -0.068549
265: X: -0.586848, Y: -0.751408, Z: -0.301653
266: X: -0.320536, Y: -0.618478, Z: -0.717455
267: X: 0.030012, Y: -0.323360, Z: -0.945800
268: X: 0.373250, Y: 0.057822, Z: -0.925927
269: X: 0.619051, Y: 0.425418, Z: -0.660148
270: X: 0.700869, Y: 0.680423, Z: -0.214028
271: X: 0.592448, Y: 0.749284, Z: 0.295936
272: X: 0.319202, Y: 0.608561, Z: 0.726473
273: X: -0.041817, Y: 0.300162, Z: 0.952971
274: X: -0.388077, Y: -0.085777, Z: 0.917627
275: X: -0.627296, Y: -0.445916, Z: 0.638481
276: X: -0.693977, Y: -0.707755, Z: -0.132205
277: X: -0.620308, Y: -0.693634, Z: -0.366183
278: X: -0.343989, Y: -0.538772, Z: -0.769023
279: X: 0.023263, Y: -0.242091, Z: -0.969975
280: X: 0.385301, Y: 0.119312, Z: -0.915045
281: X: 0.646531, Y: 0.450203, Z: -0.615885
282: X: 0.735766, Y: 0.660812, Z: -0.148239
283: X: 0.625196, Y: 0.690607, Z: 0.363582
284: X: 0.342231, Y: 0.529029, Z: 0.776535
285: X: -0.033750, Y: 0.222947, Z: 0.974246
286: X: -0.397680, Y: -0.140910, Z: 0.906640
287: X: -0.652563, Y: -0.465376, Z: 0.597986
288: X: -0.723252, Y: -0.666555, Z: -0.180587
289: X: -0.645371, Y: -0.641065, Z: -0.415371
290: X: -0.358719, Y: -0.470988, Z: -0.805910
291: X: 0.023181, Y: -0.176537, Z: -0.984021
292: X: 0.400003, Y: 0.165260, Z: -0.901491
293: X: 0.671759, Y: 0.463780, Z: -0.577623
294: X: 0.764219, Y: 0.637780, Z: -0.095947
295: X: 0.649389, Y: 0.637639, Z: 0.414379
296: X: 0.356784, Y: 0.462140, Z: 0.811869
297: X: -0.032168, Y: 0.161057, Z: 0.986421
298: X: -0.410030, Y: -0.181887, Z: 0.893752
299: X: -0.676034, Y: -0.475165, Z: 0.563203
300: X: -0.746888, Y: -0.629292, Z: -0.214826
301: X: -0.664902, Y: -0.595625, Z: -0.450707
302: X: -0.369421, Y: -0.415588, Z: -0.831152
303: X: 0.024414, Y: -0.125509, Z: -0.991792
304: X: 0.412779, Y: 0.198317, Z: -0.888979
305: X: 0.692264, Y: 0.469691, Z: -0.547870
306: X: 0.786610, Y: 0.614765, Z: -0.057516
307: X: 0.668003, Y: 0.592537, Z: 0.450191
308: X: 0.367505, Y: 0.408327, Z: 0.835589
309: X: -0.031956, Y: 0.113495, Z: 0.993025
310: X: -0.420909, Y: -0.210892, Z: 0.882247
311: X: -0.695494, Y: -0.478188, Z: 0.536306
312: X: -0.765747, Y: -0.597820, Z: -0.237155
313: X: -0.680705, Y: -0.558254, Z: -0.474334
314: X: -0.378746, Y: -0.371828, Z: -0.847523
315: X: 0.024248, Y: -0.086719, Z: -0.995938
316: X: 0.421679, Y: 0.221745, Z: -0.879213
317: X: 0.707477, Y: 0.471237, Z: -0.526699
318: X: 0.803871, Y: 0.593985, Z: -0.031190
319: X: 0.683113, Y: 0.555620, Z: 0.473965
320: X: 0.377129, Y: 0.366089, Z: 0.850736
321: X: -0.030264, Y: 0.077587, Z: 0.996526
322: X: -0.428058, Y: -0.231156, Z: 0.873689
323: X: -0.709891, Y: -0.477588, Z: 0.517652
324: X: -0.780656, Y: -0.572740, Z: -0.250089
325: X: -0.693923, Y: -0.528681, Z: -0.488843
326: X: -0.388049, Y: -0.337917, Z: -0.857456
327: X: 0.021418, Y: -0.057299, Z: -0.998127
328: X: 0.425865, Y: 0.238774, Z: -0.872712
329: X: 0.717246, Y: 0.471200, Z: -0.513350
330: X: 0.816578, Y: 0.577037, Z: -0.015115
331: X: 0.695817, Y: 0.526899, Z: 0.488073
332: X: 0.386965, Y: 0.333969, Z: 0.859490
333: X: -0.025938, Y: 0.050878, Z: 0.998368
334: X: -0.430831, Y: -0.245497, Z: 0.868399
335: X: -0.719258, Y: -0.475775, Z: 0.506266
336: X: -0.791849, Y: -0.554300, Z: -0.256370
337: X: -0.704902, Y: -0.506414, Z: -0.496647
338: X: -0.397538, Y: -0.312087, Z: -0.862882
339: X: 0.015983, Y: -0.034650, Z: -0.999272
340: X: 0.425708, Y: 0.252140, Z: -0.869021
341: X: 0.722165, Y: 0.471643, Z: -0.505994
342: X: 0.825322, Y: 0.564625, Z: -0.006539
343: X: 0.706503, Y: 0.505467, Z: 0.495335
344: X: 0.397171, Y: 0.309774, Z: 0.863883
345: X: -0.018986, Y: 0.030540, Z: 0.999353
346: X: -0.429372, Y: -0.256674, Z: 0.865886
347: X: -0.723869, Y: -0.474815, Z: 0.500565
348: X: -0.799485, Y: -0.542213, Z: -0.258511
349: X: -0.713620, Y: -0.490544, Z: -0.500112
350: X: -0.406865, Y: -0.292400, Z: -0.865426
351: X: 0.008508, Y: -0.016299, Z: -0.999831
352: X: 0.421852, Y: 0.264208, Z: -0.867315
353: X: 0.722778, Y: 0.474194, Z: -0.502724
354: X: 0.830372, Y: 0.557201, Z: -0.002993
355: X: 0.715071, Y: 0.490506, Z: 0.498073
356: X: 0.407318, Y: 0.291687, Z: 0.865454
357: X: -0.010057, Y: 0.014268, Z: 0.999848
358: X: -0.424395, Y: -0.266875, Z: 0.865255
359: X: -0.724321, Y: -0.476184, Z: 0.498606
360: X: -0.803451, Y: -0.536113, Z: -0.258939
361: X: -0.719757, Y: -0.480144, Z: -0.501410
362: X: -0.415274, Y: -0.277027, Z: -0.866489
363: X: 0.000007, Y: 0.000016, Z: -1.000000
364: X: 0.415284, Y: 0.277053, Z: -0.866476
365: X: 0.719759, Y: 0.480156, Z: -0.501395
366: X: 0.831891, Y: 0.554935, Z: -0.001928
367: X: 0.721167, Y: 0.481056, Z: 0.498501
368: X: 0.416694, Y: 0.277955, Z: 0.865510
369: X: 0.000004, Y: 0.000016, Z: 1.000000
370: X: -0.416689, Y: -0.277931, Z: 0.865520
371: X: -0.721168, Y: -0.481046, Z: 0.498509
372: X: -0.803496, Y: -0.535520, Z: -0.260023
373: X: -0.722775, Y: -0.474184, Z: -0.502738
374: X: -0.421846, Y: -0.264191, Z: -0.867323
375: X: -0.008504, Y: 0.016321, Z: -0.999831
376: X: 0.406867, Y: 0.292421, Z: -0.865418
377: X: 0.713621, Y: 0.490558, Z: -0.500098
378: X: 0.829919, Y: 0.557883, Z: -0.001097
379: X: 0.724311, Y: 0.476182, Z: 0.498622
380: X: 0.424376, Y: 0.266875, Z: 0.865265
381: X: 0.010031, Y: -0.014262, Z: 0.999848
382: X: -0.407343, Y: -0.291677, Z: 0.865446
383: X: -0.715087, Y: -0.490497, Z: 0.498059
384: X: -0.799245, Y: -0.539861, Z: -0.264118
385: X: -0.722142, Y: -0.471615, Z: -0.506053
386: X: -0.425659, Y: -0.252091, Z: -0.869060
387: X: -0.015926, Y: 0.034716, Z: -0.999270
388: X: 0.397580, Y: 0.312149, Z: -0.862840
389: X: 0.704920, Y: 0.506451, Z: -0.496583
390: X: 0.824392, Y: 0.566015, Z: 0.002074
391: X: 0.723847, Y: 0.474806, Z: 0.500605
392: X: 0.429342, Y: 0.256668, Z: 0.865903
393: X: 0.018950, Y: -0.030533, Z: 0.999354
394: X: -0.397211, Y: -0.309759, Z: 0.863871
395: X: -0.706535, Y: -0.505453, Z: 0.495303
396: X: -0.790221, Y: -0.548372, Z: -0.273566
397: X: -0.717190, Y: -0.471146, Z: -0.513479
398: X: -0.425765, Y: -0.238689, Z: -0.872784
399: X: -0.021314, Y: 0.057401, Z: -0.998124
400: X: 0.388125, Y: 0.338008, Z: -0.857385
401: X: 0.693957, Y: 0.528736, Z: -0.488735
402: X: 0.815159, Y: 0.579153, Z: 0.009893
403: X: 0.719217, Y: 0.475744, Z: 0.506354
404: X: 0.430758, Y: 0.245452, Z: 0.868447
405: X: 0.025839, Y: -0.050914, Z: 0.998369
406: X: -0.387071, Y: -0.333988, Z: 0.859435
407: X: -0.695894, Y: -0.526899, Z: 0.487964
408: X: -0.775881, Y: -0.559912, Z: -0.290700
409: X: -0.707399, Y: -0.471146, Z: -0.526885
410: X: -0.421537, Y: -0.221615, Z: -0.879314
411: X: -0.024098, Y: 0.086871, Z: -0.995928
412: X: 0.378860, Y: 0.371967, Z: -0.847411
413: X: 0.680761, Y: 0.558339, Z: -0.474153
414: X: 0.801886, Y: 0.596958, Z: 0.024873
415: X: 0.709813, Y: 0.477522, Z: 0.517820
416: X: 0.427917, Y: 0.231055, Z: 0.873785
417: X: 0.030077, Y: -0.077675, Z: 0.996525
418: X: -0.377318, Y: -0.366133, Z: 0.850634
419: X: -0.683245, Y: -0.555616, Z: 0.473780
420: X: -0.755573, Y: -0.572860, Z: -0.317711
421: X: -0.692160, Y: -0.469521, Z: -0.548146
422: X: -0.412566, Y: -0.198082, Z: -0.889130
423: X: -0.024181, Y: 0.125781, Z: -0.991763
424: X: 0.369601, Y: 0.415832, Z: -0.830951
425: X: 0.664983, Y: 0.595771, Z: -0.450394
426: X: 0.784206, Y: 0.618539, Z: 0.049300
427: X: 0.695362, Y: 0.478083, Z: 0.536572
428: X: 0.420691, Y: 0.210745, Z: 0.882386
429: X: 0.031677, Y: -0.113600, Z: 0.993021
430: X: -0.367792, Y: -0.408349, Z: 0.835452
431: X: -0.668214, Y: -0.592487, Z: 0.449942
432: X: -0.729053, Y: -0.584637, Z: -0.355923
433: X: -0.671546, Y: -0.463529, Z: -0.578072
434: X: -0.399650, Y: -0.164919, Z: -0.901711
435: X: -0.022821, Y: 0.176903, Z: -0.983964
436: X: 0.358989, Y: 0.471286, Z: -0.805616
437: X: 0.645507, Y: 0.641208, Z: -0.414938
438: X: 0.761499, Y: 0.642546, Z: 0.085171
439: X: 0.675888, Y: 0.474945, Z: 0.563563
440: X: 0.409746, Y: 0.181595, Z: 0.893942
441: X: 0.031766, Y: -0.161306, Z: 0.986393
442: X: -0.357214, Y: -0.462271, Z: 0.811606
443: X: -0.649688, Y: -0.637636, Z: 0.413915
444: X: -0.696594, Y: -0.591885, Z: -0.405498
445: X: -0.646333, Y: -0.449857, Z: -0.616346
446: X: -0.384952, Y: -0.118867, Z: -0.915250
447: X: -0.022911, Y: 0.242567, Z: -0.969864
448: X: 0.344246, Y: 0.539163, Z: -0.768634
449: X: 0.620423, Y: 0.693823, Z: -0.365629
450: X: 0.733227, Y: 0.666753, Z: 0.133490
451: X: 0.652360, Y: 0.465093, Z: 0.598427
452: X: 0.397301, Y: 0.140559, Z: 0.906860
453: X: 0.033213, Y: -0.223194, Z: 0.974208
454: X: -0.342810, Y: -0.529084, Z: 0.776242
455: X: -0.625608, Y: -0.690495, Z: 0.363086
456: X: -0.659859, Y: -0.590586, Z: -0.464536
457: X: -0.618839, Y: -0.424959, Z: -0.660642
458: X: -0.372891, Y: -0.057250, Z: -0.926107
459: X: -0.029673, Y: 0.323952, Z: -0.945608
460: X: 0.320765, Y: 0.618939, Z: -0.716954
461: X: 0.586941, Y: 0.751600, Z: -0.300995
462: X: 0.699116, Y: 0.688245, Z: 0.193795
463: X: 0.627084, Y: 0.445551, Z: 0.638945
464: X: 0.387648, Y: 0.085381, Z: 0.917845
465: X: 0.041152, Y: -0.300370, Z: 0.952935
466: X: -0.319957, Y: -0.608515, Z: 0.726180
467: X: -0.592987, Y: -0.749068, Z: 0.295405
468: X: -0.622591, Y: -0.577187, Z: -0.528427
469: X: -0.593687, Y: -0.386251, Z: -0.705936
470: X: -0.370805, Y: 0.020412, Z: -0.928486
471: X: -0.051073, Y: 0.419549, Z: -0.906295
472: X: 0.282050, Y: 0.707690, Z: -0.647782
473: X: 0.541646, Y: 0.811046, Z: -0.220964
474: X: 0.659612, Y: 0.703900, Z: 0.263507
475: X: 0.604158, Y: 0.414387, Z: 0.680644
476: X: 0.387447, Y: 0.015752, Z: 0.921758
477: X: 0.063080, Y: -0.391704, Z: 0.917927
478: X: -0.282267, Y: -0.698219, Z: 0.657887
479: X: -0.548215, Y: -0.809623, Z: 0.209693
480: X: -0.590766, Y: -0.550450, Z: -0.589915
481: X: -0.578179, Y: -0.333952, Z: -0.744436
482: X: -0.388634, Y: 0.110584, Z: -0.914732
483: X: -0.097103, Y: 0.523843, Z: -0.846262
484: X: 0.220474, Y: 0.799538, Z: -0.558686
485: X: 0.481036, Y: 0.867483, Z: -0.126795
486: X: 0.616031, Y: 0.711461, Z: 0.338125
487: X: 0.589207, Y: 0.372377, Z: 0.717057
488: X: 0.405154, Y: -0.064727, Z: 0.911954
489: X: 0.108146, Y: -0.491965, Z: 0.863872
490: X: -0.222406, Y: -0.792398, Z: 0.568014
491: X: -0.488122, Y: -0.866242, Z: 0.106595
492: X: -0.570800, Y: -0.513408, Z: -0.640781
493: X: -0.580551, Y: -0.273245, Z: -0.767006
494: X: -0.436224, Y: 0.203691, Z: -0.876481
495: X: -0.176920, Y: 0.625733, Z: -0.759709
496: X: 0.129633, Y: 0.884793, Z: -0.447590
497: X: 0.402858, Y: 0.915034, Z: -0.020433
498: X: 0.570630, Y: 0.710163, Z: 0.412371
499: X: 0.588252, Y: 0.323774, Z: 0.741033
500: X: 0.449043, Y: -0.148157, Z: 0.881141
501: X: 0.185013, Y: -0.591909, Z: 0.784483
502: X: -0.133945, Y: -0.881774, Z: 0.452253
503: X: -0.411302, Y: -0.911420, Z: -0.012054
504: X: -0.566683, Y: -0.473740, Z: -0.674122
505: X: -0.606205, Y: -0.215329, Z: -0.765604
506: X: -0.518352, Y: 0.283516, Z: -0.806802
507: X: -0.293910, Y: 0.708197, Z: -0.641929
508: X: 0.008090, Y: 0.949772, Z: -0.312838
509: X: 0.307867, Y: 0.946519, Z: 0.096537
510: X: 0.526182, Y: 0.700608, Z: 0.481956
511: X: 0.605524, Y: 0.275936, Z: 0.746459
512: X: 0.524163, Y: -0.223120, Z: 0.821870
513: X: 0.298905, Y: -0.678459, Z: 0.671081
514: X: -0.014090, Y: -0.952230, Z: 0.305055
515: X: -0.319732, Y: -0.936730, Z: -0.142507
516: X: -0.577059, Y: -0.441476, Z: -0.687097
517: X: -0.652912, Y: -0.175146, Z: -0.736906
518: X: -0.628969, Y: 0.330223, Z: -0.703812
519: X: -0.440083, Y: 0.751007, Z: -0.492255
520: X: -0.136298, Y: 0.978478, Z: -0.154928
521: X: 0.202020, Y: 0.953752, Z: 0.222586
522: X: 0.485764, Y: 0.683813, Z: 0.544456
523: X: 0.641232, Y: 0.237809, Z: 0.729567
524: X: 0.628615, Y: -0.275527, Z: 0.727274
525: X: 0.446166, Y: -0.732589, Z: 0.514051
526: X: 0.130670, Y: -0.983304, Z: 0.126643
527: X: -0.220219, Y: -0.935282, Z: -0.277039
528: X: -0.595230, Y: -0.424127, Z: -0.682509
529: X: -0.709370, Y: -0.164466, Z: -0.685380
530: X: -0.749697, Y: 0.328603, Z: -0.574434
531: X: -0.594427, Y: 0.738534, Z: -0.318157
532: X: -0.284817, Y: 0.958378, Z: 0.019768
533: X: 0.097572, Y: 0.930285, Z: 0.353624
534: X: 0.452841, Y: 0.661043, Z: 0.598295
535: X: 0.689774, Y: 0.218551, Z: 0.690251
536: X: 0.748126, Y: -0.288407, Z: 0.597602
537: X: 0.604113, Y: -0.729636, Z: 0.320435
538: X: 0.278614, Y: -0.958266, Z: -0.064033
539: X: -0.123578, Y: -0.905740, Z: -0.405418
540: X: -0.613370, Y: -0.423086, Z: -0.666915
541: X: -0.760941, Y: -0.185198, Z: -0.621829
542: X: -0.857420, Y: 0.276854, Z: -0.433801
543: X: -0.730619, Y: 0.669154, Z: -0.135755
544: X: -0.414105, Y: 0.888523, Z: 0.197597
545: X: 0.009359, Y: 0.876540, Z: 0.481239
546: X: 0.429913, Y: 0.635060, Z: 0.641774
547: X: 0.739514, Y: 0.224737, Z: 0.634517
548: X: 0.856798, Y: -0.250630, Z: 0.450646
549: X: 0.738822, Y: -0.662345, Z: 0.124261
550: X: 0.403820, Y: -0.882527, Z: -0.240987
551: X: -0.040830, Y: -0.853004, Z: -0.520305
552: X: -0.626793, Y: -0.434700, Z: -0.646658
553: X: -0.797803, Y: -0.229576, Z: -0.557500
554: X: -0.935863, Y: 0.187221, Z: -0.298511
555: X: -0.829779, Y: 0.556898, Z: 0.036491
556: X: -0.507439, Y: 0.781762, Z: 0.362427
557: X: -0.052670, Y: 0.801693, Z: 0.595411
558: X: 0.416679, Y: 0.610091, Z: 0.673920
559: X: 0.778690, Y: 0.255377, Z: 0.573084
560: X: 0.935219, Y: -0.170403, Z: 0.310367
561: X: 0.833293, Y: -0.550618, Z: -0.049417
562: X: 0.493597, Y: -0.775033, Z: -0.394570
563: X: 0.020779, Y: -0.784651, Z: -0.619589
564: X: -0.634418, Y: -0.454440, Z: -0.625298
565: X: -0.817695, Y: -0.287065, Z: -0.498967
566: X: -0.980819, Y: 0.077054, Z: -0.179046
567: X: -0.887143, Y: 0.422139, Z: 0.186484
568: X: -0.561202, Y: 0.656803, Z: 0.503650
569: X: -0.087663, Y: 0.718392, Z: 0.690093
570: X: 0.410352, Y: 0.589575, Z: 0.695710
571: X: 0.802008, Y: 0.302975, Z: 0.514772
572: X: 0.979757, Y: -0.066246, Z: 0.188914
573: X: 0.887374, Y: -0.417558, Z: -0.195480
574: X: 0.546849, Y: -0.652674, Z: -0.524379
575: X: 0.059139, Y: -0.708690, Z: -0.703037
576: X: -0.636566, Y: -0.479537, Z: -0.604009
577: X: -0.822635, Y: -0.350356, Z: -0.447798
578: X: -0.996131, Y: -0.040620, Z: -0.077935
579: X: -0.907919, Y: 0.280545, Z: 0.311412
580: X: -0.581136, Y: 0.528013, Z: 0.619260
581: X: -0.100803, Y: 0.635881, Z: 0.765176
582: X: 0.407709, Y: 0.574833, Z: 0.709465
583: X: 0.809881, Y: 0.359941, Z: 0.463179
584: X: 0.995033, Y: 0.047543, Z: 0.087460
585: X: 0.907001, Y: -0.277950, Z: -0.316376
586: X: 0.568175, Y: -0.526830, Z: -0.632161
587: X: 0.076515, Y: -0.631806, Z: -0.771341
588: X: -0.633234, Y: -0.509068, Z: -0.582979
589: X: -0.814951, Y: -0.416485, Z: -0.402983
590: X: -0.987110, Y: -0.159882, Z: 0.007109
591: X: -0.899342, Y: 0.139390, Z: 0.414433
592: X: -0.574763, Y: 0.401967, Z: 0.712790
593: X: -0.097980, Y: 0.558054, Z: 0.824000
594: X: 0.406280, Y: 0.565737, Z: 0.717550
595: X: 0.804235, Y: 0.422020, Z: 0.418455
596: X: 0.986418, Y: 0.164229, Z: 0.003018
597: X: 0.898584, Y: -0.138442, Z: -0.416389
598: X: 0.563594, Y: -0.403109, Z: -0.721016
599: X: 0.077040, Y: -0.557855, Z: -0.826355
600: X: -0.623495, Y: -0.543193, Z: -0.562312
601: X: -0.795367, Y: -0.485367, Z: -0.363058
602: X: -0.956732, Y: -0.279916, Z: 0.079437
603: X: -0.865979, Y: -0.000157, Z: 0.500080
604: X: -0.547098, Y: 0.279671, Z: 0.788966
605: X: -0.083246, Y: 0.485268, Z: 0.870393
606: X: 0.404237, Y: 0.561731, Z: 0.721839
607: X: 0.785987, Y: 0.487891, Z: 0.379720
608: X: 0.956918, Y: 0.282316, Z: -0.067867
609: X: 0.866113, Y: -0.000244, Z: -0.499848
610: X: 0.537367, Y: -0.282679, Z: -0.794563
611: X: 0.064191, Y: -0.488020, Z: -0.870469
612: X: -0.605389, Y: -0.582478, Z: -0.542423
613: X: -0.762529, Y: -0.558166, Z: -0.327108
614: X: -0.904542, Y: -0.402232, Z: 0.141469
615: X: -0.808427, Y: -0.139717, Z: 0.571774
616: X: -0.499605, Y: 0.159637, Z: 0.851417
617: X: -0.058445, Y: 0.416394, Z: 0.907304
618: X: 0.399984, Y: 0.562237, Z: 0.723811
619: X: 0.754248, Y: 0.557698, Z: 0.346530
620: X: 0.906428, Y: 0.402698, Z: -0.127371
621: X: 0.810178, Y: 0.137921, Z: -0.569727
622: X: 0.490800, Y: -0.164589, Z: -0.855585
623: X: 0.039794, Y: -0.422134, Z: -0.905660
624: X: -0.575942, Y: -0.627296, Z: -0.524205
625: X: -0.712964, Y: -0.636012, Z: -0.295247
626: X: -0.826651, Y: -0.528308, Z: 0.193748
627: X: -0.723404, Y: -0.280901, Z: 0.630699
628: X: -0.430397, Y: 0.040357, Z: 0.901737
629: X: -0.023454, Y: 0.350261, Z: 0.936359
630: X: 0.391999, Y: 0.566654, Z: 0.724734
631: X: 0.706398, Y: 0.631616, Z: 0.319475
632: X: 0.831914, Y: 0.526331, Z: -0.175770
633: X: 0.727954, Y: 0.277333, Z: -0.627032
634: X: 0.422093, Y: -0.047950, Z: -0.905283
635: X: 0.003910, Y: -0.360062, Z: -0.932920
636: X: -0.531304, Y: -0.677126, Z: -0.509134
637: X: -0.641286, Y: -0.718592, Z: -0.269029
638: X: -0.716391, Y: -0.657176, Z: 0.234314
639: X: -0.604651, Y: -0.422563, Z: 0.675157
640: X: -0.335084, Y: -0.077361, Z: 0.939007
641: X: 0.023323, Y: 0.286942, Z: 0.957664
642: X: 0.378908, Y: 0.574221, Z: 0.725740
643: X: 0.638701, Y: 0.708369, Z: 0.300456
644: X: 0.728288, Y: 0.651942, Z: -0.211112
645: X: 0.613863, Y: 0.416719, Z: -0.670461
646: X: 0.326791, Y: 0.065731, Z: -0.942808
647: X: -0.044710, Y: -0.303136, Z: -0.951898
648: X: -0.467595, Y: -0.729420, Z: -0.499301
649: X: -0.541675, Y: -0.801905, Z: -0.252064
650: X: -0.567032, Y: -0.782159, Z: 0.258268
651: X: -0.445889, Y: -0.557345, Z: 0.700392
652: X: -0.209010, Y: -0.187535, Z: 0.959763
653: X: 0.084038, Y: 0.229477, Z: 0.969679
654: X: 0.359892, Y: 0.584367, Z: 0.727319
655: X: 0.547532, Y: 0.784272, Z: 0.291765
656: X: 0.589831, Y: 0.774034, Z: -0.230153
657: X: 0.460951, Y: 0.549460, Z: -0.696863
658: X: 0.199637, Y: 0.169726, Z: -0.965059
659: X: -0.106807, Y: -0.255575, Z: -0.960871
660: X: -0.382752, Y: -0.778934, Z: -0.496753
661: X: -0.411615, Y: -0.876772, Z: -0.248685
662: X: -0.377338, Y: -0.888880, Z: 0.259824
663: X: -0.246851, Y: -0.669509, Z: 0.700587
664: X: -0.052427, Y: -0.277059, Z: 0.959422
665: X: 0.158253, Y: 0.185192, Z: 0.969876
666: X: 0.334217, Y: 0.597120, Z: 0.729210
667: X: 0.431177, Y: 0.852588, Z: 0.295263
668: X: 0.413053, Y: 0.881298, Z: -0.229570
669: X: 0.264525, Y: 0.660958, Z: -0.702254
670: X: 0.039444, Y: 0.249872, Z: -0.967475
671: X: -0.179541, Y: -0.224985, Z: -0.957678
672: X: -0.279062, Y: -0.818646, Z: -0.501939
673: X: -0.256853, Y: -0.930466, Z: -0.261266
674: X: -0.158510, Y: -0.958557, Z: 0.236733
675: X: -0.020625, Y: -0.738646, Z: 0.673778
676: X: 0.123327, Y: -0.328585, Z: 0.936388
677: X: 0.239100, Y: 0.164615, Z: 0.956940
678: X: 0.300131, Y: 0.614057, Z: 0.729969
679: X: 0.290679, Y: 0.905505, Z: 0.309138
680: X: 0.198346, Y: 0.957302, Z: -0.210315
681: X: 0.028459, Y: 0.728567, Z: -0.684383
682: X: -0.141773, Y: 0.287797, Z: -0.947139
683: X: -0.252618, Y: -0.218838, Z: -0.942494
684: X: -0.162918, Y: -0.843173, Z: -0.512363
685: X: -0.091105, Y: -0.953839, Z: -0.286167
686: X: 0.067027, Y: -0.978416, Z: 0.195474
687: X: 0.207260, Y: -0.750806, Z: 0.627163
688: X: 0.295653, Y: -0.329918, Z: 0.896517
689: X: 0.311867, Y: 0.175509, Z: 0.933775
690: X: 0.253295, Y: 0.636397, Z: 0.728588
691: X: 0.131109, Y: 0.935448, Z: 0.328249
692: X: -0.040729, Y: 0.983141, Z: -0.178257
693: X: -0.218306, Y: 0.732314, Z: -0.645026
694: X: -0.313973, Y: 0.275183, Z: -0.908678
695: X: -0.310932, Y: -0.238134, Z: -0.920116
696: X: -0.041512, Y: -0.850973, Z: -0.523566
697: X: 0.071060, Y: -0.946522, Z: -0.314717
698: X: 0.275933, Y: -0.949481, Z: 0.149490
699: X: 0.409823, Y: -0.707702, Z: 0.575502
700: X: 0.439970, Y: -0.282951, Z: 0.852271
701: X: 0.359918, Y: 0.215856, Z: 0.907670
702: X: 0.189337, Y: 0.661351, Z: 0.725787
703: X: -0.035348, Y: 0.937188, Z: 0.347030
704: X: -0.268341, Y: 0.952773, Z: -0.142183
705: X: -0.428923, Y: 0.678827, Z: -0.596003
706: X: -0.448519, Y: 0.222967, Z: -0.865515
707: X: -0.343380, Y: -0.276322, Z: -0.897628
708: X: 0.079133, Y: -0.843194, Z: -0.531754
709: X: 0.219821, Y: -0.914978, Z: -0.338371
710: X: 0.453206, Y: -0.884370, Z: 0.111776
711: X: 0.570023, Y: -0.625076, Z: 0.533249
712: X: 0.541077, Y: -0.202971, Z: 0.816111
713: X: 0.373706, Y: 0.273902, Z: 0.886184
714: X: 0.108035, Y: 0.682611, Z: 0.722752
715: X: -0.194757, Y: 0.911985, Z: 0.361044
716: X: -0.457160, Y: 0.882329, Z: -0.111806
717: X: -0.585431, Y: 0.592101, Z: -0.553793
718: X: -0.537866, Y: 0.147824, Z: -0.829969
719: X: -0.347274, Y: -0.324281, Z: -0.879911
720: X: 0.194077, Y: -0.821767, Z: -0.535754
721: X: 0.351028, Y: -0.867361, Z: -0.352794
722: X: 0.594704, Y: -0.799025, Z: 0.088802
723: X: 0.684661, Y: -0.523095, Z: 0.507554
724: X: 0.597757, Y: -0.109800, Z: 0.794123
725: X: 0.355156, Y: 0.334632, Z: 0.872861
726: X: 0.015879, Y: 0.693850, Z: 0.719945
727: X: -0.336267, Y: 0.866743, Z: 0.368350
728: X: -0.602372, Y: 0.792810, Z: -0.092737
729: X: -0.693269, Y: 0.492006, Z: -0.526601
730: X: -0.586681, Y: 0.064325, Z: -0.807260
731: X: -0.325939, Y: -0.372899, Z: -0.868741
732: X: 0.298418, Y: -0.789497, Z: -0.536322
733: X: 0.462783, Y: -0.810896, Z: -0.358161
734: X: 0.702461, Y: -0.707201, Z: 0.080094
735: X: 0.759447, Y: -0.418867, Z: 0.497785
736: X: 0.618402, Y: -0.019713, Z: 0.785615
737: X: 0.313938, Y: 0.386840, Z: 0.867063
738: X: -0.078063, Y: 0.692639, Z: 0.717048
739: X: -0.455887, Y: 0.809940, Z: 0.369004
740: X: -0.710618, Y: 0.698359, Z: -0.085537
741: X: -0.762986, Y: 0.391525, Z: -0.514354
742: X: -0.604119, Y: -0.016211, Z: -0.796729
743: X: -0.286893, Y: -0.414863, Z: -0.863470
744: X: 0.388244, Y: -0.750053, Z: -0.535432
745: X: 0.554653, Y: -0.751408, Z: -0.357415
746: X: 0.781601, Y: -0.618482, Z: 0.081120
747: X: 0.804087, Y: -0.323366, Z: 0.498878
748: X: 0.615265, Y: 0.057815, Z: 0.786197
749: X: 0.262202, Y: 0.425408, Z: 0.866186
750: X: -0.165046, Y: 0.680417, Z: 0.713997
751: X: -0.552474, Y: 0.749297, Z: 0.365139
752: X: -0.788720, Y: 0.608599, Z: -0.086757
753: X: -0.804389, Y: 0.300214, Z: -0.512669
754: X: -0.600669, Y: -0.085733, Z: -0.794887
755: X: -0.239317, Y: -0.445891, Z: -0.862502
756: X: 0.461434, Y: -0.707762, Z: -0.534931
757: X: 0.627236, Y: -0.693655, Z: -0.354143
758: X: 0.837968, Y: -0.538809, Z: 0.086572
759: X: 0.828397, Y: -0.242133, Z: 0.505104
760: X: 0.599828, Y: 0.119274, Z: 0.791189
761: X: 0.210139, Y: 0.450173, Z: 0.867863
762: X: -0.239480, Y: 0.660790, Z: 0.711341
763: X: -0.627458, Y: 0.690594, Z: 0.359689
764: X: -0.843617, Y: 0.529033, Z: -0.091841
765: X: -0.826864, Y: 0.222967, Z: -0.516315
766: X: -0.586366, Y: -0.140883, Z: -0.797701
767: X: -0.191636, Y: -0.465356, Z: -0.864129
768: X: 0.517977, Y: -0.666550, Z: -0.536107
769: X: 0.682383, Y: -0.641065, Z: -0.351267
770: X: 0.877295, Y: -0.471004, Z: 0.092243
771: X: 0.840622, Y: -0.176565, Z: 0.512035
772: X: 0.580769, Y: 0.165228, Z: 0.797124
773: X: 0.164437, Y: 0.463754, Z: 0.870570
774: X: -0.298933, Y: 0.637777, Z: 0.709844
775: X: -0.683494, Y: 0.637670, Z: 0.355263
776: X: -0.881467, Y: 0.462200, Z: -0.096885
777: X: -0.838194, Y: 0.161125, Z: -0.521027
778: X: -0.569031, Y: -0.181830, Z: -0.801961
779: X: -0.149772, Y: -0.475127, Z: -0.867077
780: X: 0.559488, Y: -0.629304, Z: -0.539397
781: X: 0.722762, Y: -0.595629, Z: -0.350487
782: X: 0.904505, Y: -0.415606, Z: 0.095617
783: X: 0.846725, Y: -0.125538, Z: 0.517007
784: X: 0.563526, Y: 0.198289, Z: 0.801947
785: X: 0.128381, Y: 0.469676, Z: 0.873454
786: X: -0.343464, Y: 0.614767, Z: 0.709996
787: X: -0.723869, Y: 0.592543, Z: 0.353420
788: X: -0.907394, Y: 0.408326, Z: -0.099531
789: X: -0.844000, Y: 0.113489, Z: -0.524198
790: X: -0.553582, Y: -0.210896, Z: -0.805648
791: X: -0.116703, Y: -0.478185, Z: -0.870471
792: X: 0.588272, Y: -0.597843, Z: -0.544536
793: X: 0.751133, Y: -0.558276, Z: -0.352317
794: X: 0.923342, Y: -0.371837, Z: 0.095797
795: X: 0.850355, Y: -0.086712, Z: 0.519016
796: X: 0.550520, Y: 0.221761, Z: 0.804829
797: X: 0.102308, Y: 0.471242, Z: 0.876050
798: X: -0.375010, Y: 0.593964, Z: 0.711740
799: X: -0.752076, Y: 0.555575, Z: 0.354568
800: X: -0.925341, Y: 0.366038, Z: -0.098796
801: X: -0.847885, Y: 0.077546, Z: -0.524478
802: X: -0.542612, Y: -0.231185, Z: -0.807543
803: X: -0.093366, Y: -0.477613, Z: -0.873595
804: X: 0.606912, Y: -0.572719, Z: -0.551045
805: X: 0.770330, Y: -0.528662, Z: -0.356523
806: X: 0.936610, Y: -0.337896, Z: 0.092675
807: X: 0.853696, Y: -0.057283, Z: 0.517611
808: X: 0.542866, Y: 0.238784, Z: 0.805158
809: X: 0.085971, Y: 0.471209, Z: 0.877822
810: X: -0.395171, Y: 0.577053, Z: 0.714737
811: X: -0.770570, Y: 0.526925, Z: 0.358569
812: X: -0.937813, Y: 0.333998, Z: -0.094615
813: X: -0.851640, Y: 0.050898, Z: -0.521649
814: X: -0.536631, Y: -0.245486, Z: -0.807319
815: X: -0.078790, Y: -0.475768, Z: -0.876035
816: X: 0.617952, Y: -0.554298, Z: -0.557574
817: X: 0.782568, Y: -0.506404, Z: -0.362136
818: X: 0.946048, Y: -0.312087, Z: 0.087153
819: X: 0.857415, Y: -0.034662, Z: 0.513456
820: X: 0.539773, Y: 0.252123, Z: 0.803168
821: X: 0.077165, Y: 0.471634, Z: 0.878411
822: X: -0.406963, Y: 0.564633, Z: 0.718033
823: X: -0.782210, Y: 0.505482, Z: 0.364192
824: X: -0.946728, Y: 0.309781, Z: -0.087988
825: X: -0.855961, Y: 0.030532, Z: -0.516138
826: X: -0.535165, Y: -0.256688, Z: -0.804804
827: X: -0.071533, Y: -0.474820, Z: -0.877171
828: X: 0.623631, Y: -0.542224, Z: -0.563096
829: X: 0.789895, Y: -0.490567, Z: -0.367980
830: X: 0.952909, Y: -0.292413, Z: 0.080362
831: X: 0.861606, Y: -0.016287, Z: 0.507316
832: X: 0.540129, Y: 0.264236, Z: 0.799025
833: X: 0.073883, Y: 0.474214, Z: 0.877304
834: X: -0.412690, Y: 0.557191, Z: 0.720573
835: X: -0.788932, Y: 0.490469, Z: 0.370171
836: X: -0.953172, Y: 0.291651, Z: -0.080017
837: X: -0.860867, Y: 0.014257, Z: -0.508630
838: X: -0.537167, Y: -0.266865, Z: -0.800146
839: X: -0.069705, Y: -0.476177, Z: -0.876583
840: X: 0.625978, Y: -0.536101, Z: -0.566345
841: X: 0.794153, Y: -0.480117, Z: -0.372572
842: X: 0.958045, Y: -0.276996, Z: 0.073646
843: X: 0.866015, Y: 0.000032, Z: 0.500018
844: X: 0.542759, Y: 0.277049, Z: 0.792878
845: X: 0.074382, Y: 0.480147, Z: 0.874029
846: X: -0.414223, Y: 0.554940, Z: 0.721430
847: X: -0.792263, Y: 0.481081, Z: 0.375342
848: X: -0.957894, Y: 0.277984, Z: -0.071856
849: X: -0.866029, Y: 0.000028, Z: -0.499994
850: X: -0.541193, Y: -0.277939, Z: -0.793637
851: X: -0.071079, Y: -0.481057, Z: -0.873803
852: X: 0.626938, Y: -0.535521, Z: -0.565832
853: X: 0.796765, Y: -0.474189, Z: -0.374582
854: X: 0.962046, Y: -0.264197, Z: 0.068325
855: X: 0.870132, Y: 0.016319, Z: 0.492549
856: X: 0.546037, Y: 0.292425, Z: 0.785068
857: X: 0.076275, Y: 0.490563, Z: 0.868061
858: X: -0.414024, Y: 0.557884, Z: 0.719270
859: X: -0.793986, Y: 0.476175, Z: 0.377946
860: X: -0.961531, Y: 0.266865, Z: -0.065127
861: X: -0.870904, Y: -0.014267, Z: -0.491246
862: X: -0.545824, Y: -0.291675, Z: -0.785495
863: X: -0.073792, Y: -0.490493, Z: -0.868315
864: X: 0.628360, Y: -0.539858, Z: -0.560104
865: X: 0.799330, Y: -0.471613, Z: -0.372362
866: X: 0.965458, Y: -0.252088, Z: 0.065903
867: X: 0.873355, Y: 0.034718, Z: 0.485845
868: X: 0.548449, Y: 0.312151, Z: 0.775736
869: X: 0.077590, Y: 0.506452, Z: 0.858770
870: X: -0.413997, Y: 0.566014, Z: 0.712906
871: X: -0.795463, Y: 0.474803, Z: 0.376564
872: X: -0.964565, Y: 0.256665, Z: -0.061136
873: X: -0.874937, Y: -0.030535, Z: -0.483272
874: X: -0.549521, Y: -0.309760, Z: -0.775935
875: X: -0.075668, Y: -0.505453, Z: -0.859530
876: X: 0.632018, Y: -0.548375, Z: -0.547574
877: X: 0.803275, Y: -0.471155, Z: -0.364366
878: X: 0.968733, Y: -0.238703, Z: 0.067661
879: X: 0.875063, Y: 0.057383, Z: 0.480595
880: X: 0.548467, Y: 0.337991, Z: 0.764817
881: X: 0.076290, Y: 0.528724, Z: 0.845359
882: X: -0.416143, Y: 0.579146, Z: 0.701010
883: X: -0.798127, Y: 0.475737, Z: 0.369686
884: X: -0.967479, Y: 0.245439, Z: -0.061181
885: X: -0.877527, Y: -0.050932, Z: -0.476814
886: X: -0.550745, Y: -0.334005, Z: -0.764932
887: X: -0.074632, Y: -0.526911, Z: -0.846637
888: X: 0.639682, Y: -0.559903, Z: -0.526608
889: X: 0.809981, Y: -0.471144, Z: -0.349219
890: X: 0.972280, Y: -0.221611, Z: 0.074570
891: X: 0.874554, Y: 0.086883, Z: 0.477081
892: X: 0.544451, Y: 0.371984, Z: 0.751798
893: X: 0.070248, Y: 0.558356, Z: 0.826622
894: X: -0.422478, Y: 0.596973, Z: 0.682008
895: X: -0.803340, Y: 0.477542, Z: 0.355806
896: X: -0.970671, Y: 0.231090, Z: -0.066292
897: X: -0.878069, Y: -0.077626, Z: -0.472197
898: X: -0.548052, Y: -0.366081, Z: -0.752079
899: X: -0.068735, Y: -0.555580, Z: -0.828617
900: X: 0.652937, Y: -0.572875, Z: -0.495467
901: X: 0.820798, Y: -0.469524, Z: -0.325328
902: X: 0.976290, Y: -0.198085, Z: 0.087289
903: X: 0.870979, Y: 0.125771, Z: 0.474949
904: X: 0.534828, Y: 0.415816, Z: 0.735566
905: X: 0.057570, Y: 0.595754, Z: 0.801101
906: X: -0.434790, Y: 0.618527, Z: 0.654509
907: X: -0.812364, Y: 0.478074, Z: 0.333932
908: X: -0.974517, Y: 0.210735, Z: -0.076856
909: X: -0.875818, Y: -0.113618, Z: -0.469077
910: X: -0.539610, Y: -0.408373, Z: -0.736242
911: X: -0.055527, Y: -0.592509, Z: -0.803648
912: X: 0.672727, Y: -0.584653, Z: -0.453452
913: X: 0.836378, Y: -0.463565, Z: -0.292539
914: X: 0.980723, Y: -0.164965, Z: 0.104735
915: X: 0.863565, Y: 0.176850, Z: 0.472207
916: X: 0.518225, Y: 0.471236, Z: 0.713708
917: X: 0.036633, Y: 0.641172, Z: 0.766522
918: X: -0.454482, Y: 0.642528, Z: 0.616931
919: X: -0.825995, Y: 0.474937, Z: 0.303590
920: X: -0.979054, Y: 0.181580, Z: -0.092097
921: X: -0.870128, Y: -0.161337, Z: -0.465669
922: X: -0.524261, Y: -0.462314, Z: -0.715134
923: X: -0.033619, Y: -0.637675, Z: -0.769571
924: X: 0.699408, Y: -0.591882, Z: -0.400630
925: X: 0.856881, Y: -0.449882, Z: -0.251716
926: X: 0.985118, Y: -0.118896, Z: 0.124125
927: X: 0.851432, Y: 0.242559, Z: 0.465003
928: X: 0.493596, Y: 0.539179, Z: 0.682384
929: X: 0.006495, Y: 0.693860, Z: 0.720081
930: X: -0.482161, Y: 0.666808, Z: 0.568232
931: X: -0.844384, Y: 0.465179, Z: 0.265753
932: X: -0.983998, Y: 0.140689, Z: -0.109334
933: X: -0.860348, Y: -0.223024, Z: -0.458324
934: X: -0.500975, Y: -0.528919, Z: -0.685032
935: X: -0.001807, Y: -0.690394, Z: -0.723431
936: X: 0.732255, Y: -0.590616, Z: -0.339081
937: X: 0.881570, Y: -0.424948, Z: -0.205555
938: X: 0.988473, Y: -0.057242, Z: 0.140158
939: X: 0.833746, Y: 0.323946, Z: 0.447132
940: X: 0.460513, Y: 0.618920, Z: 0.636291
941: X: -0.032799, Y: 0.751576, Z: 0.658831
942: X: -0.517386, Y: 0.688223, Z: 0.508587
943: X: -0.866886, Y: 0.445533, Z: 0.223629
944: X: -0.988706, Y: 0.085359, Z: -0.123186
945: X: -0.845838, Y: -0.300405, Z: -0.440811
946: X: -0.468885, Y: -0.608560, Z: -0.640158
947: X: 0.040716, Y: -0.749103, Z: -0.661201
948: X: 0.768957, Y: -0.577165, Z: -0.274929
949: X: 0.908230, Y: -0.386214, Z: -0.161112
950: X: 0.989486, Y: 0.020453, Z: 0.143176
951: X: 0.810374, Y: 0.419579, Z: 0.408959
952: X: 0.419922, Y: 0.707700, Z: 0.568178
953: X: -0.079509, Y: 0.811033, Z: 0.579572
954: X: -0.558047, Y: 0.703869, Z: 0.439491
955: X: -0.891555, Y: 0.414342, Z: 0.182893
956: X: -0.991989, Y: 0.015695, Z: -0.125344
957: X: -0.826456, Y: -0.391767, Z: -0.404337
958: X: -0.428547, Y: -0.698270, Z: -0.573382
959: X: 0.092587, Y: -0.809640, Z: -0.579578
960: X: 0.806266, Y: -0.550429, Z: -0.216711
961: X: 0.933784, Y: -0.333954, Z: -0.128540
962: X: 0.986501, Y: 0.110588, Z: 0.120776
963: X: 0.781435, Y: 0.523859, Z: 0.339016
964: X: 0.373586, Y: 0.799561, Z: 0.470250
965: X: -0.130731, Y: 0.867502, Z: 0.479948
966: X: -0.600861, Y: 0.711467, Z: 0.364391
967: X: -0.915602, Y: 0.372374, Z: 0.151695
968: X: -0.992348, Y: -0.064718, Z: -0.105152
969: X: -0.802207, Y: -0.491922, Z: -0.338345
970: X: -0.380733, Y: -0.792333, Z: -0.476709
971: X: 0.151711, Y: -0.866196, Z: -0.476118
972: X: 0.840348, Y: -0.513394, Z: -0.173900
973: X: 0.954534, Y: -0.273218, Z: -0.119233
974: X: 0.977161, Y: 0.203707, Z: 0.060490
975: X: 0.746376, Y: 0.625736, Z: 0.226666
976: X: 0.322798, Y: 0.884786, Z: 0.336089
977: X: -0.183740, Y: 0.915022, Z: 0.359129
978: X: -0.642444, Y: 0.710149, Z: 0.288017
979: X: -0.935884, Y: 0.323752, Z: 0.138945
980: X: -0.987607, Y: -0.148202, Z: -0.051664
981: X: -0.771850, Y: -0.591976, Z: -0.231972
982: X: -0.324616, Y: -0.881826, Z: -0.342063
983: X: 0.216162, Y: -0.911426, Z: -0.350109
984: X: 0.867129, Y: -0.473767, Z: -0.153729
985: X: 0.966127, Y: -0.215363, Z: -0.142190
986: X: 0.957897, Y: 0.283484, Z: -0.045495
987: X: 0.702904, Y: 0.708174, Z: 0.066453
988: X: 0.266904, Y: 0.949761, Z: 0.163449
989: X: -0.237519, Y: 0.946520, Z: 0.218367
990: X: -0.680470, Y: 0.700614, Z: 0.214710
991: X: -0.949215, Y: 0.275935, Z: 0.151166
992: X: -0.973835, Y: -0.223146, Z: 0.043027
993: X: -0.730591, Y: -0.678505, Z: -0.076597
994: X: -0.257129, Y: -0.952249, Z: -0.164640
995: X: 0.283251, Y: -0.936746, Z: -0.205613
996: X: 0.883551, Y: -0.441515, Z: -0.156211
997: X: 0.964623, Y: -0.175198, Z: -0.196998
998: X: 0.924011, Y: 0.330191, Z: -0.192812
999: X: 0.646361, Y: 0.750992, Z: -0.135011
1000: X: 0.202335, Y: 0.978475, Z: -0.040587
1001: X: -0.293762, Y: 0.953757, Z: 0.063648
1002: X: -0.714382, Y: 0.683830, Z: 0.148441
1003: X: -0.952434, Y: 0.237851, Z: 0.190516
1004: X: -0.944180, Y: -0.275439, Z: 0.180715
1005: X: -0.668389, Y: -0.732485, Z: 0.129309
1006: X: -0.175174, Y: -0.983277, Z: 0.049807
1007: X: 0.349915, Y: -0.935325, Z: -0.052211
1008: X: 0.888699, Y: -0.424102, Z: -0.174218
1009: X: 0.948244, Y: -0.164434, Z: -0.271652
1010: X: 0.872309, Y: 0.328623, Z: -0.362054
1011: X: 0.572725, Y: 0.738542, Z: -0.355727
1012: X: 0.125274, Y: 0.958377, Z: -0.256554
1013: X: -0.355036, Y: 0.930284, Z: -0.092312
1014: X: -0.744552, Y: 0.661050, Z: 0.093032
1015: X: -0.942658, Y: 0.218571, Z: 0.252235
1016: X: -0.891628, Y: -0.288378, Z: 0.349053
1017: X: -0.579615, Y: -0.729631, Z: 0.362884
1018: X: -0.083835, Y: -0.958281, Z: 0.273255
1019: X: 0.412940, Y: -0.905720, Z: 0.095669
1020: X: 0.884260, Y: -0.423062, Z: -0.197745
1021: X: 0.918993, Y: -0.185162, Z: -0.348090
1022: X: 0.804391, Y: 0.276870, Z: -0.525640
1023: X: 0.482882, Y: 0.669159, Z: -0.564846
1024: X: 0.035941, Y: 0.888526, Z: -0.457416
1025: X: -0.421431, Y: 0.876546, Z: -0.232514
1026: X: -0.770745, Y: 0.635065, Z: 0.051431
1027: X: -0.919262, Y: 0.224723, Z: 0.323197
1028: X: -0.818633, Y: -0.250678, Z: 0.516721
1029: X: -0.476922, Y: -0.662402, Z: 0.577727
1030: X: 0.006918, Y: -0.882540, Z: 0.470187
1031: X: 0.471104, Y: -0.852965, Z: 0.224748
1032: X: 0.873415, Y: -0.434707, Z: -0.219491
1033: X: 0.881713, Y: -0.229594, Z: -0.412151
1034: X: 0.726457, Y: 0.187211, Z: -0.661221
1035: X: 0.383285, Y: 0.556892, Z: -0.736861
1036: X: -0.060167, Y: 0.781754, Z: -0.620678
1037: X: -0.489328, Y: 0.801679, Z: -0.343321
1038: X: -0.791987, Y: 0.610070, Z: 0.023902
1039: X: -0.885650, Y: 0.255358, Z: 0.387836
1040: X: -0.736389, Y: -0.170415, Z: 0.654744
1041: X: -0.373872, Y: -0.550627, Z: 0.746344
1042: X: 0.094848, Y: -0.775055, Z: 0.624735
1043: X: 0.526137, Y: -0.784685, Z: 0.327795
1044: X: 0.858733, Y: -0.454441, Z: -0.236772
1045: X: 0.840969, Y: -0.287071, Z: -0.458652
1046: X: 0.645470, Y: 0.077059, Z: -0.759888
1047: X: 0.282067, Y: 0.422151, Z: -0.861526
1048: X: -0.155584, Y: 0.656813, Z: -0.737828
1049: X: -0.553818, Y: 0.718394, Z: -0.420946
1050: X: -0.807683, Y: 0.589568, Z: 0.007540
1051: X: -0.846805, Y: 0.302969, Z: 0.437184
1052: X: -0.653478, Y: -0.066237, Z: 0.754042
1053: X: -0.274403, Y: -0.417534, Z: 0.866238
1054: X: 0.180682, Y: -0.652653, Z: 0.735797
1055: X: 0.579261, Y: -0.708688, Z: 0.402764
1056: X: 0.841370, Y: -0.479538, Z: -0.249277
1057: X: 0.799116, Y: -0.350347, Z: -0.488539
1058: X: 0.565547, Y: -0.040612, Z: -0.823715
1059: X: 0.184258, Y: 0.280552, Z: -0.941987
1060: X: -0.245729, Y: 0.528017, Z: -0.812905
1061: X: -0.612254, Y: 0.635885, Z: -0.469888
1062: X: -0.818264, Y: 0.574841, Z: -0.001657
1063: X: -0.806069, Y: 0.359951, Z: 0.469774
1064: X: -0.573270, Y: 0.047552, Z: 0.817985
1065: X: -0.179518, Y: -0.277944, Z: 0.943674
1066: X: 0.263387, Y: -0.526825, Z: 0.808135
1067: X: 0.629755, Y: -0.631800, Z: 0.451927
1068: X: 0.821492, Y: -0.509069, Z: -0.256905
1069: X: 0.756465, Y: -0.416483, Z: -0.504284
1070: X: 0.487399, Y: -0.159885, Z: -0.858417
1071: X: 0.090770, Y: 0.139382, Z: -0.986070
1072: X: -0.329899, Y: 0.401958, Z: -0.854164
1073: X: -0.664604, Y: 0.558048, Z: -0.496874
1074: X: -0.824555, Y: 0.565739, Z: -0.006951
1075: X: -0.764516, Y: 0.422027, Z: 0.487245
1076: X: -0.495826, Y: 0.164234, Z: 0.852751
1077: X: -0.088681, Y: -0.138445, Z: 0.986392
1078: X: 0.342636, Y: -0.403116, Z: 0.848586
1079: X: 0.677135, Y: -0.557859, Z: 0.479877
1080: X: 0.798724, Y: -0.543194, Z: -0.258805
1081: X: 0.712106, Y: -0.485372, Z: -0.507267
1082: X: 0.409581, Y: -0.279927, Z: -0.868265
1083: X: -0.000084, Y: -0.000170, Z: -1.000000
1084: X: -0.409712, Y: 0.279662, Z: -0.868289
1085: X: -0.712161, Y: 0.485264, Z: -0.507293
1086: X: -0.827251, Y: 0.561728, Z: -0.010837
1087: X: -0.721839, Y: 0.487887, Z: 0.490830
1088: X: -0.419681, Y: 0.282311, Z: 0.862652
1089: X: -0.000175, Y: -0.000248, Z: 1.000000
1090: X: 0.419426, Y: -0.282680, Z: 0.862655
1091: X: 0.721749, Y: -0.488019, Z: 0.490831
1092: X: 0.772446, Y: -0.582481, Z: -0.253068
1093: X: 0.664555, Y: -0.558172, Z: -0.496800
1094: X: 0.329760, Y: -0.402241, Z: -0.854085
1095: X: -0.090960, Y: -0.139724, Z: -0.986004
1096: X: -0.487555, Y: 0.159636, Z: -0.858374
1097: X: -0.756532, Y: 0.416398, Z: -0.504253
1098: X: -0.826829, Y: 0.562240, Z: -0.015490
1099: X: -0.677217, Y: 0.557697, Z: 0.479949
1100: X: -0.342899, Y: 0.402692, Z: 0.848681
1101: X: 0.088306, Y: 0.137919, Z: 0.986499
1102: X: 0.495548, Y: -0.164584, Z: 0.852845
1103: X: 0.764420, Y: -0.422126, Z: 0.487311
1104: X: 0.741943, Y: -0.627299, Z: -0.236677
1105: X: 0.612162, Y: -0.636018, Z: -0.469829
1106: X: 0.245521, Y: -0.528311, Z: -0.812777
1107: X: -0.184509, Y: -0.280900, Z: -0.941834
1108: X: -0.565731, Y: 0.040360, Z: -0.823602
1109: X: -0.799180, Y: 0.350263, Z: -0.488494
1110: X: -0.823638, Y: 0.566654, Z: -0.022893
1111: X: -0.629879, Y: 0.631615, Z: 0.452012
1112: X: -0.263744, Y: 0.526334, Z: 0.808339
1113: X: 0.179048, Y: 0.277340, Z: 0.943941
1114: X: 0.572959, Y: -0.047944, Z: 0.818180
1115: X: 0.805984, Y: -0.360060, Z: 0.469836
1116: X: 0.706579, Y: -0.677121, Z: -0.205557
1117: X: 0.553636, Y: -0.718585, Z: -0.420859
1118: X: 0.155280, Y: -0.657168, Z: -0.737576
1119: X: -0.282376, Y: -0.422557, Z: -0.861225
1120: X: -0.645664, Y: -0.077360, Z: -0.759693
1121: X: -0.841026, Y: 0.286940, Z: -0.458629
1122: X: -0.817962, Y: 0.574224, Z: -0.034725
1123: X: -0.579542, Y: 0.708384, Z: 0.402893
1124: X: -0.181300, Y: 0.651967, Z: 0.736254
1125: X: 0.273716, Y: 0.416742, Z: 0.866837
1126: X: 0.653101, Y: 0.065742, Z: 0.754412
1127: X: 0.846721, Y: -0.303133, Z: 0.437234
1128: X: 0.666187, Y: -0.729438, Z: -0.155291
1129: X: 0.489096, Y: -0.801929, Z: -0.343067
1130: X: 0.059817, Y: -0.782176, Z: -0.620180
1131: X: -0.383629, Y: -0.557354, Z: -0.736332
1132: X: -0.726674, Y: -0.187542, Z: -0.660888
1133: X: -0.881783, Y: 0.229462, Z: -0.412075
1134: X: -0.809844, Y: 0.584336, Z: -0.052001
1135: X: -0.526506, Y: 0.784228, Z: 0.328295
1136: X: -0.095679, Y: 0.774000, Z: 0.625915
1137: X: 0.372987, Y: 0.549450, Z: 0.747653
1138: X: 0.735953, Y: 0.169722, Z: 0.655415
1139: X: 0.885547, Y: -0.255590, Z: 0.387917
1140: X: 0.621571, Y: -0.778936, Z: -0.083116
1141: X: 0.421206, Y: -0.876755, Z: -0.232134
1142: X: -0.036313, Y: -0.888871, Z: -0.456716
1143: X: -0.483283, Y: -0.669504, Z: -0.564094
1144: X: -0.804669, Y: -0.277047, Z: -0.525123
1145: X: -0.919062, Y: 0.185227, Z: -0.347874
1146: X: -0.798577, Y: 0.597184, Z: -0.075139
1147: X: -0.471164, Y: 0.852658, Z: 0.225784
1148: X: -0.007524, Y: 0.881328, Z: 0.472445
1149: X: 0.476049, Y: 0.660934, Z: 0.580123
1150: X: 0.818182, Y: 0.249843, Z: 0.517838
1151: X: 0.919150, Y: -0.224985, Z: 0.323336
1152: X: 0.574273, Y: -0.818611, Z: 0.009302
1153: X: 0.354717, Y: -0.930454, Z: -0.091822
1154: X: -0.125748, Y: -0.958557, Z: -0.255650
1155: X: -0.573198, Y: -0.738646, Z: -0.354749
1156: X: -0.872607, Y: -0.328580, Z: -0.361376
1157: X: -0.948285, Y: 0.164628, Z: -0.271392
1158: X: -0.782214, Y: 0.614082, Z: -0.105087
1159: X: -0.413001, Y: 0.905543, Z: 0.097067
1160: X: 0.083008, Y: 0.957344, Z: 0.276771
1161: X: 0.578407, Y: 0.728651, Z: 0.366760
1162: X: 0.891098, Y: 0.287896, Z: 0.350800
1163: X: 0.942544, Y: -0.218774, Z: 0.252485
1164: X: 0.525228, Y: -0.843138, Z: 0.115129
1165: X: 0.293389, Y: -0.953833, Z: 0.064226
1166: X: -0.202783, Y: -0.978421, Z: -0.039647
1167: X: -0.646746, Y: -0.750834, Z: -0.134049
1168: X: -0.924217, Y: -0.329983, Z: -0.192182
1169: X: -0.964632, Y: 0.175394, Z: -0.196777
1170: X: -0.757752, Y: 0.636249, Z: -0.144910
1171: X: -0.350111, Y: 0.935344, Z: -0.050545
1172: X: 0.174380, Y: 0.983202, Z: 0.053912
1173: X: 0.667557, Y: 0.732491, Z: 0.133510
1174: X: 0.943878, Y: 0.275310, Z: 0.182478
1175: X: 0.952315, Y: -0.238080, Z: 0.190825
1176: X: 0.474143, Y: -0.851003, Z: 0.225793
1177: X: 0.237054, Y: -0.946524, Z: 0.218856
1178: X: -0.267384, Y: -0.949503, Z: 0.164163
1179: X: -0.703272, Y: -0.707745, Z: 0.067115
1180: X: -0.958057, Y: -0.282999, Z: -0.045142
1181: X: -0.966028, Y: 0.215828, Z: -0.142154
1182: X: -0.723208, Y: 0.661351, Z: -0.198959
1183: X: -0.282777, Y: 0.937187, Z: -0.204249
1184: X: 0.257521, Y: 0.952674, Z: -0.161543
1185: X: 0.730810, Y: 0.678593, Z: -0.073674
1186: X: 0.973860, Y: 0.222798, Z: 0.044248
1187: X: 0.949045, Y: -0.276378, Z: 0.151421
1188: X: 0.420899, Y: -0.843212, Z: 0.334420
1189: X: 0.183084, Y: -0.914980, Z: 0.359571
1190: X: -0.323452, Y: -0.884346, Z: 0.336617
1191: X: -0.746857, Y: -0.625027, Z: 0.227036
1192: X: -0.977326, Y: -0.202907, Z: 0.060516
1193: X: -0.954288, Y: 0.273967, Z: -0.119487
1194: X: -0.679876, Y: 0.682661, Z: -0.267849
1195: X: -0.215209, Y: 0.912005, Z: -0.349188
1196: X: 0.325471, Y: 0.882323, Z: -0.339964
1197: X: 0.772340, Y: 0.592085, Z: -0.230058
1198: X: 0.987712, Y: 0.147797, Z: -0.050810
1199: X: 0.935651, Y: -0.324313, Z: 0.139204
1200: X: 0.366916, Y: -0.821758, Z: 0.435988
1201: X: 0.129980, Y: -0.867348, Z: 0.480430
1202: X: -0.374289, Y: -0.798995, Z: 0.470654
1203: X: -0.781905, Y: -0.523058, Z: 0.339169
1204: X: -0.986613, Y: -0.109765, Z: 0.120612
1205: X: -0.933488, Y: 0.334660, Z: -0.128855
1206: X: -0.631412, Y: 0.693874, Z: -0.346204
1207: X: -0.150850, Y: 0.866769, Z: -0.475348
1208: X: 0.381513, Y: 0.792836, Z: -0.475246
1209: X: 0.802696, Y: 0.492014, Z: -0.337047
1210: X: 0.992451, Y: 0.064311, Z: -0.104423
1211: X: 0.915308, Y: -0.372919, Z: 0.152127
1212: X: 0.315180, Y: -0.789497, Z: 0.526646
1213: X: 0.078718, Y: -0.810868, Z: 0.579910
1214: X: -0.420649, Y: -0.707150, Z: 0.568325
1215: X: -0.810848, Y: -0.418810, Z: 0.408807
1216: X: -0.989566, Y: -0.019665, Z: 0.142733
1217: X: -0.907851, Y: 0.386878, Z: -0.161652
1218: X: -0.581927, Y: 0.692676, Z: -0.426099
1219: X: -0.091591, Y: 0.809983, Z: -0.579257
1220: X: 0.429431, Y: 0.698383, Z: -0.572583
1221: X: 0.826974, Y: 0.391507, Z: -0.403529
1222: X: 0.992054, Y: -0.016254, Z: -0.124758
1223: X: 0.891204, Y: -0.414900, Z: 0.183343
1224: X: 0.269494, Y: -0.750095, Z: 0.603929
1225: X: 0.032139, Y: -0.751447, Z: 0.659010
1226: X: -0.461124, Y: -0.618490, Z: 0.636266
1227: X: -0.834144, Y: -0.323338, Z: 0.446829
1228: X: -0.988515, Y: 0.057872, Z: 0.139602
1229: X: -0.881175, Y: 0.425459, Z: -0.206190
1230: X: -0.535664, Y: 0.680410, Z: -0.500105
1231: X: -0.039795, Y: 0.749197, Z: -0.661151
1232: X: 0.469633, Y: 0.608433, Z: -0.639729
1233: X: 0.846231, Y: 0.300047, Z: -0.440301
1234: X: 0.988715, Y: -0.085861, Z: -0.122760
1235: X: 0.866566, Y: -0.445980, Z: 0.223977
1236: X: 0.232568, Y: -0.707672, Z: 0.667168
1237: X: -0.006966, Y: -0.693555, Z: 0.720370
1238: X: -0.493978, Y: -0.538701, Z: 0.682485
1239: X: -0.851620, Y: -0.242049, Z: 0.464925
1240: X: -0.985087, Y: 0.119322, Z: 0.123962
1241: X: -0.856680, Y: 0.450213, Z: -0.251808
1242: X: -0.496376, Y: 0.660875, Z: -0.562899
1243: X: 0.002130, Y: 0.690749, Z: -0.723091
1244: X: 0.501288, Y: 0.529213, Z: -0.684576
1245: X: 0.860577, Y: 0.223103, Z: -0.457857
1246: X: 0.984033, Y: -0.140808, Z: -0.108871
1247: X: 0.844169, Y: -0.465305, Z: 0.266215
1248: X: 0.205090, Y: -0.666599, Z: 0.716648
1249: X: -0.037089, Y: -0.641073, Z: 0.766583
1250: X: -0.518618, Y: -0.470990, Z: 0.713585
1251: X: -0.863802, Y: -0.176537, Z: 0.471890
1252: X: -0.980721, Y: 0.165265, Z: 0.104275
1253: X: -0.836088, Y: 0.463786, Z: -0.293016
1254: X: -0.465127, Y: 0.637771, Z: -0.613926
1255: X: 0.034283, Y: 0.637588, Z: -0.769615
1256: X: 0.524816, Y: 0.462038, Z: -0.714905
1257: X: 0.870402, Y: 0.160934, Z: -0.465296
1258: X: 0.979014, Y: -0.181987, Z: -0.091714
1259: X: 0.825713, Y: -0.475224, Z: 0.303907
1260: X: 0.187329, Y: -0.629320, Z: 0.754231
1261: X: -0.057932, Y: -0.595673, Z: 0.801135
1262: X: -0.535170, Y: -0.415602, Z: 0.735438
1263: X: -0.871196, Y: -0.125479, Z: 0.474629
1264: X: -0.976274, Y: 0.198371, Z: 0.086824
1265: X: -0.820499, Y: 0.469719, Z: -0.325800
1266: X: -0.442926, Y: 0.614718, Z: -0.652640
1267: X: 0.056067, Y: 0.592411, Z: -0.803683
1268: X: 0.540003, Y: 0.408171, Z: -0.736066
1269: X: 0.875988, Y: 0.113363, Z: -0.468823
1270: X: 0.974482, Y: -0.210987, Z: -0.076612
1271: X: 0.812171, Y: -0.478260, Z: 0.334134
1272: X: 0.177656, Y: -0.597742, Z: 0.781756
1273: X: -0.070406, Y: -0.558195, Z: 0.826717
1274: X: -0.544572, Y: -0.371774, Z: 0.751814
1275: X: -0.874595, Y: -0.086684, Z: 0.477042
1276: X: -0.972249, Y: 0.221758, Z: 0.074538
1277: X: -0.809931, Y: 0.471249, Z: -0.349193
1278: X: -0.429092, Y: 0.594040, Z: -0.680438
1279: X: 0.068720, Y: 0.555746, Z: -0.828507
1280: X: 0.548047, Y: 0.366267, Z: -0.751992
1281: X: 0.878098, Y: 0.077761, Z: -0.472121
1282: X: 0.970693, Y: -0.231029, Z: -0.066184
1283: X: 0.803296, Y: -0.477506, Z: 0.355955
1284: X: 0.173812, Y: -0.572784, Z: 0.801067
1285: X: -0.076293, Y: -0.528729, Z: 0.845355
1286: X: -0.548474, Y: -0.337985, Z: 0.764815
1287: X: -0.875072, Y: -0.057370, Z: 0.480581
1288: X: -0.968732, Y: 0.238714, Z: 0.067629
1289: X: -0.803255, Y: 0.471155, Z: -0.364410
1290: X: -0.421469, Y: 0.577010, Z: -0.699588
1291: X: 0.074677, Y: 0.526894, Z: -0.846644
1292: X: 0.550776, Y: 0.333990, Z: -0.764916
1293: X: 0.877538, Y: 0.050919, Z: -0.476796
1294: X: 0.967476, Y: -0.245453, Z: -0.061177
1295: X: 0.798121, Y: -0.475753, Z: 0.369677
1296: X: 0.173928, Y: -0.554307, Z: 0.813937
1297: X: -0.077635, Y: -0.506408, Z: 0.858792
1298: X: -0.548458, Y: -0.312107, Z: 0.775747
1299: X: -0.873342, Y: -0.034698, Z: 0.485870
1300: X: -0.965455, Y: 0.252084, Z: 0.065952
1301: X: -0.799359, Y: 0.471611, Z: -0.372302
1302: X: -0.418429, Y: 0.564633, Z: -0.711411
1303: X: 0.075639, Y: 0.505501, Z: -0.859504
1304: X: 0.549529, Y: 0.309803, Z: -0.775912
1305: X: 0.874962, Y: 0.030546, Z: -0.483227
1306: X: 0.964566, Y: -0.256679, Z: -0.061066
1307: X: 0.795422, Y: -0.474813, Z: 0.376637
1308: X: 0.175829, Y: -0.542239, Z: 0.821621
1309: X: -0.076247, Y: -0.490582, Z: 0.868053
1310: X: -0.546024, Y: -0.292439, Z: 0.785071
1311: X: -0.870138, Y: -0.016319, Z: 0.492537
1312: X: -0.962046, Y: 0.264208, Z: 0.068276
1313: X: -0.796724, Y: 0.474197, Z: -0.374658
1314: X: -0.417694, Y: 0.557180, Z: -0.717692
1315: X: 0.073903, Y: 0.490453, Z: -0.868329
1316: X: 0.545905, Y: 0.291622, Z: -0.785458
1317: X: 0.870931, Y: 0.014221, Z: -0.491200
1318: X: 0.961524, Y: -0.266894, Z: -0.065111
1319: X: 0.793985, Y: -0.476193, Z: 0.377927
1320: X: 0.177472, Y: -0.536096, Z: 0.825290
1321: X: -0.074359, Y: -0.480128, Z: 0.874041
1322: X: -0.542785, Y: -0.276999, Z: 0.792878
1323: X: -0.866045, Y: 0.000056, Z: 0.499965
1324: X: -0.958024, Y: 0.277092, Z: 0.073546
1325: X: -0.794066, Y: 0.480182, Z: -0.372671
1326: X: -0.417575, Y: 0.554946, Z: -0.719491
1327: X: 0.071153, Y: 0.481063, Z: -0.873794
1328: X: 0.541205, Y: 0.277971, Z: -0.793618
1329: X: 0.866016, Y: 0.000044, Z: -0.500016
1330: X: 0.957914, Y: -0.277901, Z: -0.071921
1331: X: 0.792326, Y: -0.481025, Z: 0.375279
1332: X: 0.176562, Y: -0.535532, Z: 0.825852
1333: X: -0.074093, Y: -0.474175, Z: 0.877307
1334: X: -0.540244, Y: -0.264184, Z: 0.798964
1335: X: -0.861631, Y: 0.016298, Z: 0.507273
1336: X: -0.952921, Y: 0.292370, Z: 0.080387
1337: X: -0.789966, Y: 0.490507, Z: -0.367908
1338: X: -0.416005, Y: 0.557860, Z: -0.718145
1339: X: 0.069579, Y: 0.476185, Z: -0.876588
1340: X: 0.537117, Y: 0.266872, Z: -0.800178
1341: X: 0.860879, Y: -0.014300, Z: -0.508609
1342: X: 0.953153, Y: -0.291746, Z: -0.079901
1343: X: 0.788802, Y: -0.490559, Z: 0.370329
1344: X: 0.170997, Y: -0.539851, Z: 0.824209
1345: X: -0.077041, Y: -0.471655, Z: 0.878411
1346: X: -0.539690, Y: -0.252151, Z: 0.803215
1347: X: -0.857384, Y: 0.034663, Z: 0.513508
1348: X: -0.946034, Y: 0.312122, Z: 0.087173
1349: X: -0.782532, Y: 0.506449, Z: -0.362151
1350: X: -0.410409, Y: 0.566025, Z: -0.714968
1351: X: 0.071611, Y: 0.474818, Z: -0.877166
1352: X: 0.535215, Y: 0.256685, Z: -0.804772
1353: X: 0.855977, Y: -0.030503, Z: -0.516114
1354: X: 0.946747, Y: -0.309718, Z: -0.088008
1355: X: 0.782277, Y: -0.505421, Z: 0.364133
1356: X: 0.158230, Y: -0.548362, Z: 0.821135
1357: X: -0.085960, Y: -0.471129, Z: 0.877866
1358: X: -0.542896, Y: -0.238671, Z: 0.805170
1359: X: -0.853710, Y: 0.057439, Z: 0.517570
1360: X: -0.936557, Y: 0.338063, Z: 0.092595
1361: X: -0.770207, Y: 0.528791, Z: -0.356597
1362: X: -0.398988, Y: 0.579203, Z: -0.710867
1363: X: 0.078902, Y: 0.475803, Z: -0.876005
1364: X: 0.536683, Y: 0.245546, Z: -0.807266
1365: X: 0.851667, Y: -0.050780, Z: -0.521617
1366: X: 0.937868, Y: -0.333844, Z: -0.094611
1367: X: 0.770658, Y: -0.526792, Z: 0.358577
1368: X: 0.135977, Y: -0.559964, Z: 0.817283
1369: X: -0.102848, Y: -0.471110, Z: 0.876058
1370: X: -0.550918, Y: -0.221544, Z: 0.804616
1371: X: -0.850528, Y: 0.086925, Z: 0.518697
1372: X: -0.923318, Y: 0.371976, Z: 0.095486
1373: X: -0.750998, Y: 0.558307, Z: -0.352556
1374: X: -0.379399, Y: 0.596904, Z: -0.706938
1375: X: 0.093538, Y: 0.477457, Z: -0.873662
1376: X: 0.542772, Y: 0.230974, Z: -0.807496
1377: X: 0.847988, Y: -0.077787, Z: -0.524275
1378: X: 0.925288, Y: -0.366265, Z: -0.098445
1379: X: 0.751781, Y: -0.555725, Z: 0.354956
1380: X: 0.102531, Y: -0.572792, Z: 0.813263
1381: X: -0.128733, Y: -0.469456, Z: 0.873521
1382: X: -0.563813, Y: -0.197999, Z: 0.801818
1383: X: -0.846840, Y: 0.125877, Z: 0.516737
1384: X: -0.904393, Y: 0.415926, Z: 0.095283
1385: X: -0.722441, Y: 0.595836, Z: -0.350798
1386: X: -0.349256, Y: 0.618550, Z: -0.703858
1387: X: 0.117164, Y: 0.478031, Z: -0.870493
1388: X: 0.553950, Y: 0.210654, Z: -0.805459
1389: X: 0.844207, Y: -0.113688, Z: -0.523821
1390: X: 0.907415, Y: -0.408394, Z: -0.099060
1391: X: 0.723710, Y: -0.592480, Z: 0.353852
1392: X: 0.056245, Y: -0.584622, Z: 0.809354
1393: X: -0.164970, Y: -0.463529, Z: 0.870589
1394: X: -0.581155, Y: -0.164914, Z: 0.796908
1395: X: -0.840766, Y: 0.176898, Z: 0.511682
1396: X: -0.877193, Y: 0.471270, Z: 0.091853
1397: X: -0.682095, Y: 0.641182, Z: -0.351615
1398: X: -0.306962, Y: 0.642503, Z: -0.702114
1399: X: 0.150164, Y: 0.474870, Z: -0.867150
1400: X: 0.569353, Y: 0.181475, Z: -0.801813
1401: X: 0.838369, Y: -0.161461, Z: -0.520642
1402: X: 0.881412, Y: -0.462418, Z: -0.096345
1403: X: 0.683173, Y: -0.637729, Z: 0.355775
1404: X: -0.002683, Y: -0.591858, Z: 0.806038
1405: X: -0.210426, Y: -0.449895, Z: 0.867937
1406: X: -0.600039, Y: -0.118913, Z: 0.791083
1407: X: -0.828416, Y: 0.242547, Z: 0.504873
1408: X: -0.837760, Y: 0.539179, Z: 0.086284
1409: X: -0.626849, Y: 0.693868, Z: -0.354413
1410: X: -0.251004, Y: 0.666815, Z: -0.701680
1411: X: 0.192070, Y: 0.465172, Z: -0.864132
1412: X: 0.586707, Y: 0.140662, Z: -0.797489
1413: X: 0.827096, Y: -0.223062, Z: -0.515903
1414: X: 0.843725, Y: -0.528949, Z: -0.091327
1415: X: 0.627403, Y: -0.690405, Z: 0.360148
1416: X: -0.072376, Y: -0.590631, Z: 0.803689
1417: X: -0.262660, Y: -0.424984, Z: 0.866255
1418: X: -0.615546, Y: -0.057276, Z: 0.786017
1419: X: -0.804063, Y: 0.323931, Z: 0.498549
1420: X: -0.781288, Y: 0.618927, Z: 0.080741
1421: X: -0.554169, Y: 0.751603, Z: -0.357758
1422: X: -0.181772, Y: 0.688269, Z: -0.702313
1423: X: 0.239750, Y: 0.445602, Z: -0.862531
1424: X: 0.601014, Y: 0.085455, Z: -0.794657
1425: X: 0.804680, Y: -0.300293, Z: -0.512166
1426: X: 0.788899, Y: -0.608465, Z: -0.086078
1427: X: 0.552373, Y: -0.749061, Z: 0.365776
1428: X: -0.146431, Y: -0.577196, Z: 0.803369
1429: X: -0.314599, Y: -0.386226, Z: 0.867097
1430: X: -0.618737, Y: 0.020436, Z: 0.785332
1431: X: -0.759361, Y: 0.419556, Z: 0.497337
1432: X: -0.702038, Y: 0.707678, Z: 0.079593
1433: X: -0.462204, Y: 0.811021, Z: -0.358625
1434: X: -0.101629, Y: 0.703872, Z: -0.703020
1435: X: 0.287349, Y: 0.414354, Z: -0.863563
1436: X: 0.604513, Y: 0.015702, Z: -0.796440
1437: X: 0.763363, Y: -0.391781, Z: -0.513600
1438: X: 0.710796, Y: -0.698307, Z: -0.084477
1439: X: 0.455587, Y: -0.809678, Z: 0.369948
1440: X: 0.022461, Y: -0.853237, Z: 0.521040
1441: X: 0.194914, Y: -0.803846, Z: 0.561996
1442: X: 0.194914, Y: -0.803846, Z: 0.561996
1443: X: -0.088358, Y: -0.850251, Z: 0.518908
1444: X: 0.063663, Y: -0.835787, Z: 0.545350
1445: X: 0.063663, Y: -0.835787, Z: 0.545350
1446: X: -0.186759, Y: -0.835917, Z: 0.516104
1447: X: -0.078504, Y: -0.848300, Z: 0.523665
1448: X: -0.078504, Y: -0.848300, Z: 0.523665
1449: X: -0.276472, Y: -0.814650, Z: 0.509812
1450: X: -0.218917, Y: -0.835287, Z: 0.504352
1451: X: -0.218917, Y: -0.835287, Z: 0.504352
1452: X: -0.364576, Y: -0.784290, Z: 0.501970
1453: X: -0.342925, Y: -0.798940, Z: 0.494061
1454: X: -0.342925, Y: -0.798940, Z: 0.494061
1455: X: -0.446883, Y: -0.742322, Z: 0.499253
1456: X: -0.441548, Y: -0.748625, Z: 0.494566
1457: X: -0.441548, Y: -0.748625, Z: 0.494566
1458: X: -0.514667, Y: -0.692842, Z: 0.505063
1459: X: -0.514007, Y: -0.694414, Z: 0.503574
1460: X: -0.514007, Y: -0.694414, Z: 0.503574
1461: X: -0.564533, Y: -0.642525, Z: 0.518134
1462: X: -0.564531, Y: -0.642577, Z: 0.518073
1463: X: -0.564531, Y: -0.642577, Z: 0.518073
1464: X: -0.598300, Y: -0.595850, Z: 0.535724
1465: X: -0.598265, Y: -0.595742, Z: 0.535883
1466: X: -0.598265, Y: -0.595742, Z: 0.535883
1467: X: -0.619564, Y: -0.554514, Z: 0.555568
1468: X: -0.619539, Y: -0.554481, Z: 0.555628
1469: X: -0.619539, Y: -0.554481, Z: 0.555628
1470: X: -0.631647, Y: -0.518538, Z: 0.576316
1471: X: -0.631578, Y: -0.518489, Z: 0.576436
1472: X: -0.631578, Y: -0.518489, Z: 0.576436
1473: X: -0.636840, Y: -0.487362, Z: 0.597423
1474: X: -0.636598, Y: -0.487265, Z: 0.597760
1475: X: -0.636598, Y: -0.487265, Z: 0.597760
1476: X: -0.636150, Y: -0.460680, Z: 0.618940
1477: X: -0.635934, Y: -0.460638, Z: 0.619193
1478: X: -0.635934, Y: -0.460638, Z: 0.619193
1479: X: -0.629209, Y: -0.439347, Z: 0.641148
1480: X: -0.630308, Y: -0.439372, Z: 0.640051
1481: X: -0.630308, Y: -0.439372, Z: 0.640051
1482: X: -0.614568, Y: -0.426469, Z: 0.663649
1483: X: -0.620601, Y: -0.425612, Z: 0.658565
1484: X: -0.620601, Y: -0.425612, Z: 0.658565
1485: X: -0.591499, Y: -0.427945, Z: 0.683368
1486: X: -0.609300, Y: -0.422345, Z: 0.671102
1487: X: -0.609300, Y: -0.422345, Z: 0.671102
1488: X: -0.563908, Y: -0.449780, Z: 0.692608
1489: X: -0.601352, Y: -0.431058, Z: 0.672729
1490: X: -0.601352, Y: -0.431058, Z: 0.672729
1491: X: -0.542239, Y: -0.491309, Z: 0.681610
1492: X: -0.602312, Y: -0.449609, Z: 0.659599
1493: X: -0.602312, Y: -0.449609, Z: 0.659599
1494: X: -0.537482, Y: -0.541988, Z: 0.646035
1495: X: -0.614839, Y: -0.473243, Z: 0.630884
1496: X: -0.614839, Y: -0.473243, Z: 0.630884
1497: X: -0.552990, Y: -0.588017, Z: 0.590287
1498: X: -0.637609, Y: -0.497090, Z: 0.588520
1499: X: -0.637609, Y: -0.497090, Z: 0.588520
1500: X: -0.584724, Y: -0.619476, Z: 0.523782
1501: X: -0.666503, Y: -0.517723, Z: 0.536411
1502: X: -0.666503, Y: -0.517723, Z: 0.536411
1503: X: -0.625187, Y: -0.633057, Z: 0.456488
1504: X: -0.696921, Y: -0.533062, Z: 0.479735
1505: X: -0.696921, Y: -0.533062, Z: 0.479735
1506: X: -0.667209, Y: -0.630840, Z: 0.396071
1507: X: -0.725280, Y: -0.542342, Z: 0.424069
1508: X: -0.725280, Y: -0.542342, Z: 0.424069
1509: X: -0.705723, Y: -0.617807, Z: 0.346799
1510: X: -0.749596, Y: -0.545972, Z: 0.374192
1511: X: -0.749596, Y: -0.545972, Z: 0.374192
1512: X: -0.738237, Y: -0.599025, Z: 0.310122
1513: X: -0.769047, Y: -0.545484, Z: 0.333189
1514: X: -0.769047, Y: -0.545484, Z: 0.333189
1515: X: -0.763696, Y: -0.579235, Z: 0.285052
1516: X: -0.783894, Y: -0.542316, Z: 0.302331
1517: X: -0.783894, Y: -0.542316, Z: 0.302331
1518: X: -0.782521, Y: -0.561084, Z: 0.269900
1519: X: -0.794327, Y: -0.538570, Z: 0.281046
1520: X: -0.794327, Y: -0.538570, Z: 0.281046
1521: X: -0.795055, Y: -0.546979, Z: 0.262111
1522: X: -0.800994, Y: -0.535263, Z: 0.268146
1523: X: -0.800994, Y: -0.535263, Z: 0.268146
1524: X: -0.802090, Y: -0.538005, Z: 0.259234
1525: X: -0.804247, Y: -0.533649, Z: 0.261544
1526: X: -0.804247, Y: -0.533649, Z: 0.261544
1527: X: -0.804183, Y: -0.535072, Z: 0.258820
1528: X: -0.804491, Y: -0.534443, Z: 0.259162
1529: X: -0.804491, Y: -0.534443, Z: 0.259162
1530: X: -0.801769, Y: -0.538859, Z: 0.258451
1531: X: -0.802094, Y: -0.538199, Z: 0.258818
1532: X: -0.802094, Y: -0.538199, Z: 0.258818
1533: X: -0.795095, Y: -0.549946, Z: 0.255701
1534: X: -0.797404, Y: -0.545363, Z: 0.258314
1535: X: -0.797404, Y: -0.545363, Z: 0.258314
1536: X: -0.784146, Y: -0.568845, Z: 0.248051
1537: X: -0.790738, Y: -0.556319, Z: 0.255426
1538: X: -0.790738, Y: -0.556319, Z: 0.255426
1539: X: -0.768610, Y: -0.595812, Z: 0.232910
1540: X: -0.782278, Y: -0.571491, Z: 0.247870
1541: X: -0.782278, Y: -0.571491, Z: 0.247870
1542: X: -0.747543, Y: -0.631063, Z: 0.207217
1543: X: -0.772236, Y: -0.590913, Z: 0.233396
1544: X: -0.772236, Y: -0.590913, Z: 0.233396
1545: X: -0.719950, Y: -0.673297, Z: 0.168353
1546: X: -0.759993, Y: -0.615274, Z: 0.209399
1547: X: -0.759993, Y: -0.615274, Z: 0.209399
1548: X: -0.684207, Y: -0.720328, Z: 0.113965
1549: X: -0.744382, Y: -0.644749, Z: 0.173764
1550: X: -0.744382, Y: -0.644749, Z: 0.173764
1551: X: -0.639103, Y: -0.767921, Z: 0.042957
1552: X: -0.723016, Y: -0.679504, Z: 0.124588
1553: X: -0.723016, Y: -0.679504, Z: 0.124588
1554: X: -0.584743, Y: -0.810051, Z: -0.043509
1555: X: -0.692176, Y: -0.719180, Z: 0.060604
1556: X: -0.692176, Y: -0.719180, Z: 0.060604
1557: X: -0.524201, Y: -0.839899, Z: -0.140647
1558: X: -0.647019, Y: -0.762245, Z: -0.018682
1559: X: -0.647019, Y: -0.762245, Z: -0.018682
1560: X: -0.462496, Y: -0.853227, Z: -0.241042
1561: X: -0.584141, Y: -0.803858, Z: -0.112215
1562: X: -0.584141, Y: -0.803858, Z: -0.112215
1563: X: -0.405144, Y: -0.850248, Z: -0.336060
1564: X: -0.504188, Y: -0.835759, Z: -0.217490
1565: X: -0.504188, Y: -0.835759, Z: -0.217490
1566: X: -0.353698, Y: -0.835935, Z: -0.419656
1567: X: -0.414202, Y: -0.848295, Z: -0.329898
1568: X: -0.414202, Y: -0.848295, Z: -0.329898
1569: X: -0.303223, Y: -0.814646, Z: -0.494376
1570: X: -0.327300, Y: -0.835304, Z: -0.441749
1571: X: -0.327300, Y: -0.835304, Z: -0.441749
1572: X: -0.252420, Y: -0.784274, Z: -0.566744
1573: X: -0.256410, Y: -0.798956, Z: -0.543989
1574: X: -0.256410, Y: -0.798956, Z: -0.543989
1575: X: -0.208941, Y: -0.742336, Z: -0.636617
1576: X: -0.207551, Y: -0.748629, Z: -0.629664
1577: X: -0.207551, Y: -0.748629, Z: -0.629664
1578: X: -0.180066, Y: -0.692847, Z: -0.698240
1579: X: -0.179112, Y: -0.694410, Z: -0.696932
1580: X: -0.179112, Y: -0.694410, Z: -0.696932
1581: X: -0.166451, Y: -0.642517, Z: -0.747974
1582: X: -0.166396, Y: -0.642573, Z: -0.747938
1583: X: -0.166396, Y: -0.642573, Z: -0.747938
1584: X: -0.164799, Y: -0.595852, Z: -0.786003
1585: X: -0.164957, Y: -0.595742, Z: -0.786054
1586: X: -0.164957, Y: -0.595742, Z: -0.786054
1587: X: -0.171353, Y: -0.554518, Z: -0.814339
1588: X: -0.171417, Y: -0.554486, Z: -0.814347
1589: X: -0.171417, Y: -0.554486, Z: -0.814347
1590: X: -0.183280, Y: -0.518538, Z: -0.835181
1591: X: -0.183419, Y: -0.518489, Z: -0.835181
1592: X: -0.183419, Y: -0.518489, Z: -0.835181
1593: X: -0.198964, Y: -0.487359, Z: -0.850232
1594: X: -0.199377, Y: -0.487262, Z: -0.850191
1595: X: -0.199377, Y: -0.487262, Z: -0.850191
1596: X: -0.217937, Y: -0.460685, Z: -0.860391
1597: X: -0.218265, Y: -0.460643, Z: -0.860330
1598: X: -0.218265, Y: -0.460643, Z: -0.860330
1599: X: -0.240651, Y: -0.439349, Z: -0.865482
1600: X: -0.239137, Y: -0.439374, Z: -0.865889
1601: X: -0.239137, Y: -0.439374, Z: -0.865889
1602: X: -0.267462, Y: -0.426475, Z: -0.864051
1603: X: -0.260037, Y: -0.425618, Z: -0.866736
1604: X: -0.260037, Y: -0.425618, Z: -0.866736
1605: X: -0.296080, Y: -0.427964, Z: -0.853922
1606: X: -0.276539, Y: -0.422358, Z: -0.863215
1607: X: -0.276539, Y: -0.422358, Z: -0.863215
1608: X: -0.317872, Y: -0.449815, Z: -0.834640
1609: X: -0.281917, Y: -0.431081, Z: -0.857141
1610: X: -0.281917, Y: -0.431081, Z: -0.857141
1611: X: -0.319096, Y: -0.491221, Z: -0.810481
1612: X: -0.270128, Y: -0.449641, Z: -0.851383
1613: X: -0.270128, Y: -0.449641, Z: -0.851383
1614: X: -0.290809, Y: -0.542037, Z: -0.788432
1615: X: -0.238920, Y: -0.473177, Z: -0.847951
1616: X: -0.238920, Y: -0.473177, Z: -0.847951
1617: X: -0.234695, Y: -0.588014, Z: -0.774053
1618: X: -0.190865, Y: -0.497107, Z: -0.846437
1619: X: -0.190865, Y: -0.497107, Z: -0.846437
1620: X: -0.161242, Y: -0.619487, Z: -0.768269
1621: X: -0.131288, Y: -0.517725, Z: -0.845414
1622: X: -0.131288, Y: -0.517725, Z: -0.845414
1623: X: -0.082744, Y: -0.633007, Z: -0.769711
1624: X: -0.067020, Y: -0.533091, Z: -0.843399
1625: X: -0.067020, Y: -0.533091, Z: -0.843399
1626: X: -0.009441, Y: -0.630825, Z: -0.775868
1627: X: -0.004648, Y: -0.542332, Z: -0.840151
1628: X: -0.004648, Y: -0.542332, Z: -0.840151
1629: X: 0.052463, Y: -0.617754, Z: -0.784619
1630: X: 0.050682, Y: -0.545986, Z: -0.836260
1631: X: 0.050682, Y: -0.545986, Z: -0.836260
1632: X: 0.100499, Y: -0.599066, Z: -0.794368
1633: X: 0.095918, Y: -0.545424, Z: -0.832654
1634: X: 0.095918, Y: -0.545424, Z: -0.832654
1635: X: 0.135019, Y: -0.579314, Z: -0.803844
1636: X: 0.130129, Y: -0.542249, Z: -0.830080
1637: X: 0.130129, Y: -0.542249, Z: -0.830080
1638: X: 0.157532, Y: -0.561020, Z: -0.812675
1639: X: 0.153809, Y: -0.538641, Z: -0.828377
1640: X: 0.153809, Y: -0.538641, Z: -0.828377
1641: X: 0.170522, Y: -0.546983, Z: -0.819593
1642: X: 0.168263, Y: -0.535257, Z: -0.827761
1643: X: 0.168263, Y: -0.535257, Z: -0.827761
1644: X: 0.176562, Y: -0.538045, Z: -0.824217
1645: X: 0.175623, Y: -0.533616, Z: -0.827291
1646: X: 0.175623, Y: -0.533616, Z: -0.827291
1647: X: 0.177957, Y: -0.535043, Z: -0.825869
1648: X: 0.177828, Y: -0.534473, Z: -0.826266
1649: X: 0.177828, Y: -0.534473, Z: -0.826266
1650: X: 0.177063, Y: -0.538862, Z: -0.823576
1651: X: 0.176906, Y: -0.538193, Z: -0.824046
1652: X: 0.176906, Y: -0.538193, Z: -0.824046
1653: X: 0.176109, Y: -0.549947, Z: -0.816422
1654: X: 0.175001, Y: -0.545361, Z: -0.819729
1655: X: 0.175001, Y: -0.545361, Z: -0.819729
1656: X: 0.177262, Y: -0.568842, Z: -0.803117
1657: X: 0.174170, Y: -0.556317, Z: -0.812512
1658: X: 0.174170, Y: -0.556317, Z: -0.812512
1659: X: 0.182572, Y: -0.595763, Z: -0.782134
1660: X: 0.176469, Y: -0.571539, Z: -0.801375
1661: X: 0.176469, Y: -0.571539, Z: -0.801375
1662: X: 0.194317, Y: -0.631129, Z: -0.750944
1663: X: 0.183968, Y: -0.590848, Z: -0.785528
1664: X: 0.183968, Y: -0.590848, Z: -0.785528
1665: X: 0.214185, Y: -0.673270, Z: -0.707695
1666: X: 0.198665, Y: -0.615292, Z: -0.762855
1667: X: 0.198665, Y: -0.615292, Z: -0.762855
1668: X: 0.243294, Y: -0.720159, Z: -0.649753
1669: X: 0.221656, Y: -0.644948, Z: -0.731376
1670: X: 0.221656, Y: -0.644948, Z: -0.731376
1671: X: 0.282326, Y: -0.768165, Z: -0.574644
1672: X: 0.253504, Y: -0.679285, Z: -0.688700
1673: X: 0.253504, Y: -0.679285, Z: -0.688700
1674: X: 0.330124, Y: -0.810060, Z: -0.484583
1675: X: 0.293655, Y: -0.719108, Z: -0.629802
1676: X: 0.293655, Y: -0.719108, Z: -0.629802
1677: X: 0.383902, Y: -0.839789, Z: -0.383894
1678: X: 0.339751, Y: -0.762334, Z: -0.550832
1679: X: 0.339751, Y: -0.762334, Z: -0.550832
1680: X: 0.440038, Y: -0.853265, Z: -0.279833
1681: X: 0.389233, Y: -0.803797, Z: -0.449897
1682: X: 0.389233, Y: -0.803797, Z: -0.449897
1683: X: 0.493580, Y: -0.850223, Z: -0.183026
1684: X: 0.440491, Y: -0.835769, Z: -0.327808
1685: X: 0.440491, Y: -0.835769, Z: -0.327808
1686: X: 0.540211, Y: -0.835973, Z: -0.096548
1687: X: 0.492794, Y: -0.848323, Z: -0.193656
1688: X: 0.492794, Y: -0.848323, Z: -0.193656
1689: X: 0.579818, Y: -0.814604, Z: -0.015235
1690: X: 0.546146, Y: -0.835346, Z: -0.062625
1691: X: 0.546146, Y: -0.835346, Z: -0.062625
1692: X: 0.617041, Y: -0.784265, Z: 0.064729
1693: X: 0.599303, Y: -0.798968, Z: 0.049865
1694: X: 0.599303, Y: -0.798968, Z: 0.049865
1695: X: 0.655759, Y: -0.742379, Z: 0.137310
1696: X: 0.649118, Y: -0.748600, Z: 0.135067
1697: X: 0.649118, Y: -0.748600, Z: 0.135067
1698: X: 0.694744, Y: -0.692825, Z: 0.193195
1699: X: 0.693120, Y: -0.694401, Z: 0.193369
1700: X: 0.693120, Y: -0.694401, Z: 0.193369
1701: X: 0.730995, Y: -0.642510, Z: 0.229840
1702: X: 0.730932, Y: -0.642571, Z: 0.229873
1703: X: 0.730932, Y: -0.642571, Z: 0.229873
1704: X: 0.763090, Y: -0.595863, Z: 0.250282
1705: X: 0.763215, Y: -0.595751, Z: 0.250168
1706: X: 0.763215, Y: -0.595751, Z: 0.250168
1707: X: 0.790913, Y: -0.554519, Z: 0.258775
1708: X: 0.790951, Y: -0.554488, Z: 0.258725
1709: X: 0.790951, Y: -0.554488, Z: 0.258725
1710: X: 0.814930, Y: -0.518532, Z: 0.258870
1711: X: 0.815002, Y: -0.518481, Z: 0.258745
1712: X: 0.815002, Y: -0.518481, Z: 0.258745
1713: X: 0.835807, Y: -0.487357, Z: 0.252806
1714: X: 0.835976, Y: -0.487261, Z: 0.252432
1715: X: 0.835976, Y: -0.487261, Z: 0.252432
1716: X: 0.854089, Y: -0.460686, Z: 0.241456
1717: X: 0.854200, Y: -0.460644, Z: 0.241142
1718: X: 0.854200, Y: -0.460644, Z: 0.241142
1719: X: 0.869855, Y: -0.439348, Z: 0.224333
1720: X: 0.869451, Y: -0.439372, Z: 0.225847
1721: X: 0.869451, Y: -0.439372, Z: 0.225847
1722: X: 0.882025, Y: -0.426489, Z: 0.200346
1723: X: 0.880627, Y: -0.425623, Z: 0.208183
1724: X: 0.880627, Y: -0.425623, Z: 0.208183
1725: X: 0.887552, Y: -0.427956, Z: 0.170602
1726: X: 0.885836, Y: -0.422377, Z: 0.192073
1727: X: 0.885836, Y: -0.422377, Z: 0.192073
1728: X: 0.881797, Y: -0.449693, Z: 0.142165
1729: X: 0.883291, Y: -0.431051, Z: 0.184369
1730: X: 0.883291, Y: -0.431051, Z: 0.184369
1731: X: 0.861433, Y: -0.491288, Z: 0.128724
1732: X: 0.872420, Y: -0.449532, Z: 0.191847
1733: X: 0.872420, Y: -0.449532, Z: 0.191847
1734: X: 0.828162, Y: -0.542108, Z: 0.142359
1735: X: 0.853789, Y: -0.473195, Z: 0.217098
1736: X: 0.853789, Y: -0.473195, Z: 0.217098
1737: X: 0.787692, Y: -0.588002, Z: 0.183833
1738: X: 0.828433, Y: -0.497169, Z: 0.257920
1739: X: 0.828433, Y: -0.497169, Z: 0.257920
1740: X: 0.745933, Y: -0.619518, Z: 0.244503
1741: X: 0.797784, Y: -0.517725, Z: 0.309033
1742: X: 0.797784, Y: -0.517725, Z: 0.309033
1743: X: 0.707807, Y: -0.633177, Z: 0.313204
1744: X: 0.763898, Y: -0.533040, Z: 0.363770
1745: X: 0.763898, Y: -0.533040, Z: 0.363770
1746: X: 0.676781, Y: -0.630597, Z: 0.379888
1747: X: 0.729777, Y: -0.542558, Z: 0.416000
1748: X: 0.729777, Y: -0.542558, Z: 0.416000
1749: X: 0.653059, Y: -0.618015, Z: 0.437688
1750: X: 0.698988, Y: -0.545769, Z: 0.462117
1751: X: 0.698988, Y: -0.545769, Z: 0.462117
1752: X: 0.637534, Y: -0.599124, Z: 0.484356
1753: X: 0.673009, Y: -0.545458, Z: 0.499534
1754: X: 0.673009, Y: -0.545458, Z: 0.499534
1755: X: 0.628928, Y: -0.578929, Z: 0.518933
1756: X: 0.653578, Y: -0.542601, Z: 0.527656
1757: X: 0.653578, Y: -0.542601, Z: 0.527656
1758: X: 0.625046, Y: -0.561138, Z: 0.542625
1759: X: 0.640697, Y: -0.538482, Z: 0.547306
1760: X: 0.640697, Y: -0.538482, Z: 0.547306
1761: X: 0.624562, Y: -0.546993, Z: 0.557424
1762: X: 0.632788, Y: -0.535233, Z: 0.559558
1763: X: 0.632788, Y: -0.535233, Z: 0.559558
1764: X: 0.625488, Y: -0.538097, Z: 0.564992
1765: X: 0.628699, Y: -0.533558, Z: 0.565732
1766: X: 0.628699, Y: -0.533558, Z: 0.565732
1767: X: 0.626247, Y: -0.535038, Z: 0.567053
1768: X: 0.626642, Y: -0.534486, Z: 0.567137
1769: X: 0.626642, Y: -0.534486, Z: 0.567137
1770: X: 0.624677, Y: -0.538889, Z: 0.565135
1771: X: 0.625201, Y: -0.538168, Z: 0.565243
1772: X: 0.625201, Y: -0.538168, Z: 0.565243
1773: X: 0.619092, Y: -0.549835, Z: 0.560720
1774: X: 0.622346, Y: -0.545475, Z: 0.561376
1775: X: 0.622346, Y: -0.545475, Z: 0.561376
1776: X: 0.607001, Y: -0.568806, Z: 0.554987
1777: X: 0.616613, Y: -0.556371, Z: 0.556991
1778: X: 0.616613, Y: -0.556371, Z: 0.556991
1779: X: 0.585727, Y: -0.596141, Z: 0.549126
1780: X: 0.606030, Y: -0.571160, Z: 0.553628
1781: X: 0.606030, Y: -0.571160, Z: 0.553628
1782: X: 0.553170, Y: -0.630988, Z: 0.543927
1783: X: 0.588089, Y: -0.590965, Z: 0.552189
1784: X: 0.588089, Y: -0.590965, Z: 0.552189
1785: X: 0.505672, Y: -0.673287, Z: 0.539425
1786: X: 0.561257, Y: -0.615252, Z: 0.553584
1787: X: 0.561257, Y: -0.615252, Z: 0.553584
1788: X: 0.441176, Y: -0.719994, Z: 0.535699
1789: X: 0.522368, Y: -0.645101, Z: 0.557653
1790: X: 0.522368, Y: -0.645101, Z: 0.557653
1791: X: 0.356698, Y: -0.768056, Z: 0.531842
1792: X: 0.469567, Y: -0.679450, Z: 0.563785
1793: X: 0.469567, Y: -0.679450, Z: 0.563785
1794: X: 0.254407, Y: -0.810221, Z: 0.528033
1795: X: 0.398778, Y: -0.719009, Z: 0.569211
1796: X: 0.398778, Y: -0.719009, Z: 0.569211
1797: X: -0.226569, Y: -0.581845, Z: 0.781104
1798: X: -0.226569, Y: -0.581845, Z: 0.781104
1799: X: -0.082643, Y: -0.547080, Z: 0.832991
1800: X: -0.548494, Y: -0.179513, Z: 0.816657
1801: X: -0.548494, Y: -0.179513, Z: 0.816657
1802: X: -0.434988, Y: -0.171794, Z: 0.883896
1803: X: -0.738626, Y: 0.258829, Z: 0.622446
1804: X: -0.738626, Y: 0.258829, Z: 0.622446
1805: X: -0.657618, Y: 0.259610, Z: 0.707207
1806: X: -0.744642, Y: 0.617585, Z: 0.253174
1807: X: -0.744642, Y: 0.617585, Z: 0.253174
1808: X: -0.693470, Y: 0.629702, Z: 0.350108
1809: X: -0.563943, Y: 0.803316, Z: -0.191445
1810: X: -0.563943, Y: 0.803316, Z: -0.191445
1811: X: -0.534601, Y: 0.840068, Z: -0.092129
1812: X: -0.243434, Y: 0.767220, Z: -0.593391
1813: X: -0.243434, Y: 0.767220, Z: -0.593391
1814: X: -0.222609, Y: 0.835782, Z: -0.501909
1815: X: 0.131870, Y: 0.517379, Z: -0.845535
1816: X: 0.131870, Y: 0.517379, Z: -0.845535
1817: X: 0.161917, Y: 0.618867, Z: -0.768627
1818: X: 0.459734, Y: 0.118637, Z: -0.880096
1819: X: 0.459734, Y: 0.118637, Z: -0.880096
1820: X: 0.518755, Y: 0.248871, Z: -0.817898
1821: X: 0.648941, Y: -0.323348, Z: -0.688710
1822: X: 0.648941, Y: -0.323348, Z: -0.688710
1823: X: 0.752431, Y: -0.174159, Z: -0.635230
1824: X: 0.647131, Y: -0.690186, Z: -0.323828
1825: X: 0.647131, Y: -0.690186, Z: -0.323828
1826: X: 0.795021, Y: -0.541243, Z: -0.273855
1827: X: 0.458931, Y: -0.880468, Z: 0.118986
1828: X: 0.458931, Y: -0.880468, Z: 0.118986
1829: X: 0.630300, Y: -0.758464, Z: 0.165691
1830: X: 0.140453, Y: -0.839810, Z: 0.524398
1831: X: 0.140453, Y: -0.839810, Z: 0.524398
1832: X: 0.307184, Y: -0.762311, Z: 0.569666
1833: X: 0.307184, Y: -0.762311, Z: 0.569666
