0: X: 0.184386, Y: 16.565588, Z: 33.521530
1: X: -3.972545, Y: 20.756723, Z: 35.437744
2: X: -7.013842, Y: 26.096491, Z: 34.568867
3: X: -8.124590, Y: 31.154106, Z: 31.147711
4: X: -7.007168, Y: 34.574383, Z: 26.090971
5: X: -3.960987, Y: 35.440865, Z: 20.753601
6: X: 0.197731, Y: 33.521378, Z: 16.565741
7: X: 4.354661, Y: 29.330248, Z: 14.649525
8: X: 7.395958, Y: 23.990482, Z: 15.518401
9: X: 8.506708, Y: 18.932867, Z: 18.939554
10: X: 7.389288, Y: 15.512586, Z: 23.996292
11: X: 4.343110, Y: 14.646100, Z: 29.333662
12: X: 1.907632, Y: 18.215637, Z: 35.284000
13: X: -1.434496, Y: 23.020611, Z: 37.347965
14: X: -3.585934, Y: 28.792353, Z: 36.589104
15: X: -3.970205, Y: 33.984329, Z: 33.210751
16: X: -2.484343, Y: 37.205353, Z: 28.118130
17: X: 0.473513, Y: 37.592354, Z: 22.675808
18: X: 4.110811, Y: 35.041637, Z: 18.342052
19: X: 7.452939, Y: 30.236666, Z: 16.278084
20: X: 9.604376, Y: 24.464926, Z: 17.036943
21: X: 9.988648, Y: 19.272951, Z: 20.415297
22: X: 8.502789, Y: 16.051926, Z: 25.507914
23: X: 5.544934, Y: 15.664918, Z: 30.950235
24: X: 4.138012, Y: 19.475540, Z: 36.954521
25: X: 1.879778, Y: 24.771885, Z: 39.271126
26: X: 0.792223, Y: 30.855495, Z: 38.701481
27: X: 1.166755, Y: 36.096264, Z: 35.398209
28: X: 2.903020, Y: 39.089939, Z: 30.246429
29: X: 5.535785, Y: 39.034367, Z: 24.626554
30: X: 8.359605, Y: 35.944443, Z: 20.044424
31: X: 10.617839, Y: 30.648096, Z: 17.727816
32: X: 11.705394, Y: 24.564493, Z: 18.297462
33: X: 11.330863, Y: 19.323719, Z: 21.600729
34: X: 9.594599, Y: 16.330040, Z: 26.752506
35: X: 6.961835, Y: 16.385611, Z: 32.372383
36: X: 6.966435, Y: 20.138132, Z: 38.451889
37: X: 6.042054, Y: 25.682009, Z: 41.084091
38: X: 6.162714, Y: 31.878046, Z: 40.749252
39: X: 7.296089, Y: 37.066021, Z: 37.537098
40: X: 9.138488, Y: 39.855812, Z: 32.308315
41: X: 11.196242, Y: 39.499912, Z: 26.463957
42: X: 12.917981, Y: 36.093674, Z: 21.570013
43: X: 13.842362, Y: 30.549795, Z: 18.937811
44: X: 13.721702, Y: 24.353760, Z: 19.272644
45: X: 12.588328, Y: 19.165787, Z: 22.484798
46: X: 10.745930, Y: 16.375986, Z: 27.713579
47: X: 8.688176, Y: 16.731888, Z: 33.557938
48: X: 10.424700, Y: 19.960648, Z: 39.659027
49: X: 10.979712, Y: 25.408386, Z: 42.579933
50: X: 12.368369, Y: 31.456034, Z: 42.456844
51: X: 14.218582, Y: 36.483128, Z: 39.322746
52: X: 16.034588, Y: 39.142666, Z: 34.017414
53: X: 17.329790, Y: 38.722023, Z: 27.962414
54: X: 17.757139, Y: 35.333916, Z: 22.780170
55: X: 17.202129, Y: 29.886181, Z: 19.859264
56: X: 15.813474, Y: 23.838535, Z: 19.982351
57: X: 13.963260, Y: 18.811440, Z: 23.116447
58: X: 12.147252, Y: 16.151897, Z: 28.421776
59: X: 10.852052, Y: 16.572536, Z: 34.476776
60: X: 14.460119, Y: 18.697519, Z: 40.417400
61: X: 16.463480, Y: 23.695370, Z: 43.503757
62: X: 19.051060, Y: 29.336466, Z: 43.497276
63: X: 21.529518, Y: 34.109276, Z: 40.399685
64: X: 23.234756, Y: 36.734936, Z: 35.040989
65: X: 23.709854, Y: 36.509899, Z: 28.857042
66: X: 22.827515, Y: 33.494465, Z: 23.504831
67: X: 20.824156, Y: 28.496614, Z: 20.418472
68: X: 18.236576, Y: 22.855522, Z: 20.424953
69: X: 15.758118, Y: 18.082710, Z: 23.522539
70: X: 14.052878, Y: 15.457048, Z: 28.881235
71: X: 13.577779, Y: 15.682083, Z: 35.065178
72: X: 18.927008, Y: 16.140915, Z: 40.535503
73: X: 22.185387, Y: 20.429773, Z: 43.618721
74: X: 25.788750, Y: 25.482794, Z: 43.600681
75: X: 28.771572, Y: 29.946026, Z: 40.486217
76: X: 30.334616, Y: 32.623547, Z: 35.109852
77: X: 30.059061, Y: 32.797920, Z: 28.912174
78: X: 28.018745, Y: 30.422424, Z: 23.553846
79: X: 24.760368, Y: 26.133568, Z: 20.470629
80: X: 21.157007, Y: 21.080549, Z: 20.488667
81: X: 18.174183, Y: 16.617317, Z: 23.603125
82: X: 16.611137, Y: 13.939793, Z: 28.979490
83: X: 16.886688, Y: 13.765416, Z: 35.177166
84: X: 23.575155, Y: 12.178840, Z: 39.816364
85: X: 27.823643, Y: 15.630592, Z: 42.740967
86: X: 32.214512, Y: 20.014240, Z: 42.594406
87: X: 35.571224, Y: 24.155190, Z: 39.415951
88: X: 36.994358, Y: 26.943874, Z: 34.057266
89: X: 36.102577, Y: 27.633072, Z: 27.954210
90: X: 33.134846, Y: 26.038107, Z: 22.742090
91: X: 28.886358, Y: 22.586355, Z: 19.817486
92: X: 24.495495, Y: 18.202709, Z: 19.964046
93: X: 21.138779, Y: 14.061759, Z: 23.142498
94: X: 19.715645, Y: 11.273073, Z: 28.501177
95: X: 20.607418, Y: 10.583877, Z: 34.604233
96: X: 28.061434, Y: 6.856340, Z: 38.103333
97: X: 33.045341, Y: 9.439179, Z: 40.750443
98: X: 38.010185, Y: 13.145443, Z: 40.387848
99: X: 41.625648, Y: 16.982038, Z: 37.112713
100: X: 42.922962, Y: 19.920956, Z: 31.802599
101: X: 41.554516, Y: 21.174711, Z: 25.880352
102: X: 37.886986, Y: 20.407364, Z: 20.932833
103: X: 32.903084, Y: 17.824526, Z: 18.285723
104: X: 27.938240, Y: 14.118265, Z: 18.648312
105: X: 24.322777, Y: 10.281670, Z: 21.923447
106: X: 23.025459, Y: 7.342753, Z: 27.233557
107: X: 24.393900, Y: 6.088995, Z: 33.155804
108: X: 31.985043, Y: 0.427542, Z: 35.336784
109: X: 37.493351, Y: 2.152794, Z: 37.617054
110: X: 42.858345, Y: 5.206148, Z: 36.975624
111: X: 46.642475, Y: 8.769458, Z: 33.584354
112: X: 47.831795, Y: 11.887940, Z: 28.351940
113: X: 46.107620, Y: 13.725998, Z: 22.680407
114: X: 41.931953, Y: 13.791128, Z: 18.089430
115: X: 36.423649, Y: 12.065875, Z: 15.809160
116: X: 31.058657, Y: 9.012523, Z: 16.450592
117: X: 27.274521, Y: 5.449214, Z: 19.841856
118: X: 26.085199, Y: 2.330731, Z: 25.074266
119: X: 27.809366, Y: 0.492671, Z: 30.745802
120: X: 34.965240, Y: -6.650838, Z: 31.596010
121: X: 40.826805, Y: -5.764873, Z: 33.433022
122: X: 46.454285, Y: -3.334254, Z: 32.462902
123: X: 50.339794, Y: -0.010265, Z: 28.945595
124: X: 51.442215, Y: 3.316436, Z: 23.823555
125: X: 49.466156, Y: 5.754459, Z: 18.469234
126: X: 44.941097, Y: 6.650541, Z: 14.317315
127: X: 39.079533, Y: 5.764576, Z: 12.480301
128: X: 33.452049, Y: 3.333959, Z: 13.450417
129: X: 29.566544, Y: 0.009971, Z: 16.967722
130: X: 28.464119, Y: -3.316729, Z: 22.089762
131: X: 30.440174, Y: -5.754755, Z: 27.444082
132: X: 36.727470, Y: -13.791879, Z: 27.103643
133: X: 42.792820, Y: -13.736918, Z: 28.417446
134: X: 48.567764, Y: -11.906180, Z: 27.069853
135: X: 52.504906, Y: -8.790213, Z: 23.421951
136: X: 53.549297, Y: -5.223934, Z: 18.451189
137: X: 51.421093, Y: -2.162926, Z: 13.489486
138: X: 46.690544, Y: -0.427385, Z: 9.866318
139: X: 40.625195, Y: -0.482344, Z: 8.552514
140: X: 34.850254, Y: -2.313079, Z: 9.900105
141: X: 30.913113, Y: -5.429046, Z: 13.548005
142: X: 29.868719, Y: -8.995325, Z: 18.518763
143: X: 31.996918, Y: -12.056333, Z: 23.480469
144: X: 37.167313, Y: -20.408993, Z: 22.178114
145: X: 43.285419, Y: -21.186314, Z: 22.872446
146: X: 49.098232, Y: -19.939501, Z: 21.090807
147: X: 53.048210, Y: -17.002640, Z: 17.310587
148: X: 54.076958, Y: -13.162656, Z: 12.544691
149: X: 51.908833, Y: -9.448475, Z: 8.070141
150: X: 47.124771, Y: -6.855305, Z: 5.085883
151: X: 41.006668, Y: -6.077983, Z: 4.391550
152: X: 35.193859, Y: -7.324793, Z: 6.173185
153: X: 31.243877, Y: -10.261655, Z: 9.953403
154: X: 30.215122, Y: -14.101635, Z: 14.719297
155: X: 32.383247, Y: -17.815817, Z: 19.193850
156: X: 36.357426, Y: -26.041321, Z: 17.156258
157: X: 42.352451, Y: -27.646053, Z: 17.110649
158: X: 48.081985, Y: -26.963226, Z: 14.825097
159: X: 52.010803, Y: -24.175804, Z: 10.912017
160: X: 53.086189, Y: -20.030674, Z: 6.419913
161: X: 51.019985, Y: -15.638519, Z: 2.552442
162: X: 46.365833, Y: -12.176215, Z: 0.345888
163: X: 40.370811, Y: -10.571486, Z: 0.391496
164: X: 34.641277, Y: -11.254310, Z: 2.677045
165: X: 30.712456, Y: -14.041731, Z: 6.590123
166: X: 29.637072, Y: -18.186861, Z: 11.082226
167: X: 31.703270, Y: -22.579012, Z: 14.949699
168: X: 34.501957, Y: -30.425217, Z: 12.319648
169: X: 40.156952, Y: -32.809616, Z: 11.395952
170: X: 45.658283, Y: -32.641087, Z: 8.528111
171: X: 49.531872, Y: -29.964787, Z: 4.484563
172: X: 50.739796, Y: -25.497831, Z: 0.348770
173: X: 48.958389, Y: -20.437136, Z: -2.771084
174: X: 44.664974, Y: -16.138710, Z: -4.039037
175: X: 39.009983, Y: -13.754310, Z: -3.115342
176: X: 33.508652, Y: -13.922836, Z: -0.247504
177: X: 29.635061, Y: -16.599134, Z: 3.796045
178: X: 28.427137, Y: -21.066088, Z: 7.931837
179: X: 30.208544, Y: -26.126781, Z: 11.051693
180: X: 31.862783, Y: -33.497974, Z: 7.846778
181: X: 36.930653, Y: -36.519707, Z: 5.922348
182: X: 42.042973, Y: -36.748489, Z: 2.411028
183: X: 45.829910, Y: -34.123024, Z: -1.746324
184: X: 47.276760, Y: -29.346800, Z: -5.435752
185: X: 45.995831, Y: -23.699604, Z: -7.668674
186: X: 42.330353, Y: -18.694597, Z: -7.846784
187: X: 37.262493, Y: -15.672866, Z: -5.922355
188: X: 32.150169, Y: -15.444079, Z: -2.411038
189: X: 28.363228, Y: -18.069544, Z: 1.746314
190: X: 26.916382, Y: -22.845764, Z: 5.435742
191: X: 28.197306, Y: -28.492958, Z: 7.668667
192: X: 28.698830, Y: -35.337677, Z: 3.816411
193: X: 32.962738, Y: -38.728153, Z: 0.842982
194: X: 37.552265, Y: -39.149605, Z: -3.313485
195: X: 41.237640, Y: -36.489090, Z: -7.539265
196: X: 43.031384, Y: -31.459501, Z: -10.702065
197: X: 42.452850, Y: -25.408512, Z: -11.954415
198: X: 39.657066, Y: -19.957481, Z: -10.960752
199: X: 35.393158, Y: -16.567001, Z: -7.987322
200: X: 30.803637, Y: -16.145555, Z: -3.830858
201: X: 27.118256, Y: -18.806063, Z: 0.394922
202: X: 25.324516, Y: -23.835648, Z: 3.557723
203: X: 25.903044, Y: -29.886631, Z: 4.810077
204: X: 25.229963, Y: -36.097298, Z: 0.228859
205: X: 28.596912, Y: -39.501591, Z: -3.719812
206: X: 32.623009, Y: -39.855175, Z: -8.429705
207: X: 36.229458, Y: -37.063309, Z: -12.638809
208: X: 38.449917, Y: -31.874073, Z: -15.219298
209: X: 38.689419, Y: -25.677916, Z: -15.479733
210: X: 36.883785, Y: -20.135096, Z: -13.350329
211: X: 33.516838, Y: -16.730801, Z: -9.401661
212: X: 29.490742, Y: -16.377214, Z: -4.691769
213: X: 25.884291, Y: -19.169079, Z: -0.482665
214: X: 23.663832, Y: -24.358313, Z: 2.097826
215: X: 23.424330, Y: -30.554466, Z: 2.358264
216: X: 21.628628, Y: -35.947350, Z: -2.957486
217: X: 24.175936, Y: -39.031898, Z: -7.702413
218: X: 27.721424, Y: -39.082832, Z: -12.795985
219: X: 31.315081, Y: -36.086502, Z: -16.873384
220: X: 33.993992, Y: -30.845772, Z: -18.842072
221: X: 35.040344, Y: -24.764893, Z: -18.174541
222: X: 34.173763, Y: -19.473228, Z: -15.049661
223: X: 31.626459, Y: -16.388680, Z: -10.304735
224: X: 28.080971, Y: -16.337744, Z: -5.211164
225: X: 24.487314, Y: -19.334070, Z: -1.133765
226: X: 21.808403, Y: -24.574799, Z: 0.834925
227: X: 20.762051, Y: -30.655676, Z: 0.167400
228: X: 18.029051, Y: -35.043449, Z: -5.787476
229: X: 19.957672, Y: -37.586933, Z: -11.109945
230: X: 23.189390, Y: -37.194229, Z: -16.393822
231: X: 26.858267, Y: -33.970562, Z: -20.223293
232: X: 29.981236, Y: -28.779711, Z: -21.572258
233: X: 31.721493, Y: -23.012562, Z: -20.079262
234: X: 31.612741, Y: -18.214417, Z: -16.144352
235: X: 29.684122, Y: -15.670931, Z: -10.821886
236: X: 26.452408, Y: -16.063635, Z: -5.538011
237: X: 22.783529, Y: -19.287298, Z: -1.708537
238: X: 19.660563, Y: -24.478146, Z: -0.359569
239: X: 17.920303, Y: -30.245295, Z: -1.852562
240: X: 14.534112, Y: -33.521675, Z: -8.288573
241: X: 16.078171, Y: -35.433479, Z: -13.987557
242: X: 19.176687, Y: -34.561378, Z: -19.293798
243: X: 22.999413, Y: -31.139038, Z: -22.785492
244: X: 26.522053, Y: -26.083481, Z: -23.527044
245: X: 28.800716, Y: -20.749334, Z: -21.319756
246: X: 29.224842, Y: -16.565882, Z: -16.755066
247: X: 27.680782, Y: -14.654073, Z: -11.056084
248: X: 24.582268, Y: -15.526178, Z: -5.749843
249: X: 20.759544, Y: -18.948515, Z: -2.258147
250: X: 17.236906, Y: -24.004072, Z: -1.516593
251: X: 14.958239, Y: -29.338217, Z: -3.723879
252: X: 11.219981, Y: -31.506399, Z: -10.461392
253: X: 12.578910, Y: -32.798855, Z: -16.377510
254: X: 15.686966, Y: -31.490738, Z: -21.587725
255: X: 19.711353, Y: -27.932552, Z: -24.695969
256: X: 23.573738, Y: -23.077713, Z: -24.869389
257: X: 26.239199, Y: -18.227072, Z: -22.061518
258: X: 26.993525, Y: -14.680348, Z: -17.024723
259: X: 25.634600, Y: -13.387892, Z: -11.108607
260: X: 22.526541, Y: -14.696008, Z: -5.898392
261: X: 18.502157, Y: -18.254192, Z: -2.790146
262: X: 14.639771, Y: -23.109030, Z: -2.616724
263: X: 11.974309, Y: -27.959673, Z: -5.424592
264: X: 8.131978, Y: -29.118910, Z: -12.294518
265: X: 9.441464, Y: -29.866396, Z: -18.314821
266: X: 12.644936, Y: -28.207214, Z: -23.364815
267: X: 16.884029, Y: -24.585939, Z: -26.091354
268: X: 21.022881, Y: -19.972891, Z: -25.763866
269: X: 23.952488, Y: -15.604132, Z: -22.470102
270: X: 24.887867, Y: -12.650264, Z: -17.092625
271: X: 23.578382, Y: -11.902777, Z: -11.072321
272: X: 20.374910, Y: -13.561956, Z: -6.022327
273: X: 16.135818, Y: -17.183229, Z: -3.295786
274: X: 11.996967, Y: -21.796276, Z: -3.623271
275: X: 9.067359, Y: -26.165037, Z: -6.917031
276: X: 5.284200, Y: -26.475048, Z: -13.783802
277: X: 6.617496, Y: -26.778574, Z: -19.837540
278: X: 9.950899, Y: -24.863106, Z: -24.709599
279: X: 14.391229, Y: -21.241886, Z: -27.094511
280: X: 18.748701, Y: -16.885221, Z: -26.353243
281: X: 21.855734, Y: -12.960478, Z: -22.684420
282: X: 22.879801, Y: -10.519283, Z: -17.071095
283: X: 21.546505, Y: -10.215756, Z: -11.017358
284: X: 18.213102, Y: -12.131226, Z: -6.145301
285: X: 13.772776, Y: -15.752440, Z: -3.760385
286: X: 9.415305, Y: -20.109104, Z: -4.501650
287: X: 6.308270, Y: -24.033850, Z: -8.170471
288: X: 2.665444, Y: -23.675337, Z: -14.944822
289: X: 4.048006, Y: -23.636009, Z: -20.994989
290: X: 7.509765, Y: -21.547682, Z: -25.703777
291: X: 12.123144, Y: -17.969927, Z: -27.809469
292: X: 16.651995, Y: -13.861394, Z: -26.747845
293: X: 19.882813, Y: -10.322968, Z: -22.803370
294: X: 20.949905, Y: -8.302761, Z: -17.032959
295: X: 19.567345, Y: -8.342089, Z: -10.982793
296: X: 16.105587, Y: -10.430413, Z: -6.274005
297: X: 11.492208, Y: -14.008168, Z: -4.168312
298: X: 6.963358, Y: -18.116697, Z: -5.229932
299: X: 3.732538, Y: -21.655127, Z: -9.174405
300: X: 0.252168, Y: -20.800097, Z: -15.807775
301: X: 1.679076, Y: -20.506418, Z: -21.840622
302: X: 5.246382, Y: -18.308947, Z: -26.419159
303: X: 9.998230, Y: -14.796496, Z: -28.316570
304: X: 14.661368, Y: -10.910221, Z: -27.024445
305: X: 17.986309, Y: -7.691450, Z: -22.889013
306: X: 19.082140, Y: -6.002645, Z: -17.018354
307: X: 17.655233, Y: -6.296324, Z: -10.985508
308: X: 14.087930, Y: -8.493794, Z: -6.406970
309: X: 9.336083, Y: -12.006244, Z: -4.509557
310: X: 4.672945, Y: -15.892518, Z: -5.801676
311: X: 1.348002, Y: -19.111290, Z: -9.937108
312: X: -1.988295, Y: -17.902637, Z: -16.419506
313: X: -0.535874, Y: -17.422897, Z: -22.434311
314: X: 3.106874, Y: -15.158560, Z: -26.919924
315: X: 7.963878, Y: -11.716353, Z: -28.674425
316: X: 12.733707, Y: -8.018613, Z: -27.227701
317: X: 16.138288, Y: -5.056147, Z: -22.967402
318: X: 17.265369, Y: -3.622743, Z: -17.035070
319: X: 15.812949, Y: -4.102483, Z: -11.020266
320: X: 12.170203, Y: -6.366818, Z: -6.534654
321: X: 7.313201, Y: -9.809025, Z: -4.780148
322: X: 2.543373, Y: -13.506764, Z: -6.226868
323: X: -0.861212, Y: -16.469233, Z: -10.487164
324: X: -4.083781, Y: -15.022482, Z: -16.822775
325: X: -2.630790, Y: -14.406719, Z: -22.825043
326: X: 1.054209, Y: -12.099033, Z: -27.253689
327: X: 5.983824, Y: -8.717765, Z: -28.922064
328: X: 10.837169, Y: -5.168923, Z: -27.383125
329: X: 14.313791, Y: -2.403418, Z: -23.049234
330: X: 15.482138, Y: -1.162262, Z: -17.081654
331: X: 14.029148, Y: -1.778023, Z: -11.079387
332: X: 10.344150, Y: -4.085709, Z: -6.650740
333: X: 5.414537, Y: -7.466976, Z: -4.982362
334: X: 0.561193, Y: -11.015817, Z: -6.521296
335: X: -2.915432, Y: -13.781323, Z: -10.855184
336: X: -6.064855, Y: -12.179090, Z: -17.064680
337: X: -4.634187, Y: -11.459042, Z: -23.060701
338: X: -0.936514, Y: -9.116364, Z: -27.460318
339: X: 4.037376, Y: -5.778775, Z: -29.084656
340: X: 8.954734, Y: -2.340581, Z: -27.498474
341: X: 12.497955, Y: 0.276960, Z: -23.126793
342: X: 13.717640, Y: 1.372477, Z: -17.140997
343: X: 12.286974, Y: 0.652430, Z: -11.144977
344: X: 8.589303, Y: -1.690246, Z: -6.745360
345: X: 3.615414, Y: -5.027834, Z: -5.121019
346: X: -1.301943, Y: -8.466029, Z: -6.707196
347: X: -4.845167, Y: -11.083570, Z: -11.078876
348: X: -7.957144, Y: -9.386028, Z: -17.184555
349: X: -6.567667, Y: -8.578166, Z: -23.179075
350: X: -2.883096, Y: -6.196322, Z: -27.568642
351: X: 2.109293, Y: -2.878710, Z: -29.177078
352: X: 7.071791, Y: 0.485720, Z: -27.573399
353: X: 10.674702, Y: 2.995469, Z: -23.187317
354: X: 11.952630, Y: 3.978055, Z: -17.194073
355: X: 10.563155, Y: 3.170193, Z: -11.199554
356: X: 6.878586, Y: 0.788351, Z: -6.809987
357: X: 1.886199, Y: -2.529261, Z: -5.201549
358: X: -3.076300, Y: -5.893690, Z: -6.805223
359: X: -6.679214, Y: -8.403440, Z: -11.191303
360: X: -9.785419, Y: -6.649920, Z: -17.217497
361: X: -8.449149, Y: -5.758536, Z: -23.212275
362: X: -4.797736, Y: -3.324206, Z: -27.600758
363: X: 0.190424, Y: 0.000793, Z: -29.207054
364: X: 5.178759, Y: 3.325532, Z: -27.600758
365: X: 8.830647, Y: 5.759148, Z: -23.212276
366: X: 10.167571, Y: 6.649557, Z: -17.217501
367: X: 8.831302, Y: 5.758174, Z: -11.222723
368: X: 5.179891, Y: 3.323846, Z: -6.834240
369: X: 0.191732, Y: -0.001153, Z: -5.227941
370: X: -4.796603, Y: -3.325891, Z: -6.834233
371: X: -8.448493, Y: -5.759509, Z: -11.222712
372: X: -11.569979, Y: -3.979154, Z: -17.194242
373: X: -10.292868, Y: -2.995214, Z: -23.187437
374: X: -6.690689, Y: -0.484272, Z: -27.573441
375: X: -1.728641, Y: 2.880865, Z: -29.177025
376: X: 3.263699, Y: 6.198514, Z: -27.568512
377: X: 6.948636, Y: 8.579711, Z: -23.178902
378: X: 8.338796, Y: 9.386418, Z: -17.184385
379: X: 7.061686, Y: 8.402479, Z: -11.191191
380: X: 3.459508, Y: 5.891540, Z: -6.805186
381: X: -1.502538, Y: 2.526403, Z: -5.201600
382: X: -6.494877, Y: -0.791246, Z: -6.810110
383: X: -10.179815, Y: -3.172445, Z: -11.199717
384: X: -13.334480, Y: -1.374290, Z: -17.141682
385: X: -12.115330, Y: -0.277449, Z: -23.127342
386: X: -8.572768, Y: 2.341452, Z: -27.498747
387: X: -3.656021, Y: 5.780683, Z: -29.084574
388: X: 1.317472, Y: 9.118702, Z: -27.459908
389: X: 5.015067, Y: 11.461092, Z: -23.060072
390: X: 6.446000, Y: 12.180210, Z: -17.064003
391: X: 5.226851, Y: 11.083371, Z: -11.078341
392: X: 1.684290, Y: 8.464470, Z: -6.706938
393: X: -3.232455, Y: 5.025241, Z: -5.121108
394: X: -8.205948, Y: 1.687221, Z: -6.745772
395: X: -11.903545, Y: -0.655170, Z: -11.145602
396: X: -15.098316, Y: 1.159585, Z: -17.083305
397: X: -13.930415, Y: 2.402647, Z: -23.050579
398: X: -10.454563, Y: 5.170172, Z: -27.383802
399: X: -5.602111, Y: 8.720602, Z: -28.921888
400: X: -0.673271, Y: 12.102605, Z: -27.252712
401: X: 3.011278, Y: 14.409973, Z: -22.823526
402: X: 4.464266, Y: 15.024451, Z: -16.821127
403: X: 3.296366, Y: 13.781390, Z: -10.853854
404: X: -0.179484, Y: 11.013867, Z: -6.520632
405: X: -5.031933, Y: 7.463438, Z: -4.982542
406: X: -9.960773, Y: 4.081435, Z: -6.651717
407: X: -13.645324, Y: 1.774065, Z: -11.080899
408: X: -16.881054, Y: 3.619589, Z: -17.037828
409: X: -15.754467, Y: 5.055704, Z: -22.969603
410: X: -12.350826, Y: 8.020905, Z: -27.228754
411: X: -7.582133, Y: 11.720667, Z: -28.674046
412: X: -2.726155, Y: 15.163646, Z: -26.918215
413: X: 0.915952, Y: 17.427292, Z: -22.431736
414: X: 2.368289, Y: 17.905069, Z: -16.416756
415: X: 1.241705, Y: 16.468958, Z: -10.484983
416: X: -2.161935, Y: 13.503758, Z: -6.225832
417: X: -6.930627, Y: 9.803996, Z: -4.780537
418: X: -11.786605, Y: 6.361019, Z: -6.536364
419: X: -15.428713, Y: 4.097368, Z: -11.022840
420: X: -18.697268, Y: 5.999176, Z: -17.022472
421: X: -17.601793, Y: 7.691314, Z: -22.892239
422: X: -14.277842, Y: 10.913363, Z: -27.025917
423: X: -9.616062, Y: 14.801977, Z: -28.315891
424: X: -4.865572, Y: 18.315207, Z: -26.416513
425: X: -1.299265, Y: 20.511683, Z: -21.836721
426: X: 0.127273, Y: 20.802862, Z: -15.803668
427: X: -0.968199, Y: 19.110723, Z: -9.933902
428: X: -4.292149, Y: 15.888678, Z: -5.800223
429: X: -8.953927, Y: 12.000064, Z: -4.510247
430: X: -13.704417, Y: 8.486835, Z: -6.409620
431: X: -17.270727, Y: 6.290357, Z: -10.989409
432: X: -20.563478, Y: 8.298319, Z: -17.040161
433: X: -19.496529, Y: 10.323380, Z: -22.808897
434: X: -16.266956, Y: 13.866457, Z: -26.750219
435: X: -11.740126, Y: 17.978189, Z: -27.808054
436: X: -7.128994, Y: 21.556837, Z: -25.698956
437: X: -3.669112, Y: 23.643509, Z: -20.988056
438: X: -2.287551, Y: 23.679081, Z: -14.937637
439: X: -3.354500, Y: 21.654020, Z: -9.168903
440: X: -6.584070, Y: 18.110945, Z: -5.227580
441: X: -11.110901, Y: 13.999215, Z: -4.169743
442: X: -15.722032, Y: 10.420566, Z: -6.278837
443: X: -19.181917, Y: 8.333893, Z: -10.989734
444: X: -22.493090, Y: 10.515591, Z: -17.079208
445: X: -21.469761, Y: 12.962384, Z: -22.690231
446: X: -18.364489, Y: 16.892122, Z: -26.355200
447: X: -14.009327, Y: 21.251837, Z: -27.092087
448: X: -9.571239, Y: 24.873346, Z: -24.703447
449: X: -6.239405, Y: 26.786268, Z: -19.829317
450: X: -4.906587, Y: 26.478039, Z: -13.775712
451: X: -5.929914, Y: 24.031248, Z: -8.164692
452: X: -9.035183, Y: 20.101509, Z: -4.499723
453: X: -13.390344, Y: 15.741796, Z: -3.762831
454: X: -17.828432, Y: 12.120287, Z: -6.151466
455: X: -21.160267, Y: 10.207363, Z: -11.025596
456: X: -24.500513, Y: 12.647376, Z: -17.102011
457: X: -23.566732, Y: 15.607705, Z: -22.476213
458: X: -20.639683, Y: 19.981880, Z: -25.765068
459: X: -16.503668, Y: 24.597839, Z: -26.087324
460: X: -12.266926, Y: 28.218744, Z: -23.356638
461: X: -9.064692, Y: 29.874372, Z: -18.304695
462: X: -7.754999, Y: 29.121103, Z: -12.285158
463: X: -8.688780, Y: 26.160776, Z: -6.910957
464: X: -11.615825, Y: 21.786604, Z: -3.622103
465: X: -15.751840, Y: 17.170643, Z: -3.299842
466: X: -19.988579, Y: 13.549740, Z: -6.030524
467: X: -23.190815, Y: 11.894108, Z: -11.082466
468: X: -26.605083, Y: 14.678493, Z: -17.035913
469: X: -25.853710, Y: 18.232702, Z: -22.067873
470: X: -23.192093, Y: 23.089230, Z: -24.869209
471: X: -19.333410, Y: 27.946774, Z: -24.689306
472: X: -15.311592, Y: 31.503763, Z: -21.576372
473: X: -12.204285, Y: 32.807102, Z: -16.364511
474: X: -10.844082, Y: 31.507566, Z: -10.450242
475: X: -11.595454, Y: 27.953362, Z: -5.418284
476: X: -14.257070, Y: 23.096838, Z: -2.616946
477: X: -18.115749, Y: 18.239290, Z: -2.796846
478: X: -22.137568, Y: 14.682299, Z: -5.909777
479: X: -25.244877, Y: 13.378955, Z: -11.121634
480: X: -28.835976, Y: 16.565550, Z: -16.766682
481: X: -28.416998, Y: 20.756721, Z: -21.324762
482: X: -26.143888, Y: 26.096518, Z: -23.524105
483: X: -22.625732, Y: 31.154140, Z: -22.775404
484: X: -18.805216, Y: 34.574409, Z: -19.279268
485: X: -15.706041, Y: 35.440865, Z: -13.972488
486: X: -14.158630, Y: 33.521339, Z: -8.277009
487: X: -14.577613, Y: 29.330172, Z: -3.718930
488: X: -16.850716, Y: 23.990377, Z: -1.519584
489: X: -20.368872, Y: 18.932753, Z: -2.268283
490: X: -24.189388, Y: 15.512481, Z: -5.764415
491: X: -27.288563, Y: 14.646022, Z: -11.071194
492: X: -31.224098, Y: 18.215582, Z: -16.155275
493: X: -31.340691, Y: 23.020599, Z: -20.081568
494: X: -29.607908, Y: 28.792379, Z: -21.565336
495: X: -26.490040, Y: 33.984375, Z: -20.209009
496: X: -22.822523, Y: 37.205402, Z: -16.376011
497: X: -19.588064, Y: 37.592381, Z: -11.093392
498: X: -17.653332, Y: 35.041630, Z: -5.776626
499: X: -17.536737, Y: 30.236614, Z: -1.850333
500: X: -19.269522, Y: 24.464838, Z: -0.366562
501: X: -22.387388, Y: 19.272840, Z: -1.722887
502: X: -26.054905, Y: 16.051813, Z: -5.555882
503: X: -29.289364, Y: 15.664828, Z: -10.838499
504: X: -33.785469, Y: 19.475719, Z: -15.059860
505: X: -34.662609, Y: 24.772224, Z: -18.173576
506: X: -33.625626, Y: 30.855896, Z: -18.830208
507: X: -30.952379, Y: 36.096619, Z: -16.853815
508: X: -27.359165, Y: 39.090149, Z: -12.773970
509: X: -23.808779, Y: 39.034367, Z: -7.683862
510: X: -21.252544, Y: 35.944225, Z: -2.947383
511: X: -20.375404, Y: 30.647724, Z: 0.166333
512: X: -21.412388, Y: 24.564054, Z: 0.822968
513: X: -24.085630, Y: 19.323332, Z: -1.153422
514: X: -27.678846, Y: 16.329800, Z: -5.233266
515: X: -31.229231, Y: 16.385574, Z: -10.323373
516: X: -36.497246, Y: 20.137859, Z: -13.357718
517: X: -38.314423, Y: 25.681654, Z: -15.474738
518: X: -38.084534, Y: 31.877703, Z: -15.203275
519: X: -35.869183, Y: 37.065777, Z: -12.616068
520: X: -32.261971, Y: 39.855743, Z: -8.406356
521: X: -28.229446, Y: 39.500023, Z: -3.702128
522: X: -24.852119, Y: 36.093941, Z: 0.236120
523: X: -23.034946, Y: 30.550146, Z: 2.353141
524: X: -23.264830, Y: 24.354101, Z: 2.081680
525: X: -25.480181, Y: 19.166025, Z: -0.505525
526: X: -29.087391, Y: 16.376059, Z: -4.715235
527: X: -33.119915, Y: 16.731771, Z: -9.419461
528: X: -39.271671, Y: 19.960402, Z: -10.966537
529: X: -42.078548, Y: 25.408180, Z: -11.946688
530: X: -42.666061, Y: 31.455929, Z: -10.682914
531: X: -40.876781, Y: 36.483158, Z: -7.513845
532: X: -37.190147, Y: 39.142826, Z: -3.288628
533: X: -32.593990, Y: 38.722275, Z: 0.860592
534: X: -28.319843, Y: 35.334198, Z: 3.822036
535: X: -25.512966, Y: 29.886419, Z: 4.802186
536: X: -24.925453, Y: 23.838673, Z: 3.538415
537: X: -26.714731, Y: 18.811445, Z: 0.369348
538: X: -30.401363, Y: 16.151772, Z: -3.855868
539: X: -34.997520, Y: 16.572317, Z: -8.005088
540: X: -41.945690, Y: 18.697857, Z: -7.851835
541: X: -45.620380, Y: 23.695587, Z: -7.659766
542: X: -46.908718, Y: 29.336519, Z: -5.415297
543: X: -45.465488, Y: 34.109169, Z: -1.719831
544: X: -41.677410, Y: 36.734711, Z: 2.436434
545: X: -36.559490, Y: 36.509628, Z: 5.939831
546: X: -31.483072, Y: 33.494236, Z: 7.851627
547: X: -27.808382, Y: 28.496508, Z: 7.659560
548: X: -26.520046, Y: 22.855576, Z: 5.415092
549: X: -27.963274, Y: 18.082930, Z: 1.719628
550: X: -31.751350, Y: 15.457385, Z: -2.436637
551: X: -36.869270, Y: 15.682464, Z: -5.940034
552: X: -44.281322, Y: 16.141676, Z: -4.042831
553: X: -48.580795, Y: 20.430283, Z: -2.762232
554: X: -50.367039, Y: 25.482944, Z: 0.367864
555: X: -49.161427, Y: 29.945803, Z: 4.508751
556: X: -45.287006, Y: 32.623043, Z: 8.550881
557: X: -39.781921, Y: 32.797295, Z: 11.411168
558: X: -34.121258, Y: 30.421871, Z: 12.323202
559: X: -29.821789, Y: 26.133265, Z: 11.042605
560: X: -28.035543, Y: 21.080603, Z: 7.912510
561: X: -29.241152, Y: 16.617746, Z: 3.771624
562: X: -33.115570, Y: 13.940505, Z: -0.270506
563: X: -38.620655, Y: 13.766251, Z: -3.130795
564: X: -45.983105, Y: 12.178307, Z: 0.343553
565: X: -50.640022, Y: 15.630456, Z: 2.560155
566: X: -52.708401, Y: 20.014576, Z: 6.435572
567: X: -51.634029, Y: 24.155941, Z: 10.931389
568: X: -47.704773, Y: 26.944880, Z: 14.842955
569: X: -41.973484, Y: 27.634094, Z: 17.122168
570: X: -35.975849, Y: 26.038914, Z: 17.158319
571: X: -31.318932, Y: 22.586765, Z: 14.941718
572: X: -29.250547, Y: 18.202648, Z: 11.066303
573: X: -30.324919, Y: 14.061283, Z: 6.570488
574: X: -34.254169, Y: 11.272344, Z: 2.658922
575: X: -39.985458, Y: 10.583126, Z: 0.379705
576: X: -46.742607, Y: 6.855936, Z: 5.085110
577: X: -51.527008, Y: 9.438906, Z: 8.077643
578: X: -53.695404, Y: 13.145420, Z: 12.558422
579: X: -52.666767, Y: 16.982319, Z: 17.326826
580: X: -48.716721, Y: 19.921507, Z: 21.105164
581: X: -42.903675, Y: 21.175436, Z: 22.881031
582: X: -36.785229, Y: 20.408113, Z: 22.178591
583: X: -32.000828, Y: 17.825144, Z: 19.186060
584: X: -29.832426, Y: 14.118632, Z: 14.705282
585: X: -30.861067, Y: 10.281734, Z: 9.936879
586: X: -34.811111, Y: 7.342544, Z: 6.158541
587: X: -40.624157, Y: 6.088614, Z: 4.382669
588: X: -46.308594, Y: 0.428249, Z: 9.865512
589: X: -51.037502, Y: 2.153407, Z: 13.495770
590: X: -53.164474, Y: 5.206560, Z: 18.462843
591: X: -52.119583, Y: 8.769617, Z: 23.435808
592: X: -48.182808, Y: 11.887863, Z: 27.082163
593: X: -42.409004, Y: 13.725763, Z: 28.424870
594: X: -36.345257, Y: 13.790856, Z: 27.104153
595: X: -31.616346, Y: 12.065700, Z: 23.473896
596: X: -29.489376, Y: 9.012548, Z: 18.506826
597: X: -30.534264, Y: 5.449492, Z: 13.533861
598: X: -34.471035, Y: 2.331246, Z: 9.887506
599: X: -40.244839, Y: 0.493343, Z: 8.544795
600: X: -44.559273, Y: -6.649944, Z: 14.316802
601: X: -49.080952, Y: -5.764002, Z: 18.474577
602: X: -51.054482, Y: -3.333575, Z: 23.833288
603: X: -49.951050, Y: -0.009893, Z: 28.957069
604: X: -46.066326, Y: 3.316465, Z: 32.473015
605: X: -40.441227, Y: 5.754204, Z: 33.439022
606: X: -34.582977, Y: 6.650136, Z: 31.596251
607: X: -30.061302, Y: 5.764194, Z: 27.438478
608: X: -28.087774, Y: 3.333769, Z: 22.079769
609: X: -29.191200, Y: 0.010089, Z: 16.955986
610: X: -33.075920, Y: -3.316269, Z: 13.440043
611: X: -38.701023, Y: -5.754010, Z: 12.474033
612: X: -41.549309, Y: -13.792403, Z: 18.089880
613: X: -45.719875, Y: -13.737247, Z: 22.685623
614: X: -47.440487, Y: -11.906165, Z: 28.360498
615: X: -46.250099, Y: -8.789794, Z: 33.593925
616: X: -42.467674, Y: -5.223164, Z: 36.983612
617: X: -37.106716, Y: -2.161950, Z: 37.621296
618: X: -31.603685, Y: -0.426403, Z: 35.336113
619: X: -27.433117, Y: -0.481558, Z: 30.740370
620: X: -25.712507, Y: -2.312639, Z: 25.065496
621: X: -26.902895, Y: -5.429008, Z: 19.832069
622: X: -30.685316, Y: -8.995637, Z: 16.442379
623: X: -36.046272, Y: -12.056852, Z: 15.804691
624: X: -37.503609, Y: -20.409355, Z: 20.933437
625: X: -41.164051, Y: -21.186575, Z: 25.884663
626: X: -42.527687, Y: -19.939539, Z: 31.809439
627: X: -41.229126, Y: -17.002390, Z: 37.120224
628: X: -37.616318, Y: -13.162133, Z: 40.393997
629: X: -32.657314, Y: -9.447765, Z: 40.753559
630: X: -27.680872, Y: -6.854544, Z: 38.102562
631: X: -24.020430, Y: -6.077322, Z: 33.151337
632: X: -22.656794, Y: -7.324357, Z: 27.226564
633: X: -23.955353, Y: -10.261505, Z: 21.915779
634: X: -27.568159, Y: -14.101760, Z: 18.642000
635: X: -32.527164, Y: -17.816130, Z: 18.282436
636: X: -32.752090, Y: -26.039047, Z: 22.742266
637: X: -35.710411, Y: -27.643488, Z: 27.956825
638: X: -36.595516, Y: -26.961006, Z: 34.061607
639: X: -35.170242, Y: -24.174473, Z: 39.420841
640: X: -31.816483, Y: -20.030533, Z: 42.598522
641: X: -27.432886, Y: -15.639562, Z: 42.743191
642: X: -23.194023, Y: -12.178105, Z: 39.816093
643: X: -20.235697, Y: -10.573664, Z: 34.601536
644: X: -19.350590, Y: -11.256145, Z: 28.496756
645: X: -20.775864, Y: -14.042677, Z: 23.137524
646: X: -24.129620, Y: -18.186611, Z: 19.959841
647: X: -28.513220, Y: -22.577587, Z: 19.815165
648: X: -27.632975, Y: -30.425671, Z: 23.554375
649: X: -29.660360, Y: -32.810146, Z: 28.913622
650: X: -29.927473, Y: -32.641518, Z: 35.111828
651: X: -28.362743, Y: -29.964968, Z: 40.488190
652: X: -25.385435, Y: -25.497677, Z: 43.602116
653: X: -21.793322, Y: -20.436653, Z: 43.619228
654: X: -18.548903, Y: -16.137993, Z: 40.534946
655: X: -16.521519, Y: -13.753514, Z: 35.175697
656: X: -16.254404, Y: -13.922142, Z: 28.977495
657: X: -17.819134, Y: -16.598688, Z: 23.601133
658: X: -20.796440, Y: -21.065977, Z: 20.487207
659: X: -24.388552, Y: -26.127003, Z: 20.470091
660: X: -22.439913, Y: -33.498268, Z: 23.505182
661: X: -23.306786, Y: -36.520138, Z: 28.856293
662: X: -22.821880, Y: -36.748928, Z: 35.039341
663: X: -21.115126, Y: -34.123329, Z: 40.397583
664: X: -18.643845, Y: -29.346867, Z: 43.495285
665: X: -16.070217, Y: -23.699396, Z: 43.502419
666: X: -14.083842, Y: -18.694149, Z: 40.417076
667: X: -13.216969, Y: -15.672274, Z: 35.065968
668: X: -13.701874, Y: -15.443483, Z: 28.882921
669: X: -15.408627, Y: -18.069080, Z: 23.524679
670: X: -17.879908, Y: -22.845539, Z: 20.426973
671: X: -20.453535, Y: -28.493011, Z: 20.419834
672: X: -17.367289, Y: -35.338047, Z: 22.780296
673: X: -16.923676, Y: -38.728500, Z: 27.959639
674: X: -15.618690, Y: -39.149822, Z: 34.012493
675: X: -13.801994, Y: -36.489120, Z: 39.317005
676: X: -11.960374, Y: -31.459320, Z: 42.451832
677: X: -10.587290, Y: -25.408163, Z: 42.577000
678: X: -10.050658, Y: -19.957047, Z: 39.658970
679: X: -10.494268, Y: -16.566593, Z: 34.479630
680: X: -11.799254, Y: -16.145267, Z: 28.426779
681: X: -13.615949, Y: -18.805969, Z: 23.122269
682: X: -15.457569, Y: -23.835764, Z: 19.987440
683: X: -16.830656, Y: -29.886921, Z: 19.862267
684: X: -12.525836, Y: -36.097637, Z: 21.569942
685: X: -10.789226, Y: -39.501736, Z: 26.460121
686: X: -8.723313, Y: -39.855095, Z: 32.301758
687: X: -6.881657, Y: -37.063026, Z: 37.529587
688: X: -5.757725, Y: -31.873663, Z: 40.742817
689: X: -5.652678, Y: -25.677492, Z: 41.080467
690: X: -6.594661, Y: -20.134777, Z: 38.452068
691: X: -8.331269, Y: -16.730677, Z: 33.561890
692: X: -10.397182, Y: -16.377319, Z: 27.720259
693: X: -12.238839, Y: -19.169384, Z: 22.492428
694: X: -13.362770, Y: -24.358744, Z: 19.279194
695: X: -13.467819, Y: -30.554911, Z: 18.941536
696: X: -7.968075, Y: -35.947037, Z: 20.044312
697: X: -5.133137, Y: -39.032089, Z: 24.622862
698: X: -2.494793, Y: -39.083488, Z: 30.240162
699: X: -0.759985, Y: -36.087452, Z: 35.391064
700: X: -0.393554, Y: -30.846773, Z: 38.695385
701: X: -1.493682, Y: -24.765680, Z: 39.267735
702: X: -3.765593, Y: -19.473606, Z: 36.954758
703: X: -6.600529, Y: -16.388546, Z: 32.376209
704: X: -9.238872, Y: -16.337147, Z: 26.758913
705: X: -10.973682, Y: -19.333179, Z: 21.608013
706: X: -11.340116, Y: -24.573858, Z: 18.303690
707: X: -10.239987, Y: -30.654947, Z: 17.731333
708: X: -3.715600, Y: -35.043552, Z: 18.341961
709: X: -0.070462, Y: -37.586903, Z: 22.673460
710: X: 2.889592, Y: -37.194088, Z: 28.114172
711: X: 4.371417, Y: -33.970367, Z: 33.206261
712: X: 3.977959, Y: -28.779531, Z: 36.585308
713: X: 1.814647, Y: -23.012459, Z: 37.345894
714: X: -1.538864, Y: -18.214436, Z: 35.284229
715: X: -5.184001, Y: -15.671082, Z: 30.952734
716: X: -8.144055, Y: -16.063892, Z: 25.512026
717: X: -9.625880, Y: -19.287611, Z: 20.419935
718: X: -9.232425, Y: -24.478447, Z: 17.040888
719: X: -7.069115, Y: -30.245518, Z: 16.280296
720: X: 0.197630, Y: -33.521751, Z: 16.565813
721: X: 4.361026, Y: -35.433552, Z: 20.752544
722: X: 7.407053, Y: -34.561443, Z: 26.089088
723: X: 8.519527, Y: -31.139107, Z: 31.145523
724: X: 7.400366, Y: -26.083549, Z: 34.566982
725: X: 4.349446, Y: -20.749411, Z: 35.436687
726: X: 0.184259, Y: -16.565966, Z: 33.521606
727: X: -3.979136, Y: -14.654164, Z: 29.334879
728: X: -7.025162, Y: -15.526274, Z: 23.998335
729: X: -8.137640, Y: -18.948610, Z: 18.941900
730: X: -7.018480, Y: -24.004164, Z: 15.520439
731: X: -3.967562, Y: -29.338303, Z: 14.650728
732: X: 3.736509, Y: -31.506472, Z: 14.782104
733: X: 8.180569, Y: -32.798840, Z: 18.917036
734: X: 11.138683, Y: -31.490664, Z: 24.213808
735: X: 11.818227, Y: -27.932467, Z: 29.253153
736: X: 10.037119, Y: -23.077662, Z: 32.684784
737: X: 6.272605, Y: -18.227095, Z: 33.589195
738: X: 1.533383, Y: -14.680466, Z: 31.724056
739: X: -2.910676, Y: -13.388095, Z: 27.589125
740: X: -5.868790, Y: -14.696270, Z: 22.292355
741: X: -6.548337, Y: -18.254467, Z: 17.253010
742: X: -4.767231, Y: -23.109268, Z: 13.821378
743: X: -1.002719, Y: -27.959837, Z: 12.916962
744: X: 6.867265, Y: -29.119158, Z: 13.024362
745: X: 11.426243, Y: -29.866940, Z: 17.168526
746: X: 14.198080, Y: -28.207937, Z: 22.467789
747: X: 14.440064, Y: -24.586676, Z: 27.502216
748: X: 12.087357, Y: -19.973471, Z: 30.922840
749: X: 7.770363, Y: -15.604428, Z: 31.813107
750: X: 2.645819, Y: -12.650227, Z: 29.934465
751: X: -1.913159, Y: -11.902444, Z: 25.790304
752: X: -4.684997, Y: -13.561447, Z: 20.491043
753: X: -4.926983, Y: -17.182705, Z: 15.456614
754: X: -2.574278, Y: -21.795908, Z: 12.035990
755: X: 1.742714, Y: -26.164951, Z: 11.145721
756: X: 9.580856, Y: -26.475401, Z: 11.302759
757: X: 14.157054, Y: -26.779062, Z: 15.484117
758: X: 16.709972, Y: -24.863623, Z: 20.806831
759: X: 16.555557, Y: -21.242329, Z: 25.844681
760: X: 13.735186, Y: -16.885498, Z: 29.247782
761: X: 9.004576, Y: -12.960545, Z: 30.104273
762: X: 3.631286, Y: -10.519150, Z: 28.184660
763: X: -0.944911, Y: -10.215490, Z: 24.003304
764: X: -3.497831, Y: -12.130924, Z: 18.680593
765: X: -3.343418, Y: -15.752217, Z: 13.642742
766: X: -0.523050, Y: -20.109045, Z: 10.239641
767: X: 4.207560, Y: -24.034002, Z: 9.383145
768: X: 11.895038, Y: -23.676111, Z: 9.615382
769: X: 16.443655, Y: -23.637083, Z: 13.837480
770: X: 18.791288, Y: -21.548800, Z: 19.189606
771: X: 18.308889, Y: -17.970816, Z: 24.237661
772: X: 15.125716, Y: -13.861848, Z: 27.629026
773: X: 10.094702, Y: -10.322894, Z: 28.454987
774: X: 4.563897, Y: -8.302209, Z: 26.494226
775: X: 0.015279, Y: -8.341238, Z: 22.272131
776: X: -2.332355, Y: -10.429520, Z: 16.920008
777: X: -1.849959, Y: -14.007501, Z: 11.871950
778: X: 1.333210, Y: -18.116467, Z: 8.480583
779: X: 6.364225, Y: -21.655422, Z: 7.654621
780: X: 13.849995, Y: -20.800451, Z: 7.956906
781: X: 18.361303, Y: -20.506701, Z: 12.208889
782: X: 20.543003, Y: -18.309114, Z: 17.587397
783: X: 19.810507, Y: -14.796532, Z: 22.651266
784: X: 16.360086, Y: -10.910145, Z: 26.043634
785: X: 11.116282, Y: -7.691311, Z: 26.855520
786: X: 5.484165, Y: -6.002512, Z: 24.869381
787: X: 0.972856, Y: -6.296261, Z: 20.617401
788: X: -1.208845, Y: -8.493847, Z: 15.238894
789: X: -0.476352, Y: -12.006427, Z: 10.175025
790: X: 2.974065, Y: -15.892813, Z: 6.782655
791: X: 8.217868, Y: -19.111647, Z: 5.970766
792: X: 15.501551, Y: -17.901819, Z: 6.322283
793: X: 19.983963, Y: -17.422043, Z: 10.587884
794: X: 22.046673, Y: -15.157929, Z: 15.985714
795: X: 21.136984, Y: -11.716146, Z: 21.069427
796: X: 17.498640, Y: -8.018918, Z: 24.476851
797: X: 12.106542, Y: -5.056913, Z: 25.294964
798: X: 6.405489, Y: -3.623798, Z: 23.304556
799: X: 1.923077, Y: -4.103574, Z: 19.038958
800: X: -0.139637, Y: -6.367686, Z: 13.641130
801: X: 0.770051, Y: -9.809467, Z: 8.557416
802: X: 4.408389, Y: -13.506696, Z: 5.149992
803: X: 9.800488, Y: -16.468700, Z: 4.331875
804: X: 16.897099, Y: -15.022886, Z: 4.709414
805: X: 21.368811, Y: -14.407097, Z: 8.968776
806: X: 23.361773, Y: -12.099315, Z: 14.374309
807: X: 22.341974, Y: -8.717907, Z: 19.477606
808: X: 18.582666, Y: -5.168919, Z: 22.911243
809: X: 13.091159, Y: -2.403301, Z: 23.755178
810: X: 7.338893, Y: -1.162096, Z: 21.783283
811: X: 2.867182, Y: -1.777884, Z: 17.523924
812: X: 0.874217, Y: -4.085666, Z: 12.118392
813: X: 1.894014, Y: -7.467072, Z: 7.015093
814: X: 5.653316, Y: -11.016059, Z: 3.581455
815: X: 11.144823, Y: -13.781678, Z: 2.737516
816: X: 18.097219, Y: -12.179471, Z: 3.114725
817: X: 22.574673, Y: -11.459332, Z: 7.351629
818: X: 24.536129, Y: -9.116518, Z: 12.753617
819: X: 23.456015, Y: -5.778783, Z: 17.873228
820: X: 19.623747, Y: -2.340472, Z: 21.338671
821: X: 14.066180, Y: 0.277123, Z: 22.221380
822: X: 8.272457, Y: 1.372620, Z: 20.284836
823: X: 3.795002, Y: 0.652482, Z: 16.047935
824: X: 1.833544, Y: -1.690331, Z: 10.645948
825: X: 2.913655, Y: -5.028064, Z: 5.526336
826: X: 6.745920, Y: -8.466376, Z: 2.060891
827: X: 12.303487, Y: -11.083972, Z: 1.178179
828: X: 19.148439, Y: -9.384155, Z: 1.534861
829: X: 23.644857, Y: -8.576508, Z: 5.735751
830: X: 25.603582, Y: -6.195356, Z: 11.121943
831: X: 24.499773, Y: -2.878730, Z: 16.250212
832: X: 20.629196, Y: 0.484685, Z: 19.746443
833: X: 15.028972, Y: 2.993663, Z: 20.673822
834: X: 9.199671, Y: 3.975927, Z: 18.783863
835: X: 4.703251, Y: 3.168279, Z: 14.582974
836: X: 2.744526, Y: 0.787129, Z: 9.196782
837: X: 3.848330, Y: -2.529496, Z: 4.068513
838: X: 7.718904, Y: -5.892910, Z: 0.572281
839: X: 13.319129, Y: -8.401890, Z: -0.355102
840: X: 20.089579, Y: -6.651441, Z: -0.030255
841: X: 24.613157, Y: -5.759807, Z: 4.124235
842: X: 26.588175, Y: -3.324919, Z: 9.480371
843: X: 25.485426, Y: 0.000798, Z: 14.602977
844: X: 21.600395, Y: 3.326221, Z: 18.119461
845: X: 15.974072, Y: 5.760304, Z: 19.087578
846: X: 10.114023, Y: 6.650839, Z: 17.247925
847: X: 5.590445, Y: 5.759207, Z: 13.093437
848: X: 3.615425, Y: 3.324320, Z: 7.737304
849: X: 4.718169, Y: -0.001396, Z: 2.614697
850: X: 8.603197, Y: -3.326819, Z: -0.901787
851: X: 14.229519, Y: -5.760904, Z: -1.869908
852: X: 20.962149, Y: -3.979542, Z: -1.587976
853: X: 25.513857, Y: -2.995520, Z: 2.514610
854: X: 27.511171, Y: -0.484446, Z: 7.827124
855: X: 26.418913, Y: 2.880839, Z: 12.926082
856: X: 22.529749, Y: 6.198610, Z: 16.445225
857: X: 16.885780, Y: 8.579871, Z: 17.441597
858: X: 10.999305, Y: 9.386569, Z: 15.648226
859: X: 6.447596, Y: 8.402547, Z: 11.545642
860: X: 4.450281, Y: 5.891475, Z: 6.233130
861: X: 5.542538, Y: 2.526190, Z: 1.134171
862: X: 9.431699, Y: -0.791580, Z: -2.384973
863: X: 15.075664, Y: -3.172843, Z: -3.381349
864: X: 21.798931, Y: -1.374588, Z: -3.142396
865: X: 26.373108, Y: -0.277595, Z: 0.906193
866: X: 28.387581, Y: 2.341465, Z: 6.159761
867: X: 27.302576, Y: 5.780820, Z: 11.210618
868: X: 23.408815, Y: 9.118896, Z: 14.705391
869: X: 17.749632, Y: 11.461256, Z: 15.707659
870: X: 11.841402, Y: 12.180271, Z: 13.948866
871: X: 7.267225, Y: 11.083280, Z: 9.900279
872: X: 5.252750, Y: 8.464220, Z: 4.646712
873: X: 6.337754, Y: 5.024867, Z: -0.404144
874: X: 10.231509, Y: 1.686792, Z: -3.898920
875: X: 15.890690, Y: -0.655571, Z: -4.901190
876: X: 22.630314, Y: 1.159370, Z: -4.699151
877: X: 27.214203, Y: 2.402629, Z: -0.704175
878: X: 29.228973, Y: 5.170325, Z: 4.472516
879: X: 28.134764, Y: 8.720856, Z: 9.443831
880: X: 24.224770, Y: 12.102862, Z: 12.877713
881: X: 18.546675, Y: 14.410135, Z: 13.854054
882: X: 12.621914, Y: 15.024446, Z: 12.111246
883: X: 8.038025, Y: 13.781189, Z: 8.116272
884: X: 6.023254, Y: 11.013494, Z: 2.939584
885: X: 7.117461, Y: 7.462964, Z: -2.031733
886: X: 11.027451, Y: 4.080958, Z: -5.465616
887: X: 16.705545, Y: 1.773682, Z: -6.441960
888: X: 23.482002, Y: 3.620045, Z: -6.266551
889: X: 28.055870, Y: 5.055772, Z: -2.324982
890: X: 30.042728, Y: 8.020534, Z: 2.752433
891: X: 28.910192, Y: 11.719927, Z: 7.605206
892: X: 24.961729, Y: 15.162703, Z: 10.933041
893: X: 19.255323, Y: 17.426369, Z: 11.844246
894: X: 13.320004, Y: 17.904381, Z: 10.094666
895: X: 8.746134, Y: 16.468657, Z: 6.153100
896: X: 6.759277, Y: 13.503895, Z: 1.075686
897: X: 7.891809, Y: 9.804502, Z: -3.777087
898: X: 11.840271, Y: 6.361728, Z: -7.104923
899: X: 17.546673, Y: 4.098059, Z: -8.016131
900: X: 24.377220, Y: 5.998864, Z: -7.846162
901: X: 28.912827, Y: 7.691261, Z: -3.962655
902: X: 30.830666, Y: 10.913552, Z: 0.982675
903: X: 29.616854, Y: 14.802327, Z: 5.664730
904: X: 25.596632, Y: 18.315592, Z: 8.828958
905: X: 19.847216, Y: 20.511971, Z: 9.627506
906: X: 13.909157, Y: 20.802944, Z: 7.846406
907: X: 9.373550, Y: 19.110550, Z: 3.962899
908: X: 7.455711, Y: 15.888258, Z: -0.982429
909: X: 8.669518, Y: 11.999485, Z: -5.664484
910: X: 12.689736, Y: 8.486219, Z: -8.828713
911: X: 18.439152, Y: 6.289839, Z: -9.627265
912: X: 25.325504, Y: 8.298210, Z: -9.453780
913: X: 29.787937, Y: 10.323401, Z: -5.645519
914: X: 31.586464, Y: 13.866575, Z: -0.878048
915: X: 30.239170, Y: 17.978340, Z: 3.571193
916: X: 26.107065, Y: 21.556953, Z: 6.510033
917: X: 20.297342, Y: 23.643526, Z: 7.151012
918: X: 14.366711, Y: 23.678967, Z: 5.322381
919: X: 9.904278, Y: 21.653778, Z: 1.514122
920: X: 8.105749, Y: 18.110605, Z: -3.253348
921: X: 9.453038, Y: 13.998840, Z: -7.702588
922: X: 13.585141, Y: 10.420227, Z: -10.641431
923: X: 19.394863, Y: 8.333652, Z: -11.282413
924: X: 26.322760, Y: 10.516447, Z: -11.107650
925: X: 30.671009, Y: 12.962239, Z: -7.415985
926: X: 32.293156, Y: 16.890985, Z: -2.893691
927: X: 30.754543, Y: 21.249985, Z: 1.247488
928: X: 26.467443, Y: 24.871244, Z: 3.897926
929: X: 20.580587, Y: 26.784451, Z: 4.347441
930: X: 14.671343, Y: 26.476963, Z: 2.475587
931: X: 10.323093, Y: 24.031170, Z: -1.216075
932: X: 8.700945, Y: 20.102425, Z: -5.738368
933: X: 10.239553, Y: 15.743427, Z: -9.879547
934: X: 14.526649, Y: 12.122166, Z: -12.529987
935: X: 20.413506, Y: 10.208960, Z: -12.979506
936: X: 27.347937, Y: 12.647133, Z: -12.831850
937: X: 31.535118, Y: 15.607866, Z: -9.336264
938: X: 32.919643, Y: 19.982376, Z: -5.157232
939: X: 31.130529, Y: 24.598516, Z: -1.414522
940: X: 26.647167, Y: 28.219395, Z: 0.889009
941: X: 20.670874, Y: 29.874802, Z: 1.136132
942: X: 14.802987, Y: 29.121170, Z: -0.739368
943: X: 10.615806, Y: 26.160437, Z: -4.234953
944: X: 9.231278, Y: 21.785931, Z: -8.413984
945: X: 11.020390, Y: 17.169790, Z: -12.156694
946: X: 15.503748, Y: 13.548910, Z: -14.460226
947: X: 21.480042, Y: 11.893502, Z: -14.707352
948: X: 28.343376, Y: 14.678260, Z: -14.686852
949: X: 32.325108, Y: 18.232876, Z: -11.520139
950: X: 33.419849, Y: 23.089748, Z: -7.814754
951: X: 31.334269, Y: 27.947483, Z: -4.563550
952: X: 26.627192, Y: 31.504452, Z: -2.637686
953: X: 20.559879, Y: 32.807568, Z: -2.553194
954: X: 14.758060, Y: 31.507664, Z: -4.332714
955: X: 10.776328, Y: 27.953049, Z: -7.499425
956: X: 9.681582, Y: 23.096180, Z: -11.204809
957: X: 11.767162, Y: 18.238445, Z: -14.456013
958: X: 16.474236, Y: 14.681475, Z: -16.381880
959: X: 22.541548, Y: 13.378355, Z: -16.466372
960: X: 29.224697, Y: 16.565496, Z: -16.755131
961: X: 32.962757, Y: 20.756546, Z: -14.113239
962: X: 33.731056, Y: 26.096252, Z: -11.044883
963: X: 31.323732, Y: 31.153845, Z: -8.372225
964: X: 26.385826, Y: 34.574146, Z: -6.811401
965: X: 20.240444, Y: 35.440689, Z: -6.780634
966: X: 14.534240, Y: 33.521290, Z: -8.288166
967: X: 10.796182, Y: 29.330238, Z: -10.930057
968: X: 10.027880, Y: 23.990538, Z: -13.998413
969: X: 12.435199, Y: 18.932943, Z: -16.671072
970: X: 17.373102, Y: 15.512640, Z: -18.231897
971: X: 23.518482, Y: 14.646093, Z: -18.262665
972: X: 29.889965, Y: 18.215660, Z: -19.127790
973: X: 33.348274, Y: 23.020937, Z: -17.265806
974: X: 33.766556, Y: 28.792875, Z: -15.023639
975: X: 31.032730, Y: 33.984894, Z: -13.002074
976: X: 25.879326, Y: 37.205791, Z: -11.742789
977: X: 19.687191, Y: 37.592533, Z: -11.583207
978: X: 14.115509, Y: 35.041492, Z: -12.566089
979: X: 10.657199, Y: 30.236214, Z: -14.428071
980: X: 10.238915, Y: 24.464277, Z: -16.670238
981: X: 12.972735, Y: 19.272261, Z: -18.691803
982: X: 18.126139, Y: 16.051361, Z: -19.951090
983: X: 24.318270, Y: 15.664617, Z: -20.110672
984: X: 30.221390, Y: 19.475626, Z: -21.894810
985: X: 33.356625, Y: 24.772028, Z: -21.097319
986: X: 33.406921, Y: 30.855644, Z: -19.870680
987: X: 30.358793, Y: 36.096378, Z: -18.543575
988: X: 25.028990, Y: 39.089973, Z: -17.471596
989: X: 18.845631, Y: 39.034306, Z: -16.941980
990: X: 13.465536, Y: 35.944290, Z: -17.096640
991: X: 10.330300, Y: 30.647890, Z: -17.894129
992: X: 10.280004, Y: 24.564276, Z: -19.120768
993: X: 13.328127, Y: 19.323542, Z: -20.447874
994: X: 18.657925, Y: 16.329943, Z: -21.519852
995: X: 24.841286, Y: 16.385605, Z: -22.049467
996: X: 30.102503, Y: 20.137236, Z: -25.095570
997: X: 32.845051, Y: 25.680836, Z: -25.609837
998: X: 32.495655, Y: 31.876911, Z: -25.545391
999: X: 29.147932, Y: 37.065224, Z: -24.919500
1000: X: 23.698910, Y: 39.855572, Z: -23.899868
1001: X: 17.608643, Y: 39.500278, Z: -22.759705
1002: X: 12.509016, Y: 36.094555, Z: -21.804518
1003: X: 9.766468, Y: 30.550953, Z: -21.290249
1004: X: 10.115863, Y: 24.354883, Z: -21.354694
1005: X: 13.463581, Y: 19.166569, Z: -21.980587
1006: X: 18.912603, Y: 16.376219, Z: -23.000219
1007: X: 25.002871, Y: 16.731504, Z: -24.140381
1008: X: 29.419901, Y: 19.960583, Z: -28.692122
1009: X: 31.672024, Y: 25.408314, Z: -30.633183
1010: X: 30.871166, Y: 31.455986, Z: -31.774168
1011: X: 27.231915, Y: 36.483128, Z: -31.809351
1012: X: 21.729406, Y: 39.142723, Z: -30.729307
1013: X: 15.838030, Y: 38.722134, Z: -28.823433
1014: X: 11.136381, Y: 35.334061, Z: -26.602404
1015: X: 8.884255, Y: 29.886328, Z: -24.661345
1016: X: 9.685113, Y: 23.838657, Z: -23.520361
1017: X: 13.324362, Y: 18.811516, Z: -23.485174
1018: X: 18.826870, Y: 16.151918, Z: -24.565218
1019: X: 24.718243, Y: 16.572502, Z: -26.471092
1020: X: 28.060602, Y: 18.699350, Z: -32.563618
1021: X: 29.730766, Y: 23.696527, Z: -35.843304
1022: X: 28.430206, Y: 29.336662, Z: -38.082718
1023: X: 24.507410, Y: 34.108486, Z: -38.681812
1024: X: 19.013483, Y: 36.733391, Z: -37.480057
1025: X: 13.420526, Y: 36.508041, Z: -34.799465
1026: X: 9.227160, Y: 33.492813, Z: -31.358299
1027: X: 7.556998, Y: 28.495636, Z: -28.078613
1028: X: 8.857555, Y: 22.855503, Z: -25.839199
1029: X: 12.780350, Y: 18.083679, Z: -25.240107
1030: X: 18.274273, Y: 15.458770, Z: -26.441858
1031: X: 23.867233, Y: 15.684120, Z: -29.122450
1032: X: 25.928102, Y: 16.141235, Z: -36.493221
1033: X: 26.969091, Y: 20.430164, Z: -40.856586
1034: X: 25.151775, Y: 25.483181, Z: -43.968170
1035: X: 20.963095, Y: 29.946335, Z: -44.994213
1036: X: 15.525405, Y: 32.623726, Z: -43.659798
1037: X: 10.295732, Y: 32.797951, Z: -40.322475
1038: X: 6.675362, Y: 30.422327, Z: -35.876480
1039: X: 5.634371, Y: 26.133398, Z: -31.513111
1040: X: 7.451687, Y: 21.080383, Z: -28.401531
1041: X: 11.640366, Y: 16.617229, Z: -27.375486
1042: X: 17.078054, Y: 13.939836, Z: -28.709900
1043: X: 22.307724, Y: 13.765608, Z: -32.047218
1044: X: 22.979471, Y: 12.176707, Z: -40.160892
1045: X: 23.388807, Y: 15.629545, Z: -45.301701
1046: X: 21.067471, Y: 20.014591, Z: -49.030014
1047: X: 16.637457, Y: 24.156876, Z: -50.346832
1048: X: 11.285786, Y: 26.946474, Z: -48.899315
1049: X: 6.446434, Y: 27.635921, Z: -45.075329
1050: X: 3.416102, Y: 26.040474, Z: -39.899502
1051: X: 3.006763, Y: 22.587637, Z: -34.758694
1052: X: 5.328100, Y: 18.202593, Z: -31.030382
1053: X: 9.758112, Y: 14.060308, Z: -29.713564
1054: X: 15.109782, Y: 11.270707, Z: -31.161076
1055: X: 19.949133, Y: 10.581260, Z: -34.985062
1056: X: 19.254477, Y: 6.856565, Z: -43.188015
1057: X: 19.055025, Y: 9.439460, Z: -48.827732
1058: X: 16.258604, Y: 13.145741, Z: -52.946114
1059: X: 11.614508, Y: 16.982319, Z: -54.439632
1060: X: 6.367119, Y: 19.921181, Z: -52.908112
1061: X: 1.922472, Y: 21.174860, Z: -48.761913
1062: X: -0.528493, Y: 20.407440, Z: -43.112015
1063: X: -0.329044, Y: 17.824547, Z: -37.472298
1064: X: 2.467376, Y: 14.118265, Z: -33.353916
1065: X: 7.111471, Y: 10.281690, Z: -31.860394
1066: X: 12.358858, Y: 7.342827, Z: -33.391911
1067: X: 16.803503, Y: 6.089145, Z: -37.538105
1068: X: 14.898293, Y: 0.430059, Z: -45.202229
1069: X: 14.118510, Y: 2.154669, Z: -51.112831
1070: X: 10.879801, Y: 5.206924, Z: -55.438576
1071: X: 6.049973, Y: 8.768974, Z: -57.020382
1072: X: 0.923174, Y: 11.886371, Z: -55.434406
1073: X: -3.126873, Y: 13.723811, Z: -51.105610
1074: X: -5.014962, Y: 13.788955, Z: -45.193890
1075: X: -4.235182, Y: 12.064345, Z: -39.283287
1076: X: -0.996475, Y: 9.012092, Z: -34.957546
1077: X: 3.833352, Y: 5.450043, Z: -33.375736
1078: X: 8.960151, Y: 2.332644, Z: -34.961708
1079: X: 13.010200, Y: 0.495203, Z: -39.290504
1080: X: 10.167055, Y: -6.650630, Z: -45.913326
1081: X: 8.827121, Y: -5.764738, Z: -51.908100
1082: X: 5.173184, Y: -3.334194, Z: -56.296581
1083: X: 0.184312, Y: -0.010261, Z: -57.902878
1084: X: -4.802729, Y: 3.316417, Z: -56.296581
1085: X: -8.451666, Y: 5.754458, Z: -51.908104
1086: X: -9.784772, Y: 6.650592, Z: -45.913326
1087: X: -8.444840, Y: 5.764700, Z: -39.918552
1088: X: -4.790905, Y: 3.334158, Z: -35.530075
1089: X: 0.197965, Y: 0.010226, Z: -33.923775
1090: X: 5.185007, Y: -3.316452, Z: -35.530067
1091: X: 8.833945, Y: -5.754494, Z: -39.918545
1092: X: 5.393659, Y: -13.794335, Z: -45.192726
1093: X: 3.498936, Y: -13.739182, Z: -51.102421
1094: X: -0.555008, Y: -11.907626, Z: -55.430065
1095: X: -5.681923, Y: -8.790430, Z: -57.016064
1096: X: -10.508055, Y: -5.222846, Z: -55.435452
1097: X: -13.740247, Y: -2.160804, Z: -51.111752
1098: X: -14.512436, Y: -0.424775, Z: -45.203495
1099: X: -12.617714, Y: -0.479927, Z: -39.293797
1100: X: -8.563771, Y: -2.311482, Z: -34.966156
1101: X: -3.436858, Y: -5.428677, Z: -33.380157
1102: X: 1.389274, Y: -8.996261, Z: -34.960766
1103: X: 4.621468, Y: -12.058303, Z: -39.284462
1104: X: 0.909742, Y: -20.408991, Z: -43.111431
1105: X: -1.547976, Y: -21.186274, Z: -48.757050
1106: X: -5.997294, Y: -19.939419, Z: -52.900291
1107: X: -11.246021, Y: -17.002518, Z: -54.430981
1108: X: -15.887768, Y: -13.162509, Z: -52.938972
1109: X: -18.678778, Y: -9.448324, Z: -48.824043
1110: X: -18.871206, Y: -6.855174, Z: -43.188789
1111: X: -16.413488, Y: -6.077888, Z: -37.543179
1112: X: -11.964173, Y: -7.324743, Z: -33.399933
1113: X: -6.715446, Y: -10.261643, Z: -31.869238
1114: X: -2.073700, Y: -14.101649, Z: -33.361244
1115: X: 0.717313, Y: -17.815834, Z: -37.476170
1116: X: -3.032557, Y: -26.038773, Z: -39.900928
1117: X: -6.069177, Y: -27.642996, Z: -45.070354
1118: X: -10.913483, Y: -26.960470, Z: -48.889313
1119: X: -16.267445, Y: -24.174068, Z: -50.334511
1120: X: -20.696476, Y: -20.030407, Z: -49.018711
1121: X: -23.013821, Y: -15.639783, Z: -45.294483
1122: X: -22.598545, Y: -12.178653, Z: -40.159733
1123: X: -19.561928, Y: -10.574428, Z: -34.990307
1124: X: -14.717626, Y: -11.256956, Z: -31.171350
1125: X: -9.363663, Y: -14.043356, Z: -29.726152
1126: X: -4.934631, Y: -18.187014, Z: -31.041946
1127: X: -2.617285, Y: -22.577637, Z: -34.766171
1128: X: -6.295432, Y: -30.425438, Z: -35.873726
1129: X: -9.922800, Y: -32.809719, Z: -40.309372
1130: X: -15.156985, Y: -32.641041, Z: -43.639896
1131: X: -20.595493, Y: -29.964602, Z: -44.972889
1132: X: -24.781076, Y: -25.497551, Z: -43.951176
1133: X: -26.592216, Y: -20.436836, Z: -40.848518
1134: X: -25.543615, Y: -16.138466, Z: -36.496281
1135: X: -21.916250, Y: -13.754186, Z: -32.060631
1136: X: -16.682066, Y: -13.922863, Z: -28.730106
1137: X: -11.243560, Y: -16.599298, Z: -27.397114
1138: X: -7.057973, Y: -21.066347, Z: -28.418827
1139: X: -5.246832, Y: -26.127060, Z: -31.521479
1140: X: -8.850762, Y: -33.499672, Z: -31.349697
1141: X: -13.052013, Y: -36.521721, Z: -34.775227
1142: X: -18.649193, Y: -36.750290, Z: -37.446720
1143: X: -24.142546, Y: -34.124134, Z: -38.648350
1144: X: -28.060131, Y: -29.346922, Z: -38.058140
1145: X: -29.352236, Y: -23.698709, Z: -35.834240
1146: X: -27.672638, Y: -18.692932, Z: -32.572540
1147: X: -23.471390, Y: -15.670879, Z: -29.147013
1148: X: -17.874208, Y: -15.442308, Z: -26.475521
1149: X: -12.380857, Y: -18.068464, Z: -25.273890
1150: X: -8.463272, Y: -22.845673, Z: -25.864096
1151: X: -7.171165, Y: -28.493879, Z: -28.087994
1152: X: -10.757792, Y: -35.337746, Z: -26.596539
1153: X: -15.464857, Y: -38.728226, Z: -28.802380
1154: X: -21.359240, Y: -39.149658, Z: -30.698750
1155: X: -26.861542, Y: -36.489117, Z: -31.777519
1156: X: -30.497429, Y: -31.459496, Z: -31.749630
1157: X: -31.292665, Y: -25.408474, Z: -30.622559
1158: X: -29.034172, Y: -19.957420, Z: -28.698299
1159: X: -24.327108, Y: -16.566940, Z: -26.492460
1160: X: -18.432728, Y: -16.145506, Z: -24.596088
1161: X: -12.930424, Y: -18.806046, Z: -23.517321
1162: X: -9.294538, Y: -23.835665, Z: -23.545208
1163: X: -8.499296, Y: -29.886683, Z: -24.672277
1164: X: -12.129068, Y: -36.096462, Z: -21.800758
1165: X: -17.231718, Y: -39.501240, Z: -22.743097
1166: X: -23.323610, Y: -39.855404, Z: -23.874899
1167: X: -28.772425, Y: -37.064056, Z: -24.892904
1168: X: -32.118156, Y: -31.875134, Z: -25.524334
1169: X: -32.464325, Y: -25.679008, Z: -25.600000
1170: X: -29.718170, Y: -20.135923, Z: -25.099628
1171: X: -24.615522, Y: -16.731144, Z: -24.157291
1172: X: -18.523630, Y: -16.376978, Z: -23.025488
1173: X: -13.074815, Y: -19.168324, Z: -22.007484
1174: X: -9.729078, Y: -24.357243, Z: -21.376053
1175: X: -9.382910, Y: -30.553366, Z: -21.300386
1176: X: -13.088627, Y: -35.947166, Z: -17.087360
1177: X: -18.471395, Y: -39.031910, Z: -16.920898
1178: X: -24.655319, Y: -39.083031, Z: -17.444397
1179: X: -29.983414, Y: -36.086834, Z: -18.517586
1180: X: -33.028027, Y: -30.846146, Z: -19.852901
1181: X: -32.973358, Y: -24.765205, Z: -21.092552
1182: X: -29.834051, Y: -19.473396, Z: -21.904371
1183: X: -24.451283, Y: -16.388653, Z: -22.070833
1184: X: -18.267363, Y: -16.337528, Z: -21.547335
1185: X: -12.939264, Y: -19.333725, Z: -20.474148
1186: X: -9.894648, Y: -24.574409, Z: -19.138828
1187: X: -9.949316, Y: -30.655348, Z: -17.899179
1188: X: -13.740864, Y: -35.043636, Z: -12.552913
1189: X: -19.314816, Y: -37.586525, Z: -11.561787
1190: X: -25.506605, Y: -37.193333, Z: -11.718898
1191: X: -30.657150, Y: -33.969418, Z: -12.982148
1192: X: -33.386364, Y: -28.778620, Z: -15.013053
1193: X: -32.962955, Y: -23.011814, Z: -17.267429
1194: X: -29.500381, Y: -18.214211, Z: -19.141224
1195: X: -23.926432, Y: -15.671319, Z: -20.132351
1196: X: -17.734642, Y: -16.064508, Z: -19.975241
1197: X: -12.584098, Y: -19.288424, Z: -18.711990
1198: X: -9.854880, Y: -24.479218, Z: -16.681086
1199: X: -10.278284, Y: -30.246021, Z: -14.426709
1200: X: -14.158784, Y: -33.521648, Z: -8.276765
1201: X: -19.866329, Y: -35.433296, Z: -6.764455
1202: X: -26.010910, Y: -34.561073, Z: -6.794812
1203: X: -30.946087, Y: -31.138693, Z: -8.359702
1204: X: -33.349487, Y: -26.083176, Z: -11.039814
1205: X: -32.577118, Y: -20.749153, Z: -14.117012
1206: X: -28.835939, Y: -16.565859, Z: -16.766766
1207: X: -23.128397, Y: -14.654214, Z: -18.279076
1208: X: -16.983818, Y: -15.526434, Z: -18.248720
1209: X: -12.048638, Y: -18.948812, Z: -16.683830
1210: X: -9.645236, Y: -24.004324, Z: -14.003721
1211: X: -10.417601, Y: -29.338350, Z: -10.926522
1212: X: -14.383653, Y: -31.506260, Z: -4.319860
1213: X: -20.186724, Y: -32.798454, Z: -2.538804
1214: X: -26.252892, Y: -31.490166, Z: -2.625643
1215: X: -30.956734, Y: -27.931955, Z: -4.557110
1216: X: -33.037857, Y: -23.077240, Z: -7.815672
1217: X: -31.938625, Y: -18.226837, Z: -11.528194
1218: X: -27.953585, Y: -14.680408, Z: -14.699916
1219: X: -22.150518, Y: -13.388217, Z: -16.480974
1220: X: -16.084349, Y: -14.696500, Z: -16.394135
1221: X: -11.380507, Y: -18.254709, Z: -14.462669
1222: X: -9.299379, Y: -23.109423, Z: -11.204110
1223: X: -10.398604, Y: -27.959824, Z: -7.491586
1224: X: -14.427938, Y: -29.118313, Z: -0.727747
1225: X: -20.296675, Y: -29.865160, Z: 1.147803
1226: X: -26.271708, Y: -28.205656, Z: 0.897576
1227: X: -30.752026, Y: -24.584465, Z: -1.411381
1228: X: -32.537132, Y: -19.971882, Z: -5.160382
1229: X: -31.148716, Y: -15.603847, Z: -9.344887
1230: X: -26.958794, Y: -12.650765, Z: -12.843662
1231: X: -21.090059, Y: -11.903918, Z: -14.719213
1232: X: -15.115030, Y: -13.563419, Z: -14.468987
1233: X: -10.634709, Y: -17.184608, Z: -12.160032
1234: X: -8.849599, Y: -21.797192, Z: -8.411033
1235: X: -10.238013, Y: -26.165228, Z: -4.226528
1236: X: -14.291411, Y: -26.475822, Z: 2.479145
1237: X: -20.200523, Y: -26.779995, Z: 4.351963
1238: X: -26.086706, Y: -24.864767, Z: 3.902175
1239: X: -30.372765, Y: -21.243328, Z: 1.250302
1240: X: -31.910252, Y: -16.886036, Z: -2.893089
1241: X: -30.287197, Y: -12.960424, Z: -7.417778
1242: X: -25.938503, Y: -10.518357, Z: -11.111381
1243: X: -20.029394, Y: -10.214185, Z: -12.984199
1244: X: -14.143212, Y: -12.129410, Z: -12.534412
1245: X: -9.857153, Y: -15.750847, Z: -9.882541
1246: X: -8.319662, Y: -20.108139, Z: -5.739153
1247: X: -9.942711, Y: -24.033751, Z: -1.214463
1248: X: -13.989570, Y: -23.674389, Z: 5.331134
1249: X: -19.920586, Y: -23.634558, Z: 7.158432
1250: X: -25.729263, Y: -21.546095, Z: 6.514112
1251: X: -29.859173, Y: -17.968605, Z: 3.570821
1252: X: -31.203705, Y: -13.860670, Z: -0.882791
1253: X: -29.402599, Y: -10.323012, Z: -5.653380
1254: X: -24.938457, Y: -8.303538, Z: -9.462671
1255: X: -19.007444, Y: -8.343369, Z: -11.289969
1256: X: -13.198766, Y: -10.431828, Z: -10.645653
1257: X: -9.068857, Y: -14.009317, Z: -7.702363
1258: X: -7.724320, Y: -18.117252, Z: -3.248753
1259: X: -9.525422, Y: -21.654911, Z: 1.521836
1260: X: -13.530790, Y: -20.798037, Z: 7.853816
1261: X: -19.469107, Y: -20.503731, Z: 9.633515
1262: X: -25.217712, Y: -18.306330, Z: 8.831940
1263: X: -29.236271, Y: -14.794623, Z: 5.663870
1264: X: -30.448013, Y: -10.909572, Z: 0.978189
1265: X: -28.528255, Y: -7.692172, Z: -3.969579
1266: X: -23.991394, Y: -6.004521, Z: -7.853683
1267: X: -18.053080, Y: -6.298826, Z: -9.633383
1268: X: -12.304475, Y: -8.496225, Z: -8.831809
1269: X: -8.285915, Y: -12.007931, Z: -5.663743
1270: X: -7.074170, Y: -15.892982, Z: -0.978063
1271: X: -8.993924, Y: -19.110382, Z: 3.969704
1272: X: -12.937824, Y: -17.904903, Z: 10.094418
1273: X: -18.872826, Y: -17.425869, Z: 11.844805
1274: X: -24.579018, Y: -15.161404, Z: 10.934244
1275: X: -28.527431, Y: -11.718272, Z: 7.606722
1276: X: -29.660097, Y: -8.019058, Z: 2.753842
1277: X: -27.673512, Y: -5.054965, Z: -2.324068
1278: X: -23.099985, Y: -3.620215, Z: -6.266387
1279: X: -17.164988, Y: -4.099251, Z: -8.016775
1280: X: -11.458796, Y: -6.363714, Z: -7.106217
1281: X: -7.510379, Y: -9.806844, Z: -3.778696
1282: X: -6.377710, Y: -13.506056, Z: 1.074182
1283: X: -8.364291, Y: -16.470152, Z: 6.152092
1284: X: -12.240000, Y: -15.024052, Z: 12.111923
1285: X: -18.164484, Y: -14.408512, Z: 13.855245
1286: X: -23.842329, Y: -12.100533, Z: 12.879087
1287: X: -27.752157, Y: -8.718535, Z: 9.445013
1288: X: -28.846338, Y: -5.168721, Z: 4.473179
1289: X: -26.831686, Y: -2.402261, Z: -0.704216
1290: X: -22.248024, Y: -1.160425, Z: -4.699893
1291: X: -16.323544, Y: -1.775962, Z: -6.443214
1292: X: -10.645700, Y: -4.083940, Z: -5.467059
1293: X: -6.735868, Y: -7.465937, Z: -2.032986
1294: X: -5.641684, Y: -11.015752, Z: 2.938846
1295: X: -7.656332, Y: -13.782213, Z: 8.116241
1296: X: -11.459282, Y: -12.180811, Z: 13.948669
1297: X: -17.367125, Y: -11.460560, Z: 15.708276
1298: X: -23.026024, Y: -9.117236, Z: 14.706649
1299: X: -26.919682, Y: -5.778732, Z: 11.212173
1300: X: -28.004799, Y: -2.339597, Z: 6.161191
1301: X: -25.990618, Y: 0.278656, Z: 0.907110
1302: X: -21.416838, Y: 1.374469, Z: -3.142245
1303: X: -15.509000, Y: 0.654219, Z: -4.901851
1304: X: -9.850101, Y: -1.689103, Z: -3.900225
1305: X: -5.956440, Y: -5.027606, Z: -0.405753
1306: X: -4.871319, Y: -8.466742, Z: 4.645227
1307: X: -6.885496, Y: -11.084995, Z: 9.899309
1308: X: -10.616695, Y: -9.383314, Z: 15.650700
1309: X: -16.503002, Y: -8.575667, Z: 17.444197
1310: X: -22.146982, Y: -6.194669, Z: 16.447248
1311: X: -26.036331, Y: -2.878306, Z: 12.926987
1312: X: -27.128904, Y: 0.484804, Z: 7.826660
1313: X: -25.131947, Y: 2.993518, Z: 2.512900
1314: X: -20.580542, Y: 3.975630, Z: -1.590478
1315: X: -14.694236, Y: 3.167983, Z: -3.383977
1316: X: -9.050258, Y: 0.786986, Z: -2.387031
1317: X: -5.160906, Y: -2.529376, Z: 1.133229
1318: X: -4.068331, Y: -5.892486, Z: 6.233554
1319: X: -6.065285, Y: -8.401201, Z: 11.547315
1320: X: -9.730989, Y: -6.648432, Z: 17.249493
1321: X: -15.590817, Y: -5.757242, Z: 19.089527
1322: X: -21.217230, Y: -3.323412, Z: 18.121267
1323: X: -25.102631, Y: 0.000916, Z: 14.604157
1324: X: -26.205927, Y: 3.324991, Z: 9.480603
1325: X: -24.231499, Y: 5.758129, Z: 4.123458
1326: X: -19.708385, Y: 6.648375, Z: -0.031836
1327: X: -13.848557, Y: 5.757186, Z: -1.871872
1328: X: -8.222148, Y: 3.323358, Z: -0.903614
1329: X: -4.336747, Y: -0.000970, Z: 2.613494
1330: X: -3.233445, Y: -3.325044, Z: 7.737047
1331: X: -5.207872, Y: -5.758184, Z: 13.094193
1332: X: -8.820042, Y: -3.980899, Z: 18.781675
1333: X: -14.648789, Y: -2.996551, Z: 20.672260
1334: X: -20.247946, Y: -0.484795, Z: 19.745924
1335: X: -24.117218, Y: 2.881348, Z: 16.250875
1336: X: -25.219837, Y: 6.199922, Z: 11.123610
1337: X: -23.260363, Y: 8.581717, Z: 5.737976
1338: X: -18.763832, Y: 9.388535, Z: 1.537049
1339: X: -12.935084, Y: 8.404188, Z: -0.353537
1340: X: -7.335932, Y: 5.892433, Z: 0.572799
1341: X: -3.466658, Y: 2.526291, Z: 4.067846
1342: X: -2.364034, Y: -0.792282, Z: 9.195109
1343: X: -4.323506, Y: -3.174079, Z: 14.580743
1344: X: -7.889389, Y: -1.371628, Z: 20.285307
1345: X: -13.682761, Y: -0.275484, Z: 22.222532
1346: X: -19.240328, Y: 2.342244, Z: 21.340197
1347: X: -23.072941, Y: 5.780138, Z: 17.874723
1348: X: -24.153654, Y: 9.117018, Z: 12.754679
1349: X: -22.192894, Y: 11.458768, Z: 7.351980
1350: X: -17.716043, Y: 12.177919, Z: 3.114272
1351: X: -11.922672, Y: 11.081776, Z: 1.177045
1352: X: -6.365107, Y: 8.464050, Z: 2.059378
1353: X: -2.532492, Y: 5.026157, Z: 5.524850
1354: X: -1.451775, Y: 1.689277, Z: 10.644891
1355: X: -3.412533, Y: -0.652475, Z: 16.047590
1356: X: -6.956261, Y: 1.162329, Z: 21.783432
1357: X: -12.708027, Y: 2.404582, Z: 23.756132
1358: X: -18.199306, Y: 5.170830, Z: 22.912746
1359: X: -21.958710, Y: 8.719860, Z: 19.479263
1360: X: -22.978910, Y: 12.100713, Z: 14.375679
1361: X: -20.986549, Y: 14.407490, Z: 8.969496
1362: X: -16.515476, Y: 15.022095, Z: 4.709297
1363: X: -10.763711, Y: 13.779842, Z: 2.736597
1364: X: -5.272434, Y: 11.013596, Z: 3.579979
1365: X: -1.513029, Y: 7.464566, Z: 7.013461
1366: X: -0.492824, Y: 4.083713, Z: 12.117043
1367: X: -2.485182, Y: 1.776935, Z: 17.523228
1368: X: -6.031230, Y: 3.617210, Z: 23.303465
1369: X: -11.731494, Y: 5.054575, Z: 25.293066
1370: X: -17.120911, Y: 8.021389, Z: 24.474665
1371: X: -20.755383, Y: 11.722698, Z: 21.067545
1372: X: -21.661062, Y: 15.166739, Z: 15.984644
1373: X: -19.595272, Y: 17.430681, Z: 10.587921
1374: X: -15.111540, Y: 17.907907, Z: 6.323424
1375: X: -9.411278, Y: 16.470543, Z: 4.333820
1376: X: -4.021865, Y: 13.503730, Z: 5.152221
1377: X: -0.387389, Y: 9.802422, Z: 8.559339
1378: X: 0.518294, Y: 6.358382, Z: 13.642238
1379: X: -1.547492, Y: 4.094437, Z: 19.038961
1380: X: -5.108764, Y: 5.998008, Z: 24.869009
1381: X: -10.739722, Y: 7.691096, Z: 26.854786
1382: X: -15.980874, Y: 10.914211, Z: 26.042744
1383: X: -19.427851, Y: 14.803728, Z: 22.650465
1384: X: -20.157045, Y: 18.317450, Z: 17.586908
1385: X: -17.973066, Y: 20.513878, Z: 12.208854
1386: X: -13.461110, Y: 20.804483, Z: 7.957342
1387: X: -7.830153, Y: 19.111399, Z: 5.971565
1388: X: -2.589003, Y: 15.888282, Z: 6.783607
1389: X: 0.857978, Y: 11.998767, Z: 10.175882
1390: X: 1.587174, Y: 8.485044, Z: 15.239437
1391: X: -0.596802, Y: 6.288615, Z: 20.617493
1392: X: -4.191083, Y: 8.297404, Z: 26.494154
1393: X: -9.720251, Y: 10.323401, Z: 28.454046
1394: X: -14.747567, Y: 13.867472, Z: 27.627481
1395: X: -17.925966, Y: 17.979982, Z: 24.235935
1396: X: -18.403799, Y: 21.558992, Z: 19.188169
1397: X: -16.053030, Y: 23.645506, Z: 13.836733
1398: X: -11.503546, Y: 23.680445, Z: 9.615535
1399: X: -5.974379, Y: 21.654448, Z: 7.655642
1400: X: -0.947063, Y: 18.110380, Z: 8.482205
1401: X: 2.231338, Y: 13.997870, Z: 11.873749
1402: X: 2.709172, Y: 10.418860, Z: 16.921513
1403: X: 0.358406, Y: 8.332345, Z: 22.272949
1404: X: -3.255099, Y: 10.516764, Z: 28.184778
1405: X: -8.626329, Y: 12.962523, Z: 30.104593
1406: X: -13.353833, Y: 16.891251, Z: 29.248234
1407: X: -16.170879, Y: 21.250250, Z: 25.845156
1408: X: -16.322639, Y: 24.871529, Z: 20.807213
1409: X: -13.768456, Y: 26.784765, Z: 15.484320
1410: X: -9.192714, Y: 26.477316, Z: 11.302740
1411: X: -3.821484, Y: 24.031559, Z: 9.382923
1412: X: 0.906019, Y: 20.102833, Z: 10.239284
1413: X: 3.723066, Y: 15.743835, Z: 13.642359
1414: X: 3.874831, Y: 12.122556, Z: 18.680300
1415: X: 1.320648, Y: 10.209315, Z: 24.003193
1416: X: -2.272402, Y: 12.647914, Z: 29.934679
1417: X: -7.393594, Y: 15.607843, Z: 31.813446
1418: X: -11.705786, Y: 19.981640, Z: 30.923233
1419: X: -14.053525, Y: 24.597343, Z: 27.502569
1420: X: -13.807741, Y: 28.218187, Z: 22.468023
1421: X: -11.034291, Y: 29.873960, Z: 17.168596
1422: X: -6.476319, Y: 29.121008, Z: 13.024267
1423: X: -1.355128, Y: 26.161079, Z: 11.145501
1424: X: 2.957063, Y: 21.787287, Z: 12.035714
1425: X: 5.304805, Y: 17.171583, Z: 15.456372
1426: X: 5.059024, Y: 13.550739, Z: 20.490917
1427: X: 2.285577, Y: 11.894961, Z: 25.790344
1428: X: -1.165585, Y: 14.678547, Z: 31.724295
1429: X: -5.898810, Y: 18.233246, Z: 33.589302
1430: X: -9.655075, Y: 23.090181, Z: 32.684742
1431: X: -11.427891, Y: 27.947935, Z: 29.252995
1432: X: -10.742232, Y: 31.504883, Z: 24.213593
1433: X: -7.781825, Y: 32.807934, Z: 18.916842
1434: X: -3.339904, Y: 31.507952, Z: 14.782001
1435: X: 1.393320, Y: 27.953253, Z: 12.916995
1436: X: 5.149585, Y: 23.096321, Z: 13.821552
1437: X: 6.922403, Y: 18.238567, Z: 17.253296
1438: X: 6.236748, Y: 14.681618, Z: 22.292696
1439: X: 3.276342, Y: 13.378560, Z: 27.589447
1440: X: 1.907632, Y: 18.215637, Z: 35.284000
1441: X: 1.907632, Y: 18.215637, Z: 35.284000
1442: X: 0.184386, Y: 16.565588, Z: 33.521530
1443: X: 4.138012, Y: 19.475540, Z: 36.954521
1444: X: 4.138012, Y: 19.475540, Z: 36.954521
1445: X: 1.907632, Y: 18.215637, Z: 35.284000
1446: X: 6.966435, Y: 20.138132, Z: 38.451889
1447: X: 6.966435, Y: 20.138132, Z: 38.451889
1448: X: 4.138012, Y: 19.475540, Z: 36.954521
1449: X: 10.424700, Y: 19.960648, Z: 39.659027
1450: X: 10.424700, Y: 19.960648, Z: 39.659027
1451: X: 6.966435, Y: 20.138132, Z: 38.451889
1452: X: 14.460119, Y: 18.697519, Z: 40.417400
1453: X: 14.460119, Y: 18.697519, Z: 40.417400
1454: X: 10.424700, Y: 19.960648, Z: 39.659027
1455: X: 18.927008, Y: 16.140915, Z: 40.535503
1456: X: 18.927008, Y: 16.140915, Z: 40.535503
1457: X: 14.460119, Y: 18.697519, Z: 40.417400
1458: X: 23.575155, Y: 12.178840, Z: 39.816364
1459: X: 23.575155, Y: 12.178840, Z: 39.816364
1460: X: 18.927008, Y: 16.140915, Z: 40.535503
1461: X: 28.061434, Y: 6.856340, Z: 38.103333
1462: X: 28.061434, Y: 6.856340, Z: 38.103333
1463: X: 23.575155, Y: 12.178840, Z: 39.816364
1464: X: 31.985043, Y: 0.427542, Z: 35.336784
1465: X: 31.985043, Y: 0.427542, Z: 35.336784
1466: X: 28.061434, Y: 6.856340, Z: 38.103333
1467: X: 34.965240, Y: -6.650838, Z: 31.596010
1468: X: 34.965240, Y: -6.650838, Z: 31.596010
1469: X: 31.985043, Y: 0.427542, Z: 35.336784
1470: X: 36.727470, Y: -13.791879, Z: 27.103643
1471: X: 36.727470, Y: -13.791879, Z: 27.103643
1472: X: 34.965240, Y: -6.650838, Z: 31.596010
1473: X: 37.167313, Y: -20.408993, Z: 22.178114
1474: X: 37.167313, Y: -20.408993, Z: 22.178114
1475: X: 36.727470, Y: -13.791879, Z: 27.103643
1476: X: 36.357426, Y: -26.041321, Z: 17.156258
1477: X: 36.357426, Y: -26.041321, Z: 17.156258
1478: X: 37.167313, Y: -20.408993, Z: 22.178114
1479: X: 34.501957, Y: -30.425217, Z: 12.319648
1480: X: 34.501957, Y: -30.425217, Z: 12.319648
1481: X: 36.357426, Y: -26.041321, Z: 17.156258
1482: X: 31.862783, Y: -33.497974, Z: 7.846778
1483: X: 31.862783, Y: -33.497974, Z: 7.846778
1484: X: 34.501957, Y: -30.425217, Z: 12.319648
1485: X: 28.698830, Y: -35.337677, Z: 3.816411
1486: X: 28.698830, Y: -35.337677, Z: 3.816411
1487: X: 31.862783, Y: -33.497974, Z: 7.846778
1488: X: 25.229963, Y: -36.097298, Z: 0.228859
1489: X: 25.229963, Y: -36.097298, Z: 0.228859
1490: X: 28.698830, Y: -35.337677, Z: 3.816411
1491: X: 21.628628, Y: -35.947350, Z: -2.957486
1492: X: 21.628628, Y: -35.947350, Z: -2.957486
1493: X: 25.229963, Y: -36.097298, Z: 0.228859
1494: X: 18.029051, Y: -35.043449, Z: -5.787476
1495: X: 18.029051, Y: -35.043449, Z: -5.787476
1496: X: 21.628628, Y: -35.947350, Z: -2.957486
1497: X: 14.534112, Y: -33.521675, Z: -8.288573
1498: X: 14.534112, Y: -33.521675, Z: -8.288573
1499: X: 18.029051, Y: -35.043449, Z: -5.787476
1500: X: 11.219981, Y: -31.506399, Z: -10.461392
1501: X: 11.219981, Y: -31.506399, Z: -10.461392
1502: X: 14.534112, Y: -33.521675, Z: -8.288573
1503: X: 8.131978, Y: -29.118910, Z: -12.294518
1504: X: 8.131978, Y: -29.118910, Z: -12.294518
1505: X: 11.219981, Y: -31.506399, Z: -10.461392
1506: X: 5.284200, Y: -26.475048, Z: -13.783802
1507: X: 5.284200, Y: -26.475048, Z: -13.783802
1508: X: 8.131978, Y: -29.118910, Z: -12.294518
1509: X: 2.665444, Y: -23.675337, Z: -14.944822
1510: X: 2.665444, Y: -23.675337, Z: -14.944822
1511: X: 5.284200, Y: -26.475048, Z: -13.783802
1512: X: 0.252168, Y: -20.800097, Z: -15.807775
1513: X: 0.252168, Y: -20.800097, Z: -15.807775
1514: X: 2.665444, Y: -23.675337, Z: -14.944822
1515: X: -1.988295, Y: -17.902637, Z: -16.419506
1516: X: -1.988295, Y: -17.902637, Z: -16.419506
1517: X: 0.252168, Y: -20.800097, Z: -15.807775
1518: X: -4.083781, Y: -15.022482, Z: -16.822775
1519: X: -4.083781, Y: -15.022482, Z: -16.822775
1520: X: -1.988295, Y: -17.902637, Z: -16.419506
1521: X: -6.064855, Y: -12.179090, Z: -17.064680
1522: X: -6.064855, Y: -12.179090, Z: -17.064680
1523: X: -4.083781, Y: -15.022482, Z: -16.822775
1524: X: -7.957144, Y: -9.386028, Z: -17.184555
1525: X: -7.957144, Y: -9.386028, Z: -17.184555
1526: X: -6.064855, Y: -12.179090, Z: -17.064680
1527: X: -9.785419, Y: -6.649920, Z: -17.217497
1528: X: -9.785419, Y: -6.649920, Z: -17.217497
1529: X: -7.957144, Y: -9.386028, Z: -17.184555
1530: X: -11.569979, Y: -3.979154, Z: -17.194242
1531: X: -11.569979, Y: -3.979154, Z: -17.194242
1532: X: -9.785419, Y: -6.649920, Z: -17.217497
1533: X: -13.334480, Y: -1.374290, Z: -17.141682
1534: X: -13.334480, Y: -1.374290, Z: -17.141682
1535: X: -11.569979, Y: -3.979154, Z: -17.194242
1536: X: -15.098316, Y: 1.159585, Z: -17.083305
1537: X: -15.098316, Y: 1.159585, Z: -17.083305
1538: X: -13.334480, Y: -1.374290, Z: -17.141682
1539: X: -16.881054, Y: 3.619589, Z: -17.037828
1540: X: -16.881054, Y: 3.619589, Z: -17.037828
1541: X: -15.098316, Y: 1.159585, Z: -17.083305
1542: X: -18.697268, Y: 5.999176, Z: -17.022472
1543: X: -18.697268, Y: 5.999176, Z: -17.022472
1544: X: -16.881054, Y: 3.619589, Z: -17.037828
1545: X: -20.563478, Y: 8.298319, Z: -17.040161
1546: X: -20.563478, Y: 8.298319, Z: -17.040161
1547: X: -18.697268, Y: 5.999176, Z: -17.022472
1548: X: -22.493090, Y: 10.515591, Z: -17.079208
1549: X: -22.493090, Y: 10.515591, Z: -17.079208
1550: X: -20.563478, Y: 8.298319, Z: -17.040161
1551: X: -24.500513, Y: 12.647376, Z: -17.102011
1552: X: -24.500513, Y: 12.647376, Z: -17.102011
1553: X: -22.493090, Y: 10.515591, Z: -17.079208
1554: X: -26.605083, Y: 14.678493, Z: -17.035913
1555: X: -26.605083, Y: 14.678493, Z: -17.035913
1556: X: -24.500513, Y: 12.647376, Z: -17.102011
1557: X: -28.835976, Y: 16.565550, Z: -16.766682
1558: X: -28.835976, Y: 16.565550, Z: -16.766682
1559: X: -26.605083, Y: 14.678493, Z: -17.035913
1560: X: -31.224098, Y: 18.215582, Z: -16.155275
1561: X: -31.224098, Y: 18.215582, Z: -16.155275
1562: X: -28.835976, Y: 16.565550, Z: -16.766682
1563: X: -33.785469, Y: 19.475719, Z: -15.059860
1564: X: -33.785469, Y: 19.475719, Z: -15.059860
1565: X: -31.224098, Y: 18.215582, Z: -16.155275
1566: X: -36.497246, Y: 20.137859, Z: -13.357718
1567: X: -36.497246, Y: 20.137859, Z: -13.357718
1568: X: -33.785469, Y: 19.475719, Z: -15.059860
1569: X: -39.271671, Y: 19.960402, Z: -10.966537
1570: X: -39.271671, Y: 19.960402, Z: -10.966537
1571: X: -36.497246, Y: 20.137859, Z: -13.357718
1572: X: -41.945690, Y: 18.697857, Z: -7.851835
1573: X: -41.945690, Y: 18.697857, Z: -7.851835
1574: X: -39.271671, Y: 19.960402, Z: -10.966537
1575: X: -44.281322, Y: 16.141676, Z: -4.042831
1576: X: -44.281322, Y: 16.141676, Z: -4.042831
1577: X: -41.945690, Y: 18.697857, Z: -7.851835
1578: X: -45.983105, Y: 12.178307, Z: 0.343553
1579: X: -45.983105, Y: 12.178307, Z: 0.343553
1580: X: -44.281322, Y: 16.141676, Z: -4.042831
1581: X: -46.742607, Y: 6.855936, Z: 5.085110
1582: X: -46.742607, Y: 6.855936, Z: 5.085110
1583: X: -45.983105, Y: 12.178307, Z: 0.343553
1584: X: -46.308594, Y: 0.428249, Z: 9.865512
1585: X: -46.308594, Y: 0.428249, Z: 9.865512
1586: X: -46.742607, Y: 6.855936, Z: 5.085110
1587: X: -44.559273, Y: -6.649944, Z: 14.316802
1588: X: -44.559273, Y: -6.649944, Z: 14.316802
1589: X: -46.308594, Y: 0.428249, Z: 9.865512
1590: X: -41.549309, Y: -13.792403, Z: 18.089880
1591: X: -41.549309, Y: -13.792403, Z: 18.089880
1592: X: -44.559273, Y: -6.649944, Z: 14.316802
1593: X: -37.503609, Y: -20.409355, Z: 20.933437
1594: X: -37.503609, Y: -20.409355, Z: 20.933437
1595: X: -41.549309, Y: -13.792403, Z: 18.089880
1596: X: -32.752090, Y: -26.039047, Z: 22.742266
1597: X: -32.752090, Y: -26.039047, Z: 22.742266
1598: X: -37.503609, Y: -20.409355, Z: 20.933437
1599: X: -27.632975, Y: -30.425671, Z: 23.554375
1600: X: -27.632975, Y: -30.425671, Z: 23.554375
1601: X: -32.752090, Y: -26.039047, Z: 22.742266
1602: X: -22.439913, Y: -33.498268, Z: 23.505182
1603: X: -22.439913, Y: -33.498268, Z: 23.505182
1604: X: -27.632975, Y: -30.425671, Z: 23.554375
1605: X: -17.367289, Y: -35.338047, Z: 22.780296
1606: X: -17.367289, Y: -35.338047, Z: 22.780296
1607: X: -22.439913, Y: -33.498268, Z: 23.505182
1608: X: -12.525836, Y: -36.097637, Z: 21.569942
1609: X: -12.525836, Y: -36.097637, Z: 21.569942
1610: X: -17.367289, Y: -35.338047, Z: 22.780296
1611: X: -7.968075, Y: -35.947037, Z: 20.044312
1612: X: -7.968075, Y: -35.947037, Z: 20.044312
1613: X: -12.525836, Y: -36.097637, Z: 21.569942
1614: X: -3.715600, Y: -35.043552, Z: 18.341961
1615: X: -3.715600, Y: -35.043552, Z: 18.341961
1616: X: -7.968075, Y: -35.947037, Z: 20.044312
1617: X: 0.197630, Y: -33.521751, Z: 16.565813
1618: X: 0.197630, Y: -33.521751, Z: 16.565813
1619: X: -3.715600, Y: -35.043552, Z: 18.341961
1620: X: 3.736509, Y: -31.506472, Z: 14.782104
1621: X: 3.736509, Y: -31.506472, Z: 14.782104
1622: X: 0.197630, Y: -33.521751, Z: 16.565813
1623: X: 6.867265, Y: -29.119158, Z: 13.024362
1624: X: 6.867265, Y: -29.119158, Z: 13.024362
1625: X: 3.736509, Y: -31.506472, Z: 14.782104
1626: X: 9.580856, Y: -26.475401, Z: 11.302759
1627: X: 9.580856, Y: -26.475401, Z: 11.302759
1628: X: 6.867265, Y: -29.119158, Z: 13.024362
1629: X: 11.895038, Y: -23.676111, Z: 9.615382
1630: X: 11.895038, Y: -23.676111, Z: 9.615382
1631: X: 9.580856, Y: -26.475401, Z: 11.302759
1632: X: 13.849995, Y: -20.800451, Z: 7.956906
1633: X: 13.849995, Y: -20.800451, Z: 7.956906
1634: X: 11.895038, Y: -23.676111, Z: 9.615382
1635: X: 15.501551, Y: -17.901819, Z: 6.322283
1636: X: 15.501551, Y: -17.901819, Z: 6.322283
1637: X: 13.849995, Y: -20.800451, Z: 7.956906
1638: X: 16.897099, Y: -15.022886, Z: 4.709414
1639: X: 16.897099, Y: -15.022886, Z: 4.709414
1640: X: 15.501551, Y: -17.901819, Z: 6.322283
1641: X: 18.097219, Y: -12.179471, Z: 3.114725
1642: X: 18.097219, Y: -12.179471, Z: 3.114725
1643: X: 16.897099, Y: -15.022886, Z: 4.709414
1644: X: 19.148439, Y: -9.384155, Z: 1.534861
1645: X: 19.148439, Y: -9.384155, Z: 1.534861
1646: X: 18.097219, Y: -12.179471, Z: 3.114725
1647: X: 20.089579, Y: -6.651441, Z: -0.030255
1648: X: 20.089579, Y: -6.651441, Z: -0.030255
1649: X: 19.148439, Y: -9.384155, Z: 1.534861
1650: X: 20.962149, Y: -3.979542, Z: -1.587976
1651: X: 20.962149, Y: -3.979542, Z: -1.587976
1652: X: 20.089579, Y: -6.651441, Z: -0.030255
1653: X: 21.798931, Y: -1.374588, Z: -3.142396
1654: X: 21.798931, Y: -1.374588, Z: -3.142396
1655: X: 20.962149, Y: -3.979542, Z: -1.587976
1656: X: 22.630314, Y: 1.159370, Z: -4.699151
1657: X: 22.630314, Y: 1.159370, Z: -4.699151
1658: X: 21.798931, Y: -1.374588, Z: -3.142396
1659: X: 23.482002, Y: 3.620045, Z: -6.266551
1660: X: 23.482002, Y: 3.620045, Z: -6.266551
1661: X: 22.630314, Y: 1.159370, Z: -4.699151
1662: X: 24.377220, Y: 5.998864, Z: -7.846162
1663: X: 24.377220, Y: 5.998864, Z: -7.846162
1664: X: 23.482002, Y: 3.620045, Z: -6.266551
1665: X: 25.325504, Y: 8.298210, Z: -9.453780
1666: X: 25.325504, Y: 8.298210, Z: -9.453780
1667: X: 24.377220, Y: 5.998864, Z: -7.846162
1668: X: 26.322760, Y: 10.516447, Z: -11.107650
1669: X: 26.322760, Y: 10.516447, Z: -11.107650
1670: X: 25.325504, Y: 8.298210, Z: -9.453780
1671: X: 27.347937, Y: 12.647133, Z: -12.831850
1672: X: 27.347937, Y: 12.647133, Z: -12.831850
1673: X: 26.322760, Y: 10.516447, Z: -11.107650
1674: X: 28.343376, Y: 14.678260, Z: -14.686852
1675: X: 28.343376, Y: 14.678260, Z: -14.686852
1676: X: 27.347937, Y: 12.647133, Z: -12.831850
1677: X: 29.224697, Y: 16.565496, Z: -16.755131
1678: X: 29.224697, Y: 16.565496, Z: -16.755131
1679: X: 28.343376, Y: 14.678260, Z: -14.686852
1680: X: 29.889965, Y: 18.215660, Z: -19.127790
1681: X: 29.889965, Y: 18.215660, Z: -19.127790
1682: X: 29.224697, Y: 16.565496, Z: -16.755131
1683: X: 30.221390, Y: 19.475626, Z: -21.894810
1684: X: 30.221390, Y: 19.475626, Z: -21.894810
1685: X: 29.889965, Y: 18.215660, Z: -19.127790
1686: X: 30.102503, Y: 20.137236, Z: -25.095570
1687: X: 30.102503, Y: 20.137236, Z: -25.095570
1688: X: 30.221390, Y: 19.475626, Z: -21.894810
1689: X: 29.419901, Y: 19.960583, Z: -28.692122
1690: X: 29.419901, Y: 19.960583, Z: -28.692122
1691: X: 30.102503, Y: 20.137236, Z: -25.095570
1692: X: 28.060602, Y: 18.699350, Z: -32.563618
1693: X: 28.060602, Y: 18.699350, Z: -32.563618
1694: X: 29.419901, Y: 19.960583, Z: -28.692122
1695: X: 25.928102, Y: 16.141235, Z: -36.493221
1696: X: 25.928102, Y: 16.141235, Z: -36.493221
1697: X: 28.060602, Y: 18.699350, Z: -32.563618
1698: X: 22.979471, Y: 12.176707, Z: -40.160892
1699: X: 22.979471, Y: 12.176707, Z: -40.160892
1700: X: 25.928102, Y: 16.141235, Z: -36.493221
1701: X: 19.254477, Y: 6.856565, Z: -43.188015
1702: X: 19.254477, Y: 6.856565, Z: -43.188015
1703: X: 22.979471, Y: 12.176707, Z: -40.160892
1704: X: 14.898293, Y: 0.430059, Z: -45.202229
1705: X: 14.898293, Y: 0.430059, Z: -45.202229
1706: X: 19.254477, Y: 6.856565, Z: -43.188015
1707: X: 10.167055, Y: -6.650630, Z: -45.913326
1708: X: 10.167055, Y: -6.650630, Z: -45.913326
1709: X: 14.898293, Y: 0.430059, Z: -45.202229
1710: X: 5.393659, Y: -13.794335, Z: -45.192726
1711: X: 5.393659, Y: -13.794335, Z: -45.192726
1712: X: 10.167055, Y: -6.650630, Z: -45.913326
1713: X: 0.909742, Y: -20.408991, Z: -43.111431
1714: X: 0.909742, Y: -20.408991, Z: -43.111431
1715: X: 5.393659, Y: -13.794335, Z: -45.192726
1716: X: -3.032557, Y: -26.038773, Z: -39.900928
1717: X: -3.032557, Y: -26.038773, Z: -39.900928
1718: X: 0.909742, Y: -20.408991, Z: -43.111431
1719: X: -6.295432, Y: -30.425438, Z: -35.873726
1720: X: -6.295432, Y: -30.425438, Z: -35.873726
1721: X: -3.032557, Y: -26.038773, Z: -39.900928
1722: X: -8.850762, Y: -33.499672, Z: -31.349697
1723: X: -8.850762, Y: -33.499672, Z: -31.349697
1724: X: -6.295432, Y: -30.425438, Z: -35.873726
1725: X: -10.757792, Y: -35.337746, Z: -26.596539
1726: X: -10.757792, Y: -35.337746, Z: -26.596539
1727: X: -8.850762, Y: -33.499672, Z: -31.349697
1728: X: -12.129068, Y: -36.096462, Z: -21.800758
1729: X: -12.129068, Y: -36.096462, Z: -21.800758
1730: X: -10.757792, Y: -35.337746, Z: -26.596539
1731: X: -13.088627, Y: -35.947166, Z: -17.087360
1732: X: -13.088627, Y: -35.947166, Z: -17.087360
1733: X: -12.129068, Y: -36.096462, Z: -21.800758
1734: X: -13.740864, Y: -35.043636, Z: -12.552913
1735: X: -13.740864, Y: -35.043636, Z: -12.552913
1736: X: -13.088627, Y: -35.947166, Z: -17.087360
1737: X: -14.158784, Y: -33.521648, Z: -8.276765
1738: X: -14.158784, Y: -33.521648, Z: -8.276765
1739: X: -13.740864, Y: -35.043636, Z: -12.552913
1740: X: -14.383653, Y: -31.506260, Z: -4.319860
1741: X: -14.383653, Y: -31.506260, Z: -4.319860
1742: X: -14.158784, Y: -33.521648, Z: -8.276765
1743: X: -14.427938, Y: -29.118313, Z: -0.727747
1744: X: -14.427938, Y: -29.118313, Z: -0.727747
1745: X: -14.383653, Y: -31.506260, Z: -4.319860
1746: X: -14.291411, Y: -26.475822, Z: 2.479145
1747: X: -14.291411, Y: -26.475822, Z: 2.479145
1748: X: -14.427938, Y: -29.118313, Z: -0.727747
1749: X: -13.989570, Y: -23.674389, Z: 5.331134
1750: X: -13.989570, Y: -23.674389, Z: 5.331134
1751: X: -14.291411, Y: -26.475822, Z: 2.479145
1752: X: -13.530790, Y: -20.798037, Z: 7.853816
1753: X: -13.530790, Y: -20.798037, Z: 7.853816
1754: X: -13.989570, Y: -23.674389, Z: 5.331134
1755: X: -12.937824, Y: -17.904903, Z: 10.094418
1756: X: -12.937824, Y: -17.904903, Z: 10.094418
1757: X: -13.530790, Y: -20.798037, Z: 7.853816
1758: X: -12.240000, Y: -15.024052, Z: 12.111923
1759: X: -12.240000, Y: -15.024052, Z: 12.111923
1760: X: -12.937824, Y: -17.904903, Z: 10.094418
1761: X: -11.459282, Y: -12.180811, Z: 13.948669
1762: X: -11.459282, Y: -12.180811, Z: 13.948669
1763: X: -12.240000, Y: -15.024052, Z: 12.111923
1764: X: -10.616695, Y: -9.383314, Z: 15.650700
1765: X: -10.616695, Y: -9.383314, Z: 15.650700
1766: X: -11.459282, Y: -12.180811, Z: 13.948669
1767: X: -9.730989, Y: -6.648432, Z: 17.249493
1768: X: -9.730989, Y: -6.648432, Z: 17.249493
1769: X: -10.616695, Y: -9.383314, Z: 15.650700
1770: X: -8.820042, Y: -3.980899, Z: 18.781675
1771: X: -8.820042, Y: -3.980899, Z: 18.781675
1772: X: -9.730989, Y: -6.648432, Z: 17.249493
1773: X: -7.889389, Y: -1.371628, Z: 20.285307
1774: X: -7.889389, Y: -1.371628, Z: 20.285307
1775: X: -8.820042, Y: -3.980899, Z: 18.781675
1776: X: -6.956261, Y: 1.162329, Z: 21.783432
1777: X: -6.956261, Y: 1.162329, Z: 21.783432
1778: X: -7.889389, Y: -1.371628, Z: 20.285307
1779: X: -6.031230, Y: 3.617210, Z: 23.303465
1780: X: -6.031230, Y: 3.617210, Z: 23.303465
1781: X: -6.956261, Y: 1.162329, Z: 21.783432
1782: X: -5.108764, Y: 5.998008, Z: 24.869009
1783: X: -5.108764, Y: 5.998008, Z: 24.869009
1784: X: -6.031230, Y: 3.617210, Z: 23.303465
1785: X: -4.191083, Y: 8.297404, Z: 26.494154
1786: X: -4.191083, Y: 8.297404, Z: 26.494154
1787: X: -5.108764, Y: 5.998008, Z: 24.869009
1788: X: -3.255099, Y: 10.516764, Z: 28.184778
1789: X: -3.255099, Y: 10.516764, Z: 28.184778
1790: X: -4.191083, Y: 8.297404, Z: 26.494154
1791: X: -2.272402, Y: 12.647914, Z: 29.934679
1792: X: -2.272402, Y: 12.647914, Z: 29.934679
1793: X: -3.255099, Y: 10.516764, Z: 28.184778
1794: X: -1.165585, Y: 14.678547, Z: 31.724295
1795: X: -1.165585, Y: 14.678547, Z: 31.724295
1796: X: -2.272402, Y: 12.647914, Z: 29.934679
1797: X: 0.184386, Y: 16.565588, Z: 33.521530
1798: X: -3.972545, Y: 20.756723, Z: 35.437744
1799: X: -3.972545, Y: 20.756723, Z: 35.437744
1800: X: -3.972545, Y: 20.756723, Z: 35.437744
1801: X: -7.013842, Y: 26.096491, Z: 34.568867
1802: X: -7.013842, Y: 26.096491, Z: 34.568867
1803: X: -7.013842, Y: 26.096491, Z: 34.568867
1804: X: -8.124590, Y: 31.154106, Z: 31.147711
1805: X: -8.124590, Y: 31.154106, Z: 31.147711
1806: X: -8.124590, Y: 31.154106, Z: 31.147711
1807: X: -7.007168, Y: 34.574383, Z: 26.090971
1808: X: -7.007168, Y: 34.574383, Z: 26.090971
1809: X: -7.007168, Y: 34.574383, Z: 26.090971
1810: X: -3.960987, Y: 35.440865, Z: 20.753601
1811: X: -3.960987, Y: 35.440865, Z: 20.753601
1812: X: -3.960987, Y: 35.440865, Z: 20.753601
1813: X: 0.197731, Y: 33.521378, Z: 16.565741
1814: X: 0.197731, Y: 33.521378, Z: 16.565741
1815: X: 0.197731, Y: 33.521378, Z: 16.565741
1816: X: 4.354661, Y: 29.330248, Z: 14.649525
1817: X: 4.354661, Y: 29.330248, Z: 14.649525
1818: X: 4.354661, Y: 29.330248, Z: 14.649525
1819: X: 7.395958, Y: 23.990482, Z: 15.518401
1820: X: 7.395958, Y: 23.990482, Z: 15.518401
1821: X: 7.395958, Y: 23.990482, Z: 15.518401
1822: X: 8.506708, Y: 18.932867, Z: 18.939554
1823: X: 8.506708, Y: 18.932867, Z: 18.939554
1824: X: 8.506708, Y: 18.932867, Z: 18.939554
1825: X: 7.389288, Y: 15.512586, Z: 23.996292
1826: X: 7.389288, Y: 15.512586, Z: 23.996292
1827: X: 7.389288, Y: 15.512586, Z: 23.996292
1828: X: 4.343110, Y: 14.646100, Z: 29.333662
1829: X: 4.343110, Y: 14.646100, Z: 29.333662
1830: X: 4.343110, Y: 14.646100, Z: 29.333662
1831: X: 0.184386, Y: 16.565588, Z: 33.521530
1832: X: 0.184386, Y: 16.565588, Z: 33.521530
1833: X: -1.165585, Y: 14.678547, Z: 31.724295
